#
# There is insufficient memory for the Java Runtime Environment to continue.
# Native memory allocation (mmap) failed to map 130023424 bytes for committing reserved memory.
# Possible reasons:
#   The system is out of physical RAM or swap space
#   The process is running with CompressedOops enabled, and the Java Heap may be blocking the growth of the native heap
# Possible solutions:
#   Reduce memory load on the system
#   Increase physical memory or swap space
#   Check if swap backing store is full
#   Decrease Java heap size (-Xmx/-Xms)
#   Decrease number of Java threads
#   Decrease Java thread stack sizes (-Xss)
#   Set larger code cache with -XX:ReservedCodeCacheSize=
# This output file may be truncated or incomplete.
#
#  Out of Memory Error (os_linux.cpp:2839), pid=15485, tid=15486
#
# JRE version:  (11.0.5+10) (build )
# Java VM: OpenJDK 64-Bit Server VM (11.0.5+10-post-Ubuntu-0ubuntu1.118.04, mixed mode, aot, sharing, tiered, compressed oops, g1 gc, linux-amd64)
# Core dump will be written. Default location: Core dumps may be processed with "/usr/share/apport/apport %p %s %c %d %P" (or dumping to /home/hikaru-morita/simblock/original/Simblock/simulator/core.15485)
#

---------------  S U M M A R Y ------------

Command Line: -Dfile.encoding=UTF-8 -Duser.country=JP -Duser.language=ja -Duser.variant SimBlock.simulator.Main

Host: Intel(R) Core(TM) i5-6500 CPU @ 3.20GHz, 4 cores, 7G, Ubuntu 18.04.3 LTS
Time: Thu Jan 23 02:18:33 2020 JST elapsed time: 0 seconds (0d 0h 0m 0s)

---------------  T H R E A D  ---------------

Current thread (0x00007f2714014800):  JavaThread "Unknown thread" [_thread_in_vm, id=15486, stack(0x00007f271cda9000,0x00007f271ceaa000)]

Stack: [0x00007f271cda9000,0x00007f271ceaa000],  sp=0x00007f271cea82c0,  free space=1020k
Native frames: (J=compiled Java code, A=aot compiled Java code, j=interpreted, Vv=VM code, C=native code)
V  [libjvm.so+0xdec067]
V  [libjvm.so+0xdeccbb]
V  [libjvm.so+0x64fc15]
V  [libjvm.so+0xbc77d8]
V  [libjvm.so+0xbbf0fd]
V  [libjvm.so+0x76d91f]
V  [libjvm.so+0x76db8e]
V  [libjvm.so+0x779c00]
V  [libjvm.so+0x7f4f49]
V  [libjvm.so+0x7f5ba2]
V  [libjvm.so+0x7f6009]
V  [libjvm.so+0x72c0df]
V  [libjvm.so+0x72c7cd]
V  [libjvm.so+0xda6892]
V  [libjvm.so+0xda6b26]
V  [libjvm.so+0x815b47]
V  [libjvm.so+0xd7e2c7]
V  [libjvm.so+0x8cf6c1]  JNI_CreateJavaVM+0x51
C  [libjli.so+0x4a66]
C  [libjli.so+0x92cd]


---------------  P R O C E S S  ---------------

Threads class SMR info:
_java_thread_list=0x000055d4bf835120, length=0, elements={
}

Java Threads: ( => current thread )

Other Threads:
  0x00007f271402d800 GCTaskThread "GC Thread#0" [stack: 0x00007f2718d96000,0x00007f2718e96000] [id=15492]
  0x00007f271405e800 ConcurrentGCThread "G1 Main Marker" [stack: 0x00007f27180e6000,0x00007f27181e6000] [id=15493]
  0x00007f2714060000 ConcurrentGCThread "G1 Conc#0" [stack: 0x00007f26fc469000,0x00007f26fc569000] [id=15494]

[error occurred during error reporting (printing all threads), id 0xb, SIGSEGV (0xb) at pc=0x00007f271b3823f0]

VM state:not at safepoint (not fully initialized)

VM Mutex/Monitor currently owned by a thread:  ([mutex/lock_event])
[0x00007f2714011370] Heap_lock - owner thread: 0x00007f2714014800

Heap address: 0x0000000085600000, size: 1962 MB, Compressed Oops mode: Non-zero based: 0x0000000085600000
Narrow klass base: 0x0000000000000000, Narrow klass shift: 0

GC Heap History (0 events):
No events

Deoptimization events (0 events):
No events

Classes redefined (0 events):
No events

Internal exceptions (0 events):
No events

Events (1 events):
Event: 0.040 Protecting memory [0x00007f271cda9000,0x00007f271cdad000] with protection modes 0


Dynamic libraries:
8d200000-100000000 ---p 00000000 00:00 0 
55d4bdc56000-55d4bdc57000 r-xp 00000000 08:01 1837401                    /usr/lib/jvm/java-11-openjdk-amd64/bin/java
55d4bde57000-55d4bde58000 r--p 00001000 08:01 1837401                    /usr/lib/jvm/java-11-openjdk-amd64/bin/java
55d4bde58000-55d4bde59000 rw-p 00002000 08:01 1837401                    /usr/lib/jvm/java-11-openjdk-amd64/bin/java
55d4bf81d000-55d4bf83e000 rw-p 00000000 00:00 0                          [heap]
7f26e8000000-7f26e8021000 rw-p 00000000 00:00 0 
7f26e8021000-7f26ec000000 ---p 00000000 00:00 0 
7f26ee000000-7f26f0000000 rw-p 00000000 00:00 0 
7f26f0000000-7f26f0021000 rw-p 00000000 00:00 0 
7f26f0021000-7f26f4000000 ---p 00000000 00:00 0 
7f26f42b0000-7f26f8000000 ---p 00000000 00:00 0 
7f26f8000000-7f26f8021000 rw-p 00000000 00:00 0 
7f26f8021000-7f26fc000000 ---p 00000000 00:00 0 
7f26fc063000-7f26fc467000 rw-p 00000000 00:00 0 
7f26fc467000-7f26fc468000 ---p 00000000 00:00 0 
7f26fc468000-7f26fc569000 rw-p 00000000 00:00 0 
7f26fc569000-7f26fc93e000 ---p 00000000 00:00 0 
7f26fc93e000-7f26fcbae000 rwxp 00000000 00:00 0 
7f26fcbae000-7f26fcece000 ---p 00000000 00:00 0 
7f26fcece000-7f26fd13e000 rwxp 00000000 00:00 0 
7f26fd13e000-7f2704406000 ---p 00000000 00:00 0 
7f2704406000-7f2704676000 rwxp 00000000 00:00 0 
7f2704676000-7f270b93e000 ---p 00000000 00:00 0 
7f270b93e000-7f2714000000 r--s 00000000 08:01 3541480                    /usr/lib/jvm/java-11-openjdk-amd64/lib/modules
7f2714000000-7f271407b000 rw-p 00000000 00:00 0 
7f271407b000-7f2718000000 ---p 00000000 00:00 0 
7f27180e4000-7f27180e5000 ---p 00000000 00:00 0 
7f27180e5000-7f27181e6000 rw-p 00000000 00:00 0 
7f27181e6000-7f2718990000 ---p 00000000 00:00 0 
7f2718990000-7f2718d94000 rw-p 00000000 00:00 0 
7f2718d94000-7f2718d95000 ---p 00000000 00:00 0 
7f2718d95000-7f2718e9b000 rw-p 00000000 00:00 0 
7f2718e9b000-7f2718f81000 ---p 00000000 00:00 0 
7f2718f81000-7f2718f86000 rw-p 00000000 00:00 0 
7f2718f86000-7f271906c000 ---p 00000000 00:00 0 
7f271906c000-7f2719071000 r-xp 00000000 08:01 3541462                    /usr/lib/jvm/java-11-openjdk-amd64/lib/libjimage.so
7f2719071000-7f2719270000 ---p 00005000 08:01 3541462                    /usr/lib/jvm/java-11-openjdk-amd64/lib/libjimage.so
7f2719270000-7f2719271000 r--p 00004000 08:01 3541462                    /usr/lib/jvm/java-11-openjdk-amd64/lib/libjimage.so
7f2719271000-7f2719272000 rw-p 00005000 08:01 3541462                    /usr/lib/jvm/java-11-openjdk-amd64/lib/libjimage.so
7f2719272000-7f2719279000 r-xp 00000000 08:01 3541479                    /usr/lib/jvm/java-11-openjdk-amd64/lib/libzip.so
7f2719279000-7f2719478000 ---p 00007000 08:01 3541479                    /usr/lib/jvm/java-11-openjdk-amd64/lib/libzip.so
7f2719478000-7f2719479000 r--p 00006000 08:01 3541479                    /usr/lib/jvm/java-11-openjdk-amd64/lib/libzip.so
7f2719479000-7f271947a000 rw-p 00007000 08:01 3541479                    /usr/lib/jvm/java-11-openjdk-amd64/lib/libzip.so
7f271947a000-7f2719485000 r-xp 00000000 08:01 1708774                    /lib/x86_64-linux-gnu/libnss_files-2.27.so
7f2719485000-7f2719684000 ---p 0000b000 08:01 1708774                    /lib/x86_64-linux-gnu/libnss_files-2.27.so
7f2719684000-7f2719685000 r--p 0000a000 08:01 1708774                    /lib/x86_64-linux-gnu/libnss_files-2.27.so
7f2719685000-7f2719686000 rw-p 0000b000 08:01 1708774                    /lib/x86_64-linux-gnu/libnss_files-2.27.so
7f2719686000-7f271968c000 rw-p 00000000 00:00 0 
7f271968c000-7f27196a3000 r-xp 00000000 08:01 1708768                    /lib/x86_64-linux-gnu/libnsl-2.27.so
7f27196a3000-7f27198a2000 ---p 00017000 08:01 1708768                    /lib/x86_64-linux-gnu/libnsl-2.27.so
7f27198a2000-7f27198a3000 r--p 00016000 08:01 1708768                    /lib/x86_64-linux-gnu/libnsl-2.27.so
7f27198a3000-7f27198a4000 rw-p 00017000 08:01 1708768                    /lib/x86_64-linux-gnu/libnsl-2.27.so
7f27198a4000-7f27198a6000 rw-p 00000000 00:00 0 
7f27198a6000-7f27198b1000 r-xp 00000000 08:01 1708785                    /lib/x86_64-linux-gnu/libnss_nis-2.27.so
7f27198b1000-7f2719ab0000 ---p 0000b000 08:01 1708785                    /lib/x86_64-linux-gnu/libnss_nis-2.27.so
7f2719ab0000-7f2719ab1000 r--p 0000a000 08:01 1708785                    /lib/x86_64-linux-gnu/libnss_nis-2.27.so
7f2719ab1000-7f2719ab2000 rw-p 0000b000 08:01 1708785                    /lib/x86_64-linux-gnu/libnss_nis-2.27.so
7f2719ab2000-7f2719aba000 r-xp 00000000 08:01 1708770                    /lib/x86_64-linux-gnu/libnss_compat-2.27.so
7f2719aba000-7f2719cba000 ---p 00008000 08:01 1708770                    /lib/x86_64-linux-gnu/libnss_compat-2.27.so
7f2719cba000-7f2719cbb000 r--p 00008000 08:01 1708770                    /lib/x86_64-linux-gnu/libnss_compat-2.27.so
7f2719cbb000-7f2719cbc000 rw-p 00009000 08:01 1708770                    /lib/x86_64-linux-gnu/libnss_compat-2.27.so
7f2719cbc000-7f2719ce5000 r-xp 00000000 08:01 3541458                    /usr/lib/jvm/java-11-openjdk-amd64/lib/libjava.so
7f2719ce5000-7f2719ee4000 ---p 00029000 08:01 3541458                    /usr/lib/jvm/java-11-openjdk-amd64/lib/libjava.so
7f2719ee4000-7f2719ee5000 r--p 00028000 08:01 3541458                    /usr/lib/jvm/java-11-openjdk-amd64/lib/libjava.so
7f2719ee5000-7f2719ee7000 rw-p 00029000 08:01 3541458                    /usr/lib/jvm/java-11-openjdk-amd64/lib/libjava.so
7f2719ee7000-7f2719ef4000 r-xp 00000000 08:01 3541478                    /usr/lib/jvm/java-11-openjdk-amd64/lib/libverify.so
7f2719ef4000-7f271a0f3000 ---p 0000d000 08:01 3541478                    /usr/lib/jvm/java-11-openjdk-amd64/lib/libverify.so
7f271a0f3000-7f271a0f5000 r--p 0000c000 08:01 3541478                    /usr/lib/jvm/java-11-openjdk-amd64/lib/libverify.so
7f271a0f5000-7f271a0f6000 rw-p 0000e000 08:01 3541478                    /usr/lib/jvm/java-11-openjdk-amd64/lib/libverify.so
7f271a0f6000-7f271a0fd000 r-xp 00000000 08:01 1708825                    /lib/x86_64-linux-gnu/librt-2.27.so
7f271a0fd000-7f271a2fc000 ---p 00007000 08:01 1708825                    /lib/x86_64-linux-gnu/librt-2.27.so
7f271a2fc000-7f271a2fd000 r--p 00006000 08:01 1708825                    /lib/x86_64-linux-gnu/librt-2.27.so
7f271a2fd000-7f271a2fe000 rw-p 00007000 08:01 1708825                    /lib/x86_64-linux-gnu/librt-2.27.so
7f271a2fe000-7f271a315000 r-xp 00000000 08:01 1709445                    /lib/x86_64-linux-gnu/libgcc_s.so.1
7f271a315000-7f271a514000 ---p 00017000 08:01 1709445                    /lib/x86_64-linux-gnu/libgcc_s.so.1
7f271a514000-7f271a515000 r--p 00016000 08:01 1709445                    /lib/x86_64-linux-gnu/libgcc_s.so.1
7f271a515000-7f271a516000 rw-p 00017000 08:01 1709445                    /lib/x86_64-linux-gnu/libgcc_s.so.1
7f271a516000-7f271a6b3000 r-xp 00000000 08:01 1708747                    /lib/x86_64-linux-gnu/libm-2.27.so
7f271a6b3000-7f271a8b2000 ---p 0019d000 08:01 1708747                    /lib/x86_64-linux-gnu/libm-2.27.so
7f271a8b2000-7f271a8b3000 r--p 0019c000 08:01 1708747                    /lib/x86_64-linux-gnu/libm-2.27.so
7f271a8b3000-7f271a8b4000 rw-p 0019d000 08:01 1708747                    /lib/x86_64-linux-gnu/libm-2.27.so
7f271a8b4000-7f271aa2d000 r-xp 00000000 08:01 1051552                    /usr/lib/x86_64-linux-gnu/libstdc++.so.6.0.25
7f271aa2d000-7f271ac2d000 ---p 00179000 08:01 1051552                    /usr/lib/x86_64-linux-gnu/libstdc++.so.6.0.25
7f271ac2d000-7f271ac37000 r--p 00179000 08:01 1051552                    /usr/lib/x86_64-linux-gnu/libstdc++.so.6.0.25
7f271ac37000-7f271ac39000 rw-p 00183000 08:01 1051552                    /usr/lib/x86_64-linux-gnu/libstdc++.so.6.0.25
7f271ac39000-7f271ac3d000 rw-p 00000000 00:00 0 
7f271ac3d000-7f271bd11000 r-xp 00000000 08:01 3541483                    /usr/lib/jvm/java-11-openjdk-amd64/lib/server/libjvm.so
7f271bd11000-7f271bf11000 ---p 010d4000 08:01 3541483                    /usr/lib/jvm/java-11-openjdk-amd64/lib/server/libjvm.so
7f271bf11000-7f271bfce000 r--p 010d4000 08:01 3541483                    /usr/lib/jvm/java-11-openjdk-amd64/lib/server/libjvm.so
7f271bfce000-7f271c007000 rw-p 01191000 08:01 3541483                    /usr/lib/jvm/java-11-openjdk-amd64/lib/server/libjvm.so
7f271c007000-7f271c05e000 rw-p 00000000 00:00 0 
7f271c05e000-7f271c078000 r-xp 00000000 08:01 1708817                    /lib/x86_64-linux-gnu/libpthread-2.27.so
7f271c078000-7f271c277000 ---p 0001a000 08:01 1708817                    /lib/x86_64-linux-gnu/libpthread-2.27.so
7f271c277000-7f271c278000 r--p 00019000 08:01 1708817                    /lib/x86_64-linux-gnu/libpthread-2.27.so
7f271c278000-7f271c279000 rw-p 0001a000 08:01 1708817                    /lib/x86_64-linux-gnu/libpthread-2.27.so
7f271c279000-7f271c27d000 rw-p 00000000 00:00 0 
7f271c27d000-7f271c280000 r-xp 00000000 08:01 1708707                    /lib/x86_64-linux-gnu/libdl-2.27.so
7f271c280000-7f271c47f000 ---p 00003000 08:01 1708707                    /lib/x86_64-linux-gnu/libdl-2.27.so
7f271c47f000-7f271c480000 r--p 00002000 08:01 1708707                    /lib/x86_64-linux-gnu/libdl-2.27.so
7f271c480000-7f271c481000 rw-p 00003000 08:01 1708707                    /lib/x86_64-linux-gnu/libdl-2.27.so
7f271c481000-7f271c49d000 r-xp 00000000 08:01 1708856                    /lib/x86_64-linux-gnu/libz.so.1.2.11
7f271c49d000-7f271c69c000 ---p 0001c000 08:01 1708856                    /lib/x86_64-linux-gnu/libz.so.1.2.11
7f271c69c000-7f271c69d000 r--p 0001b000 08:01 1708856                    /lib/x86_64-linux-gnu/libz.so.1.2.11
7f271c69d000-7f271c69e000 rw-p 0001c000 08:01 1708856                    /lib/x86_64-linux-gnu/libz.so.1.2.11
7f271c69e000-7f271c885000 r-xp 00000000 08:01 1708684                    /lib/x86_64-linux-gnu/libc-2.27.so
7f271c885000-7f271ca85000 ---p 001e7000 08:01 1708684                    /lib/x86_64-linux-gnu/libc-2.27.so
7f271ca85000-7f271ca89000 r--p 001e7000 08:01 1708684                    /lib/x86_64-linux-gnu/libc-2.27.so
7f271ca89000-7f271ca8b000 rw-p 001eb000 08:01 1708684                    /lib/x86_64-linux-gnu/libc-2.27.so
7f271ca8b000-7f271ca8f000 rw-p 00000000 00:00 0 
7f271ca8f000-7f271ca9f000 r-xp 00000000 08:01 3539458                    /usr/lib/jvm/java-11-openjdk-amd64/lib/jli/libjli.so
7f271ca9f000-7f271cc9e000 ---p 00010000 08:01 3539458                    /usr/lib/jvm/java-11-openjdk-amd64/lib/jli/libjli.so
7f271cc9e000-7f271cc9f000 r--p 0000f000 08:01 3539458                    /usr/lib/jvm/java-11-openjdk-amd64/lib/jli/libjli.so
7f271cc9f000-7f271cca0000 rw-p 00010000 08:01 3539458                    /usr/lib/jvm/java-11-openjdk-amd64/lib/jli/libjli.so
7f271cca0000-7f271ccc7000 r-xp 00000000 08:01 1708656                    /lib/x86_64-linux-gnu/ld-2.27.so
7f271cd67000-7f271cda9000 rw-p 00000000 00:00 0 
7f271cda9000-7f271cdad000 ---p 00000000 00:00 0 
7f271cdad000-7f271ceac000 rw-p 00000000 00:00 0 
7f271cead000-7f271ceb2000 rw-p 00000000 00:00 0 
7f271ceb2000-7f271ceb9000 ---p 00000000 00:00 0 
7f271ceb9000-7f271cebb000 r--s 00007000 08:01 1445236                    /usr/share/java/java-atk-wrapper.jar
7f271cebb000-7f271cec3000 rw-s 00000000 08:01 1573165                    /tmp/hsperfdata_root/15485
7f271cec3000-7f271cec4000 ---p 00000000 00:00 0 
7f271cec4000-7f271cec5000 r--p 00000000 00:00 0 
7f271cec5000-7f271cec7000 rw-p 00000000 00:00 0 
7f271cec7000-7f271cec8000 r--p 00027000 08:01 1708656                    /lib/x86_64-linux-gnu/ld-2.27.so
7f271cec8000-7f271cec9000 rw-p 00028000 08:01 1708656                    /lib/x86_64-linux-gnu/ld-2.27.so
7f271cec9000-7f271ceca000 rw-p 00000000 00:00 0 
7ffc52503000-7ffc52524000 rw-p 00000000 00:00 0                          [stack]
7ffc525c5000-7ffc525c8000 r--p 00000000 00:00 0                          [vvar]
7ffc525c8000-7ffc525ca000 r-xp 00000000 00:00 0                          [vdso]
ffffffffff600000-ffffffffff601000 r-xp 00000000 00:00 0                  [vsyscall]


VM Arguments:
jvm_args: -Dfile.encoding=UTF-8 -Duser.country=JP -Duser.language=ja -Duser.variant 
java_command: SimBlock.simulator.Main
java_class_path (initial): /home/hikaru-morita/simblock/original/Simblock/simulator/build/classes/java/main:/home/hikaru-morita/simblock/original/Simblock/simulator/build/resources/main:/home/hikaru-morita/simblock/original/Simblock/simulator/src/dist/conf
Launcher Type: SUN_STANDARD

[Global flags]
     intx CICompilerCount                          = 3                                         {product} {ergonomic}
     uint ConcGCThreads                            = 1                                         {product} {ergonomic}
     uint G1ConcRefinementThreads                  = 4                                         {product} {ergonomic}
   size_t G1HeapRegionSize                         = 1048576                                   {product} {ergonomic}
    uintx GCDrainStackTargetSize                   = 64                                        {product} {ergonomic}
   size_t InitialHeapSize                          = 130023424                                 {product} {ergonomic}
   size_t MarkStackSize                            = 4194304                                   {product} {ergonomic}
   size_t MaxHeapSize                              = 2057306112                                {product} {ergonomic}
   size_t MinHeapDeltaBytes                        = 1048576                                   {product} {ergonomic}
    uintx NonNMethodCodeHeapSize                   = 5830732                                {pd product} {ergonomic}
    uintx NonProfiledCodeHeapSize                  = 122913754                              {pd product} {ergonomic}
    uintx ProfiledCodeHeapSize                     = 122913754                              {pd product} {ergonomic}
    uintx ReservedCodeCacheSize                    = 251658240                              {pd product} {ergonomic}
     bool SegmentedCodeCache                       = true                                      {product} {ergonomic}
     bool UseCompressedClassPointers               = true                                 {lp64_product} {ergonomic}
     bool UseCompressedOops                        = true                                 {lp64_product} {ergonomic}
     bool UseG1GC                                  = true                                      {product} {ergonomic}

Logging:
Log output configuration:
 #0: stdout all=warning uptime,level,tags
 #1: stderr all=off uptime,level,tags

Environment Variables:
PATH=/usr/local/sbin:/usr/local/bin:/usr/sbin:/usr/bin:/sbin:/bin:/snap/bin
USERNAME=root
SHELL=/bin/bash
DISPLAY=:0

Signal Handlers:
SIGSEGV: [libjvm.so+0xdeda70], sa_mask[0]=11111111011111111101111111111110, sa_flags=SA_RESTART|SA_SIGINFO
SIGBUS: [libjvm.so+0xdeda70], sa_mask[0]=11111111011111111101111111111110, sa_flags=SA_RESTART|SA_SIGINFO
SIGFPE: [libjvm.so+0xdeda70], sa_mask[0]=11111111011111111101111111111110, sa_flags=SA_RESTART|SA_SIGINFO
SIGPIPE: [libjvm.so+0xbc3040], sa_mask[0]=11111111011111111101111111111110, sa_flags=SA_RESTART|SA_SIGINFO
SIGXFSZ: [libjvm.so+0xbc3040], sa_mask[0]=11111111011111111101111111111110, sa_flags=SA_RESTART|SA_SIGINFO
SIGILL: [libjvm.so+0xdeda70], sa_mask[0]=11111111011111111101111111111110, sa_flags=SA_RESTART|SA_SIGINFO
SIGUSR2: [libjvm.so+0xbc2ee0], sa_mask[0]=00100000000000000000000000000000, sa_flags=SA_RESTART|SA_SIGINFO
SIGHUP: SIG_DFL, sa_mask[0]=00000000000000000000000000000000, sa_flags=none
SIGINT: SIG_DFL, sa_mask[0]=00000000000000000000000000000000, sa_flags=none
SIGTERM: SIG_DFL, sa_mask[0]=00000000000000000000000000000000, sa_flags=none
SIGQUIT: SIG_DFL, sa_mask[0]=00000000000000000000000000000000, sa_flags=none


---------------  S Y S T E M  ---------------

OS:DISTRIB_ID=Ubuntu
DISTRIB_RELEASE=18.04
DISTRIB_CODENAME=bionic
DISTRIB_DESCRIPTION="Ubuntu 18.04.3 LTS"
uname:Linux 4.15.0-72-generic #81-Ubuntu SMP Tue Nov 26 12:20:02 UTC 2019 x86_64
libc:glibc 2.27 NPTL 2.27 
rlimit: STACK 8192k, CORE 0k, NPROC 31193, NOFILE 4096, AS infinity, DATA infinity, FSIZE infinity
load average:36.95 15.01 6.60

/proc/meminfo:
MemTotal:        8030236 kB
MemFree:          106112 kB
MemAvailable:      23668 kB
Buffers:            1592 kB
Cached:           752820 kB
SwapCached:         8612 kB
Active:          5919200 kB
Inactive:        1475256 kB
Active(anon):    5903696 kB
Inactive(anon):  1458028 kB
Active(file):      15504 kB
Inactive(file):    17228 kB
Unevictable:       13612 kB
Mlocked:           13612 kB
SwapTotal:       2097148 kB
SwapFree:              0 kB
Dirty:               252 kB
Writeback:             0 kB
AnonPages:       6647972 kB
Mapped:           436296 kB
Shmem:            707640 kB
Slab:             248496 kB
SReclaimable:      82432 kB
SUnreclaim:       166064 kB
KernelStack:       28784 kB
PageTables:       119544 kB
NFS_Unstable:          0 kB
Bounce:                0 kB
WritebackTmp:          0 kB
CommitLimit:     6112264 kB
Committed_AS:   23931944 kB
VmallocTotal:   34359738367 kB
VmallocUsed:           0 kB
VmallocChunk:          0 kB
HardwareCorrupted:     0 kB
AnonHugePages:         0 kB
ShmemHugePages:        0 kB
ShmemPmdMapped:        0 kB
CmaTotal:              0 kB
CmaFree:               0 kB
HugePages_Total:       0
HugePages_Free:        0
HugePages_Rsvd:        0
HugePages_Surp:        0
Hugepagesize:       2048 kB
DirectMap4k:      934840 kB
DirectMap2M:     7315456 kB
DirectMap1G:           0 kB


/proc/sys/kernel/threads-max (system-wide limit on the number of threads):
62386


/proc/sys/vm/max_map_count (maximum number of memory map areas a process may have):
65530


/proc/sys/kernel/pid_max (system-wide limit on number of process identifiers):
32768



container (cgroup) information:
container_type: cgroupv1
cpu_cpuset_cpus: 0-3
cpu_memory_nodes: 0
active_processor_count: 4
cpu_quota: -1
cpu_period: 100000
cpu_shares: -1
memory_limit_in_bytes: -1
memory_and_swap_limit_in_bytes: -2
memory_soft_limit_in_bytes: -1
memory_usage_in_bytes: 4201029632
memory_max_usage_in_bytes: 4323880960

Steal ticks since vm start: 0
Steal ticks percentage since vm start:  0.000

CPU:total 4 (initial active 4) (4 cores per cpu, 1 threads per core) family 6 model 94 stepping 3, cmov, cx8, fxsr, mmx, sse, sse2, sse3, ssse3, sse4.1, sse4.2, popcnt, avx, avx2, aes, clmul, erms, rtm, 3dnowpref, lzcnt, tsc, tscinvbit, bmi1, bmi2, adx, fma
CPU Model and flags from /proc/cpuinfo:
model name	: Intel(R) Core(TM) i5-6500 CPU @ 3.20GHz
flags		: fpu vme de pse tsc msr pae mce cx8 apic sep mtrr pge mca cmov pat pse36 clflush dts acpi mmx fxsr sse sse2 ss ht tm pbe syscall nx pdpe1gb rdtscp lm constant_tsc art arch_perfmon pebs bts rep_good nopl xtopology nonstop_tsc cpuid aperfmperf tsc_known_freq pni pclmulqdq dtes64 monitor ds_cpl vmx smx est tm2 ssse3 sdbg fma cx16 xtpr pdcm pcid sse4_1 sse4_2 x2apic movbe popcnt tsc_deadline_timer aes xsave avx f16c rdrand lahf_lm abm 3dnowprefetch cpuid_fault invpcid_single pti ssbd ibrs ibpb stibp tpr_shadow vnmi flexpriority ept vpid fsgsbase tsc_adjust bmi1 hle avx2 smep bmi2 erms invpcid rtm mpx rdseed adx smap clflushopt intel_pt xsaveopt xsavec xgetbv1 xsaves dtherm ida arat pln pts hwp hwp_notify hwp_act_window hwp_epp md_clear flush_l1d

Memory: 4k page, physical 8030236k(106616k free), swap 2097148k(0k free)

vm_info: OpenJDK 64-Bit Server VM (11.0.5+10-post-Ubuntu-0ubuntu1.118.04) for linux-amd64 JRE (11.0.5+10-post-Ubuntu-0ubuntu1.118.04), built on Oct 16 2019 22:01:07 by "buildd" with gcc 7.4.0

END.
