#
# There is insufficient memory for the Java Runtime Environment to continue.
# Native memory allocation (mmap) failed to map 478150656 bytes for committing reserved memory.
# Possible reasons:
#   The system is out of physical RAM or swap space
#   The process is running with CompressedOops enabled, and the Java Heap may be blocking the growth of the native heap
# Possible solutions:
#   Reduce memory load on the system
#   Increase physical memory or swap space
#   Check if swap backing store is full
#   Decrease Java heap size (-Xmx/-Xms)
#   Decrease number of Java threads
#   Decrease Java thread stack sizes (-Xss)
#   Set larger code cache with -XX:ReservedCodeCacheSize=
#   JVM is running with Unscaled Compressed Oops mode in which the Java heap is
#     placed in the first 4GB address space. The Java Heap base address is the
#     maximum limit for the native heap growth. Please use -XX:HeapBaseMinAddress
#     to set the Java Heap base and to place the Java Heap above 4GB virtual address.
# This output file may be truncated or incomplete.
#
#  Out of Memory Error (os_linux.cpp:2893), pid=2127, tid=2137
#
# JRE version: OpenJDK Runtime Environment (11.0.4+11) (build 11.0.4+11-post-Ubuntu-1ubuntu218.04.3)
# Java VM: OpenJDK 64-Bit Server VM (11.0.4+11-post-Ubuntu-1ubuntu218.04.3, mixed mode, tiered, compressed oops, g1 gc, linux-amd64)
# Core dump will be written. Default location: Core dumps may be processed with "/usr/share/apport/apport %p %s %c %d %P" (or dumping to /home/hikaru-morita/simblock-0.7.0/simulator/core.2127)
#

---------------  S U M M A R Y ------------

Command Line: -Dfile.encoding=UTF-8 -Duser.country=JP -Duser.language=ja -Duser.variant SimBlock.simulator.Main

Host: Intel(R) Core(TM) i5-6500 CPU @ 3.20GHz, 4 cores, 7G, Ubuntu 18.04.3 LTS
Time: Sun Sep 29 16:44:13 2019 JST elapsed time: 4 seconds (0d 0h 0m 4s)

---------------  T H R E A D  ---------------

Current thread (0x00007fe574134800):  VMThread "VM Thread" [stack: 0x00007fe550058000,0x00007fe550158000] [id=2137]

Stack: [0x00007fe550058000,0x00007fe550158000],  sp=0x00007fe550155ff0,  free space=1015k
Native frames: (J=compiled Java code, A=aot compiled Java code, j=interpreted, Vv=VM code, C=native code)
V  [libjvm.so+0xde4547]
V  [libjvm.so+0xde519b]
V  [libjvm.so+0x6511a5]
V  [libjvm.so+0xbbed38]
V  [libjvm.so+0xbb5ebd]
V  [libjvm.so+0x76f53f]
V  [libjvm.so+0x76f7ae]
V  [libjvm.so+0x77b820]
V  [libjvm.so+0x7f6969]
V  [libjvm.so+0x7f75c2]
V  [libjvm.so+0x7f7a29]
V  [libjvm.so+0x72de6f]
V  [libjvm.so+0x732b6a]
V  [libjvm.so+0xdf01e1]
V  [libjvm.so+0xdeeda8]
V  [libjvm.so+0xdec5e6]
V  [libjvm.so+0xdecaf0]
V  [libjvm.so+0xdecf23]
V  [libjvm.so+0xd7aeea]
V  [libjvm.so+0xbc4a5e]

VM_Operation (0x00007fe57af99510): G1CollectForAllocation, mode: safepoint, requested by thread 0x00007fe574012000


---------------  P R O C E S S  ---------------

Threads class SMR info:
_java_thread_list=0x00007fe5741eaa40, length=9, elements={
0x00007fe574012000, 0x00007fe57413c800, 0x00007fe574140800, 0x00007fe574153000,
0x00007fe574155800, 0x00007fe574157800, 0x00007fe574159800, 0x00007fe5741da000,
0x00007fe5741e9000
}

Java Threads: ( => current thread )
  0x00007fe574012000 JavaThread "main" [_thread_blocked, id=2130, stack(0x00007fe57ae9a000,0x00007fe57af9b000)]
  0x00007fe57413c800 JavaThread "Reference Handler" daemon [_thread_blocked, id=2138, stack(0x00007fe5436ff000,0x00007fe543800000)]
  0x00007fe574140800 JavaThread "Finalizer" daemon [_thread_blocked, id=2139, stack(0x00007fe5435fe000,0x00007fe5436ff000)]
  0x00007fe574153000 JavaThread "Signal Dispatcher" daemon [_thread_blocked, id=2140, stack(0x00007fe542a2e000,0x00007fe542b2f000)]
  0x00007fe574155800 JavaThread "C2 CompilerThread0" daemon [_thread_blocked, id=2141, stack(0x00007fe54292d000,0x00007fe542a2e000)]
  0x00007fe574157800 JavaThread "C1 CompilerThread0" daemon [_thread_blocked, id=2142, stack(0x00007fe54282c000,0x00007fe54292d000)]
  0x00007fe574159800 JavaThread "Sweeper thread" daemon [_thread_blocked, id=2143, stack(0x00007fe54272b000,0x00007fe54282c000)]
  0x00007fe5741da000 JavaThread "Service Thread" daemon [_thread_blocked, id=2144, stack(0x00007fe54262a000,0x00007fe54272b000)]
  0x00007fe5741e9000 JavaThread "Common-Cleaner" daemon [_thread_blocked, id=2146, stack(0x00007fe542427000,0x00007fe542528000)]

Other Threads:
=>0x00007fe574134800 VMThread "VM Thread" [stack: 0x00007fe550058000,0x00007fe550158000] [id=2137]
  0x00007fe5741dc800 WatcherThread [stack: 0x00007fe54252a000,0x00007fe54262a000] [id=2145]
  0x00007fe574028000 GCTaskThread "GC Thread#0" [stack: 0x00007fe55b7cc000,0x00007fe55b8cc000] [id=2132]
  0x00007fe538001000 GCTaskThread "GC Thread#1" [stack: 0x00007fe541eff000,0x00007fe541fff000] [id=2147]
  0x00007fe538031800 GCTaskThread "GC Thread#2" [stack: 0x00007fe541dfd000,0x00007fe541efd000] [id=2157]
  0x00007fe538033000 GCTaskThread "GC Thread#3" [stack: 0x00007fe541cfb000,0x00007fe541dfb000] [id=2158]
  0x00007fe574059000 ConcurrentGCThread "G1 Main Marker" [stack: 0x00007fe55889f000,0x00007fe55899f000] [id=2133]
  0x00007fe57405b000 ConcurrentGCThread "G1 Conc#0" [stack: 0x00007fe55879d000,0x00007fe55889d000] [id=2134]
  0x00007fe5740d3000 ConcurrentGCThread "G1 Refine#0" [stack: 0x00007fe558297000,0x00007fe558397000] [id=2135]
  0x00007fe5740d4800 ConcurrentGCThread "G1 Young RemSet Sampling" [stack: 0x00007fe558195000,0x00007fe558295000] [id=2136]

Threads with active compile tasks:
C1 CompilerThread0 775       3       java.nio.Buffer::<init> (99 bytes)

VM state:at safepoint (normal execution)

VM Mutex/Monitor currently owned by a thread:  ([mutex/lock_event])
[0x00007fe57400e040] Threads_lock - owner thread: 0x00007fe574134800
[0x00007fe57400e790] Heap_lock - owner thread: 0x00007fe574012000

Heap address: 0x0000000085600000, size: 1962 MB, Compressed Oops mode: 32-bit
Narrow klass base: 0x0000000000000000, Narrow klass shift: 3
Compressed class space size: 1073741824 Address: 0x0000000100000000

Heap:
 garbage-first heap   total 700416K, used 4707K [0x0000000085600000, 0x0000000100000000)
  region size 1024K, 5 young (5120K), 5 survivors (5120K)
 Metaspace       used 6471K, capacity 6631K, committed 6784K, reserved 1056768K
  class space    used 545K, capacity 610K, committed 640K, reserved 1048576K
Heap Regions: E=young(eden), S=young(survivor), O=old, HS=humongous(starts), HC=humongous(continues), CS=collection set, F=free, A=archive, TAMS=top-at-mark-start (previous, next)
|   0|0x0000000085600000, 0x0000000085600000, 0x0000000085700000|  0%| F|  |TAMS 0x0000000085600000, 0x0000000085600000| Untracked 
|   1|0x0000000085700000, 0x0000000085700000, 0x0000000085800000|  0%| F|  |TAMS 0x0000000085700000, 0x0000000085700000| Untracked 
|   2|0x0000000085800000, 0x0000000085800000, 0x0000000085900000|  0%| F|  |TAMS 0x0000000085800000, 0x0000000085800000| Untracked 
|   3|0x0000000085900000, 0x0000000085900000, 0x0000000085a00000|  0%| F|  |TAMS 0x0000000085900000, 0x0000000085900000| Untracked 
|   4|0x0000000085a00000, 0x0000000085a00000, 0x0000000085b00000|  0%| F|  |TAMS 0x0000000085a00000, 0x0000000085a00000| Untracked 
|   5|0x0000000085b00000, 0x0000000085b00000, 0x0000000085c00000|  0%| F|  |TAMS 0x0000000085b00000, 0x0000000085b00000| Untracked 
|   6|0x0000000085c00000, 0x0000000085c00000, 0x0000000085d00000|  0%| F|  |TAMS 0x0000000085c00000, 0x0000000085c00000| Untracked 
|   7|0x0000000085d00000, 0x0000000085d00000, 0x0000000085e00000|  0%| F|  |TAMS 0x0000000085d00000, 0x0000000085d00000| Untracked 
|   8|0x0000000085e00000, 0x0000000085e00000, 0x0000000085f00000|  0%| F|  |TAMS 0x0000000085e00000, 0x0000000085e00000| Untracked 
|   9|0x0000000085f00000, 0x0000000085f00000, 0x0000000086000000|  0%| F|  |TAMS 0x0000000085f00000, 0x0000000085f00000| Untracked 
|  10|0x0000000086000000, 0x0000000086000000, 0x0000000086100000|  0%| F|  |TAMS 0x0000000086000000, 0x0000000086000000| Untracked 
|  11|0x0000000086100000, 0x0000000086100000, 0x0000000086200000|  0%| F|  |TAMS 0x0000000086100000, 0x0000000086100000| Untracked 
|  12|0x0000000086200000, 0x0000000086200000, 0x0000000086300000|  0%| F|  |TAMS 0x0000000086200000, 0x0000000086200000| Untracked 
|  13|0x0000000086300000, 0x0000000086300000, 0x0000000086400000|  0%| F|  |TAMS 0x0000000086300000, 0x0000000086300000| Untracked 
|  14|0x0000000086400000, 0x0000000086400000, 0x0000000086500000|  0%| F|  |TAMS 0x0000000086400000, 0x0000000086400000| Untracked 
|  15|0x0000000086500000, 0x0000000086500000, 0x0000000086600000|  0%| F|  |TAMS 0x0000000086500000, 0x0000000086500000| Untracked 
|  16|0x0000000086600000, 0x0000000086600000, 0x0000000086700000|  0%| F|  |TAMS 0x0000000086600000, 0x0000000086600000| Untracked 
|  17|0x0000000086700000, 0x0000000086700000, 0x0000000086800000|  0%| F|  |TAMS 0x0000000086700000, 0x0000000086700000| Untracked 
|  18|0x0000000086800000, 0x0000000086800000, 0x0000000086900000|  0%| F|  |TAMS 0x0000000086800000, 0x0000000086800000| Untracked 
|  19|0x0000000086900000, 0x0000000086900000, 0x0000000086a00000|  0%| F|  |TAMS 0x0000000086900000, 0x0000000086900000| Untracked 
|  20|0x0000000086a00000, 0x0000000086a00000, 0x0000000086b00000|  0%| F|  |TAMS 0x0000000086a00000, 0x0000000086a00000| Untracked 
|  21|0x0000000086b00000, 0x0000000086b00000, 0x0000000086c00000|  0%| F|  |TAMS 0x0000000086b00000, 0x0000000086b00000| Untracked 
|  22|0x0000000086c00000, 0x0000000086c00000, 0x0000000086d00000|  0%| F|  |TAMS 0x0000000086c00000, 0x0000000086c00000| Untracked 
|  23|0x0000000086d00000, 0x0000000086d00000, 0x0000000086e00000|  0%| F|  |TAMS 0x0000000086d00000, 0x0000000086d00000| Untracked 
|  24|0x0000000086e00000, 0x0000000086e00000, 0x0000000086f00000|  0%| F|  |TAMS 0x0000000086e00000, 0x0000000086e00000| Untracked 
|  25|0x0000000086f00000, 0x0000000086f00000, 0x0000000087000000|  0%| F|  |TAMS 0x0000000086f00000, 0x0000000086f00000| Untracked 
|  26|0x0000000087000000, 0x0000000087000000, 0x0000000087100000|  0%| F|  |TAMS 0x0000000087000000, 0x0000000087000000| Untracked 
|  27|0x0000000087100000, 0x0000000087100000, 0x0000000087200000|  0%| F|  |TAMS 0x0000000087100000, 0x0000000087100000| Untracked 
|  28|0x0000000087200000, 0x0000000087200000, 0x0000000087300000|  0%| F|  |TAMS 0x0000000087200000, 0x0000000087200000| Untracked 
|  29|0x0000000087300000, 0x0000000087300000, 0x0000000087400000|  0%| F|  |TAMS 0x0000000087300000, 0x0000000087300000| Untracked 
|  30|0x0000000087400000, 0x0000000087400000, 0x0000000087500000|  0%| F|  |TAMS 0x0000000087400000, 0x0000000087400000| Untracked 
|  31|0x0000000087500000, 0x0000000087500000, 0x0000000087600000|  0%| F|  |TAMS 0x0000000087500000, 0x0000000087500000| Untracked 
|  32|0x0000000087600000, 0x0000000087600000, 0x0000000087700000|  0%| F|  |TAMS 0x0000000087600000, 0x0000000087600000| Untracked 
|  33|0x0000000087700000, 0x0000000087700000, 0x0000000087800000|  0%| F|  |TAMS 0x0000000087700000, 0x0000000087700000| Untracked 
|  34|0x0000000087800000, 0x0000000087800000, 0x0000000087900000|  0%| F|  |TAMS 0x0000000087800000, 0x0000000087800000| Untracked 
|  35|0x0000000087900000, 0x0000000087900000, 0x0000000087a00000|  0%| F|  |TAMS 0x0000000087900000, 0x0000000087900000| Untracked 
|  36|0x0000000087a00000, 0x0000000087a00000, 0x0000000087b00000|  0%| F|  |TAMS 0x0000000087a00000, 0x0000000087a00000| Untracked 
|  37|0x0000000087b00000, 0x0000000087b00000, 0x0000000087c00000|  0%| F|  |TAMS 0x0000000087b00000, 0x0000000087b00000| Untracked 
|  38|0x0000000087c00000, 0x0000000087c00000, 0x0000000087d00000|  0%| F|  |TAMS 0x0000000087c00000, 0x0000000087c00000| Untracked 
|  39|0x0000000087d00000, 0x0000000087d00000, 0x0000000087e00000|  0%| F|  |TAMS 0x0000000087d00000, 0x0000000087d00000| Untracked 
|  40|0x0000000087e00000, 0x0000000087e00000, 0x0000000087f00000|  0%| F|  |TAMS 0x0000000087e00000, 0x0000000087e00000| Untracked 
|  41|0x0000000087f00000, 0x0000000087f00000, 0x0000000088000000|  0%| F|  |TAMS 0x0000000087f00000, 0x0000000087f00000| Untracked 
|  42|0x0000000088000000, 0x0000000088000000, 0x0000000088100000|  0%| F|  |TAMS 0x0000000088000000, 0x0000000088000000| Untracked 
|  43|0x0000000088100000, 0x0000000088100000, 0x0000000088200000|  0%| F|  |TAMS 0x0000000088100000, 0x0000000088100000| Untracked 
|  44|0x0000000088200000, 0x0000000088200000, 0x0000000088300000|  0%| F|  |TAMS 0x0000000088200000, 0x0000000088200000| Untracked 
|  45|0x0000000088300000, 0x0000000088300000, 0x0000000088400000|  0%| F|  |TAMS 0x0000000088300000, 0x0000000088300000| Untracked 
|  46|0x0000000088400000, 0x0000000088400000, 0x0000000088500000|  0%| F|  |TAMS 0x0000000088400000, 0x0000000088400000| Untracked 
|  47|0x0000000088500000, 0x0000000088500000, 0x0000000088600000|  0%| F|  |TAMS 0x0000000088500000, 0x0000000088500000| Untracked 
|  48|0x0000000088600000, 0x0000000088600000, 0x0000000088700000|  0%| F|  |TAMS 0x0000000088600000, 0x0000000088600000| Untracked 
|  49|0x0000000088700000, 0x0000000088700000, 0x0000000088800000|  0%| F|  |TAMS 0x0000000088700000, 0x0000000088700000| Untracked 
|  50|0x0000000088800000, 0x0000000088800000, 0x0000000088900000|  0%| F|  |TAMS 0x0000000088800000, 0x0000000088800000| Untracked 
|  51|0x0000000088900000, 0x0000000088900000, 0x0000000088a00000|  0%| F|  |TAMS 0x0000000088900000, 0x0000000088900000| Untracked 
|  52|0x0000000088a00000, 0x0000000088a00000, 0x0000000088b00000|  0%| F|  |TAMS 0x0000000088a00000, 0x0000000088a00000| Untracked 
|  53|0x0000000088b00000, 0x0000000088b00000, 0x0000000088c00000|  0%| F|  |TAMS 0x0000000088b00000, 0x0000000088b00000| Untracked 
|  54|0x0000000088c00000, 0x0000000088c00000, 0x0000000088d00000|  0%| F|  |TAMS 0x0000000088c00000, 0x0000000088c00000| Untracked 
|  55|0x0000000088d00000, 0x0000000088d00000, 0x0000000088e00000|  0%| F|  |TAMS 0x0000000088d00000, 0x0000000088d00000| Untracked 
|  56|0x0000000088e00000, 0x0000000088e00000, 0x0000000088f00000|  0%| F|  |TAMS 0x0000000088e00000, 0x0000000088e00000| Untracked 
|  57|0x0000000088f00000, 0x0000000088f00000, 0x0000000089000000|  0%| F|  |TAMS 0x0000000088f00000, 0x0000000088f00000| Untracked 
|  58|0x0000000089000000, 0x0000000089000000, 0x0000000089100000|  0%| F|  |TAMS 0x0000000089000000, 0x0000000089000000| Untracked 
|  59|0x0000000089100000, 0x0000000089100000, 0x0000000089200000|  0%| F|  |TAMS 0x0000000089100000, 0x0000000089100000| Untracked 
|  60|0x0000000089200000, 0x0000000089200000, 0x0000000089300000|  0%| F|  |TAMS 0x0000000089200000, 0x0000000089200000| Untracked 
|  61|0x0000000089300000, 0x0000000089300000, 0x0000000089400000|  0%| F|  |TAMS 0x0000000089300000, 0x0000000089300000| Untracked 
|  62|0x0000000089400000, 0x0000000089400000, 0x0000000089500000|  0%| F|  |TAMS 0x0000000089400000, 0x0000000089400000| Untracked 
|  63|0x0000000089500000, 0x0000000089500000, 0x0000000089600000|  0%| F|  |TAMS 0x0000000089500000, 0x0000000089500000| Untracked 
|  64|0x0000000089600000, 0x0000000089600000, 0x0000000089700000|  0%| F|  |TAMS 0x0000000089600000, 0x0000000089600000| Untracked 
|  65|0x0000000089700000, 0x0000000089700000, 0x0000000089800000|  0%| F|  |TAMS 0x0000000089700000, 0x0000000089700000| Untracked 
|  66|0x0000000089800000, 0x0000000089800000, 0x0000000089900000|  0%| F|  |TAMS 0x0000000089800000, 0x0000000089800000| Untracked 
|  67|0x0000000089900000, 0x0000000089900000, 0x0000000089a00000|  0%| F|  |TAMS 0x0000000089900000, 0x0000000089900000| Untracked 
|  68|0x0000000089a00000, 0x0000000089a00000, 0x0000000089b00000|  0%| F|  |TAMS 0x0000000089a00000, 0x0000000089a00000| Untracked 
|  69|0x0000000089b00000, 0x0000000089b00000, 0x0000000089c00000|  0%| F|  |TAMS 0x0000000089b00000, 0x0000000089b00000| Untracked 
|  70|0x0000000089c00000, 0x0000000089c00000, 0x0000000089d00000|  0%| F|  |TAMS 0x0000000089c00000, 0x0000000089c00000| Untracked 
|  71|0x0000000089d00000, 0x0000000089d00000, 0x0000000089e00000|  0%| F|  |TAMS 0x0000000089d00000, 0x0000000089d00000| Untracked 
|  72|0x0000000089e00000, 0x0000000089e00000, 0x0000000089f00000|  0%| F|  |TAMS 0x0000000089e00000, 0x0000000089e00000| Untracked 
|  73|0x0000000089f00000, 0x0000000089f00000, 0x000000008a000000|  0%| F|  |TAMS 0x0000000089f00000, 0x0000000089f00000| Untracked 
|  74|0x000000008a000000, 0x000000008a000000, 0x000000008a100000|  0%| F|  |TAMS 0x000000008a000000, 0x000000008a000000| Untracked 
|  75|0x000000008a100000, 0x000000008a100000, 0x000000008a200000|  0%| F|  |TAMS 0x000000008a100000, 0x000000008a100000| Untracked 
|  76|0x000000008a200000, 0x000000008a200000, 0x000000008a300000|  0%| F|  |TAMS 0x000000008a200000, 0x000000008a200000| Untracked 
|  77|0x000000008a300000, 0x000000008a300000, 0x000000008a400000|  0%| F|  |TAMS 0x000000008a300000, 0x000000008a300000| Untracked 
|  78|0x000000008a400000, 0x000000008a400000, 0x000000008a500000|  0%| F|  |TAMS 0x000000008a400000, 0x000000008a400000| Untracked 
|  79|0x000000008a500000, 0x000000008a500000, 0x000000008a600000|  0%| F|  |TAMS 0x000000008a500000, 0x000000008a500000| Untracked 
|  80|0x000000008a600000, 0x000000008a600000, 0x000000008a700000|  0%| F|  |TAMS 0x000000008a600000, 0x000000008a600000| Untracked 
|  81|0x000000008a700000, 0x000000008a700000, 0x000000008a800000|  0%| F|  |TAMS 0x000000008a700000, 0x000000008a700000| Untracked 
|  82|0x000000008a800000, 0x000000008a800000, 0x000000008a900000|  0%| F|  |TAMS 0x000000008a800000, 0x000000008a800000| Untracked 
|  83|0x000000008a900000, 0x000000008a900000, 0x000000008aa00000|  0%| F|  |TAMS 0x000000008a900000, 0x000000008a900000| Untracked 
|  84|0x000000008aa00000, 0x000000008aa00000, 0x000000008ab00000|  0%| F|  |TAMS 0x000000008aa00000, 0x000000008aa00000| Untracked 
|  85|0x000000008ab00000, 0x000000008ab00000, 0x000000008ac00000|  0%| F|  |TAMS 0x000000008ab00000, 0x000000008ab00000| Untracked 
|  86|0x000000008ac00000, 0x000000008ac00000, 0x000000008ad00000|  0%| F|  |TAMS 0x000000008ac00000, 0x000000008ac00000| Untracked 
|  87|0x000000008ad00000, 0x000000008ad98dc0, 0x000000008ae00000| 59%| S|CS|TAMS 0x000000008ad00000, 0x000000008ad00000| Complete 
|  88|0x000000008ae00000, 0x000000008af00000, 0x000000008af00000|100%| S|CS|TAMS 0x000000008ae00000, 0x000000008ae00000| Complete 
|  89|0x000000008af00000, 0x000000008b000000, 0x000000008b000000|100%| S|CS|TAMS 0x000000008af00000, 0x000000008af00000| Complete 
|  90|0x000000008b000000, 0x000000008b100000, 0x000000008b100000|100%| S|CS|TAMS 0x000000008b000000, 0x000000008b000000| Complete 
|  91|0x000000008b100000, 0x000000008b100000, 0x000000008b200000|  0%| F|  |TAMS 0x000000008b100000, 0x000000008b100000| Untracked 
|  92|0x000000008b200000, 0x000000008b200000, 0x000000008b300000|  0%| F|  |TAMS 0x000000008b200000, 0x000000008b200000| Untracked 
|  93|0x000000008b300000, 0x000000008b300000, 0x000000008b400000|  0%| F|  |TAMS 0x000000008b300000, 0x000000008b300000| Untracked 
|  94|0x000000008b400000, 0x000000008b400000, 0x000000008b500000|  0%| F|  |TAMS 0x000000008b400000, 0x000000008b400000| Untracked 
|  95|0x000000008b500000, 0x000000008b500000, 0x000000008b600000|  0%| F|  |TAMS 0x000000008b500000, 0x000000008b500000| Untracked 
|  96|0x000000008b600000, 0x000000008b700000, 0x000000008b700000|100%| S|CS|TAMS 0x000000008b600000, 0x000000008b600000| Complete 
|  97|0x000000008b700000, 0x000000008b700000, 0x000000008b800000|  0%| F|  |TAMS 0x000000008b700000, 0x000000008b700000| Untracked 
|  98|0x000000008b800000, 0x000000008b800000, 0x000000008b900000|  0%| F|  |TAMS 0x000000008b800000, 0x000000008b800000| Untracked 
|  99|0x000000008b900000, 0x000000008b900000, 0x000000008ba00000|  0%| F|  |TAMS 0x000000008b900000, 0x000000008b900000| Untracked 
| 100|0x000000008ba00000, 0x000000008ba00000, 0x000000008bb00000|  0%| F|  |TAMS 0x000000008ba00000, 0x000000008ba00000| Untracked 
| 101|0x000000008bb00000, 0x000000008bb00000, 0x000000008bc00000|  0%| F|  |TAMS 0x000000008bb00000, 0x000000008bb00000| Untracked 
| 102|0x000000008bc00000, 0x000000008bc00000, 0x000000008bd00000|  0%| F|  |TAMS 0x000000008bc00000, 0x000000008bc00000| Untracked 
| 103|0x000000008bd00000, 0x000000008bd00000, 0x000000008be00000|  0%| F|  |TAMS 0x000000008bd00000, 0x000000008bd00000| Untracked 
| 104|0x000000008be00000, 0x000000008be00000, 0x000000008bf00000|  0%| F|  |TAMS 0x000000008be00000, 0x000000008be00000| Untracked 
| 105|0x000000008bf00000, 0x000000008bf00000, 0x000000008c000000|  0%| F|  |TAMS 0x000000008bf00000, 0x000000008bf00000| Untracked 
| 106|0x000000008c000000, 0x000000008c000000, 0x000000008c100000|  0%| F|  |TAMS 0x000000008c000000, 0x000000008c000000| Untracked 
| 107|0x000000008c100000, 0x000000008c100000, 0x000000008c200000|  0%| F|  |TAMS 0x000000008c100000, 0x000000008c100000| Untracked 
| 108|0x000000008c200000, 0x000000008c200000, 0x000000008c300000|  0%| F|  |TAMS 0x000000008c200000, 0x000000008c200000| Untracked 
| 109|0x000000008c300000, 0x000000008c300000, 0x000000008c400000|  0%| F|  |TAMS 0x000000008c300000, 0x000000008c300000| Untracked 
| 110|0x000000008c400000, 0x000000008c400000, 0x000000008c500000|  0%| F|  |TAMS 0x000000008c400000, 0x000000008c400000| Untracked 
| 111|0x000000008c500000, 0x000000008c500000, 0x000000008c600000|  0%| F|  |TAMS 0x000000008c500000, 0x000000008c500000| Untracked 
| 112|0x000000008c600000, 0x000000008c600000, 0x000000008c700000|  0%| F|  |TAMS 0x000000008c600000, 0x000000008c600000| Untracked 
| 113|0x000000008c700000, 0x000000008c700000, 0x000000008c800000|  0%| F|  |TAMS 0x000000008c700000, 0x000000008c700000| Untracked 
| 114|0x000000008c800000, 0x000000008c800000, 0x000000008c900000|  0%| F|  |TAMS 0x000000008c800000, 0x000000008c800000| Untracked 
| 115|0x000000008c900000, 0x000000008c900000, 0x000000008ca00000|  0%| F|  |TAMS 0x000000008c900000, 0x000000008c900000| Untracked 
| 116|0x000000008ca00000, 0x000000008ca00000, 0x000000008cb00000|  0%| F|  |TAMS 0x000000008ca00000, 0x000000008ca00000| Untracked 
| 117|0x000000008cb00000, 0x000000008cb00000, 0x000000008cc00000|  0%| F|  |TAMS 0x000000008cb00000, 0x000000008cb00000| Untracked 
| 118|0x000000008cc00000, 0x000000008cc00000, 0x000000008cd00000|  0%| F|  |TAMS 0x000000008cc00000, 0x000000008cc00000| Untracked 
| 119|0x000000008cd00000, 0x000000008cd00000, 0x000000008ce00000|  0%| F|  |TAMS 0x000000008cd00000, 0x000000008cd00000| Untracked 
| 120|0x000000008ce00000, 0x000000008ce00000, 0x000000008cf00000|  0%| F|  |TAMS 0x000000008ce00000, 0x000000008ce00000| Untracked 
| 121|0x000000008cf00000, 0x000000008cf00000, 0x000000008d000000|  0%| F|  |TAMS 0x000000008cf00000, 0x000000008cf00000| Untracked 
| 122|0x000000008d000000, 0x000000008d000000, 0x000000008d100000|  0%| F|  |TAMS 0x000000008d000000, 0x000000008d000000| Untracked 
| 123|0x000000008d100000, 0x000000008d100000, 0x000000008d200000|  0%| F|  |TAMS 0x000000008d100000, 0x000000008d100000| Untracked 
| 124|0x000000008d200000, 0x000000008d200000, 0x000000008d300000|  0%| F|  |TAMS 0x000000008d200000, 0x000000008d200000| Untracked 
| 125|0x000000008d300000, 0x000000008d300000, 0x000000008d400000|  0%| F|  |TAMS 0x000000008d300000, 0x000000008d300000| Untracked 
| 126|0x000000008d400000, 0x000000008d400000, 0x000000008d500000|  0%| F|  |TAMS 0x000000008d400000, 0x000000008d400000| Untracked 
| 127|0x000000008d500000, 0x000000008d500000, 0x000000008d600000|  0%| F|  |TAMS 0x000000008d500000, 0x000000008d500000| Untracked 
| 128|0x000000008d600000, 0x000000008d600000, 0x000000008d700000|  0%| F|  |TAMS 0x000000008d600000, 0x000000008d600000| Untracked 
| 129|0x000000008d700000, 0x000000008d700000, 0x000000008d800000|  0%| F|  |TAMS 0x000000008d700000, 0x000000008d700000| Untracked 
| 130|0x000000008d800000, 0x000000008d800000, 0x000000008d900000|  0%| F|  |TAMS 0x000000008d800000, 0x000000008d800000| Untracked 
| 131|0x000000008d900000, 0x000000008d900000, 0x000000008da00000|  0%| F|  |TAMS 0x000000008d900000, 0x000000008d900000| Untracked 
| 132|0x000000008da00000, 0x000000008da00000, 0x000000008db00000|  0%| F|  |TAMS 0x000000008da00000, 0x000000008da00000| Untracked 
| 133|0x000000008db00000, 0x000000008db00000, 0x000000008dc00000|  0%| F|  |TAMS 0x000000008db00000, 0x000000008db00000| Untracked 
| 134|0x000000008dc00000, 0x000000008dc00000, 0x000000008dd00000|  0%| F|  |TAMS 0x000000008dc00000, 0x000000008dc00000| Untracked 
| 135|0x000000008dd00000, 0x000000008dd00000, 0x000000008de00000|  0%| F|  |TAMS 0x000000008dd00000, 0x000000008dd00000| Untracked 
| 136|0x000000008de00000, 0x000000008de00000, 0x000000008df00000|  0%| F|  |TAMS 0x000000008de00000, 0x000000008de00000| Untracked 
| 137|0x000000008df00000, 0x000000008df00000, 0x000000008e000000|  0%| F|  |TAMS 0x000000008df00000, 0x000000008df00000| Untracked 
| 138|0x000000008e000000, 0x000000008e000000, 0x000000008e100000|  0%| F|  |TAMS 0x000000008e000000, 0x000000008e000000| Untracked 
| 139|0x000000008e100000, 0x000000008e100000, 0x000000008e200000|  0%| F|  |TAMS 0x000000008e100000, 0x000000008e100000| Untracked 
| 140|0x000000008e200000, 0x000000008e200000, 0x000000008e300000|  0%| F|  |TAMS 0x000000008e200000, 0x000000008e200000| Untracked 
| 141|0x000000008e300000, 0x000000008e300000, 0x000000008e400000|  0%| F|  |TAMS 0x000000008e300000, 0x000000008e300000| Untracked 
| 142|0x000000008e400000, 0x000000008e400000, 0x000000008e500000|  0%| F|  |TAMS 0x000000008e400000, 0x000000008e400000| Untracked 
| 143|0x000000008e500000, 0x000000008e500000, 0x000000008e600000|  0%| F|  |TAMS 0x000000008e500000, 0x000000008e500000| Untracked 
| 144|0x000000008e600000, 0x000000008e600000, 0x000000008e700000|  0%| F|  |TAMS 0x000000008e600000, 0x000000008e600000| Untracked 
| 145|0x000000008e700000, 0x000000008e700000, 0x000000008e800000|  0%| F|  |TAMS 0x000000008e700000, 0x000000008e700000| Untracked 
| 146|0x000000008e800000, 0x000000008e800000, 0x000000008e900000|  0%| F|  |TAMS 0x000000008e800000, 0x000000008e800000| Untracked 
| 147|0x000000008e900000, 0x000000008e900000, 0x000000008ea00000|  0%| F|  |TAMS 0x000000008e900000, 0x000000008e900000| Untracked 
| 148|0x000000008ea00000, 0x000000008ea00000, 0x000000008eb00000|  0%| F|  |TAMS 0x000000008ea00000, 0x000000008ea00000| Untracked 
| 149|0x000000008eb00000, 0x000000008eb00000, 0x000000008ec00000|  0%| F|  |TAMS 0x000000008eb00000, 0x000000008eb00000| Untracked 
| 150|0x000000008ec00000, 0x000000008ec00000, 0x000000008ed00000|  0%| F|  |TAMS 0x000000008ec00000, 0x000000008ec00000| Untracked 
| 151|0x000000008ed00000, 0x000000008ed00000, 0x000000008ee00000|  0%| F|  |TAMS 0x000000008ed00000, 0x000000008ed00000| Untracked 
| 152|0x000000008ee00000, 0x000000008ee00000, 0x000000008ef00000|  0%| F|  |TAMS 0x000000008ee00000, 0x000000008ee00000| Untracked 
| 153|0x000000008ef00000, 0x000000008ef00000, 0x000000008f000000|  0%| F|  |TAMS 0x000000008ef00000, 0x000000008ef00000| Untracked 
| 154|0x000000008f000000, 0x000000008f000000, 0x000000008f100000|  0%| F|  |TAMS 0x000000008f000000, 0x000000008f000000| Untracked 
| 155|0x000000008f100000, 0x000000008f100000, 0x000000008f200000|  0%| F|  |TAMS 0x000000008f100000, 0x000000008f100000| Untracked 
| 156|0x000000008f200000, 0x000000008f200000, 0x000000008f300000|  0%| F|  |TAMS 0x000000008f200000, 0x000000008f200000| Untracked 
| 157|0x000000008f300000, 0x000000008f300000, 0x000000008f400000|  0%| F|  |TAMS 0x000000008f300000, 0x000000008f300000| Untracked 
| 158|0x000000008f400000, 0x000000008f400000, 0x000000008f500000|  0%| F|  |TAMS 0x000000008f400000, 0x000000008f400000| Untracked 
| 159|0x000000008f500000, 0x000000008f500000, 0x000000008f600000|  0%| F|  |TAMS 0x000000008f500000, 0x000000008f500000| Untracked 
| 160|0x000000008f600000, 0x000000008f600000, 0x000000008f700000|  0%| F|  |TAMS 0x000000008f600000, 0x000000008f600000| Untracked 
| 161|0x000000008f700000, 0x000000008f700000, 0x000000008f800000|  0%| F|  |TAMS 0x000000008f700000, 0x000000008f700000| Untracked 
| 162|0x000000008f800000, 0x000000008f800000, 0x000000008f900000|  0%| F|  |TAMS 0x000000008f800000, 0x000000008f800000| Untracked 
| 163|0x000000008f900000, 0x000000008f900000, 0x000000008fa00000|  0%| F|  |TAMS 0x000000008f900000, 0x000000008f900000| Untracked 
| 164|0x000000008fa00000, 0x000000008fa00000, 0x000000008fb00000|  0%| F|  |TAMS 0x000000008fa00000, 0x000000008fa00000| Untracked 
| 165|0x000000008fb00000, 0x000000008fb00000, 0x000000008fc00000|  0%| F|  |TAMS 0x000000008fb00000, 0x000000008fb00000| Untracked 
| 166|0x000000008fc00000, 0x000000008fc00000, 0x000000008fd00000|  0%| F|  |TAMS 0x000000008fc00000, 0x000000008fc00000| Untracked 
| 167|0x000000008fd00000, 0x000000008fd00000, 0x000000008fe00000|  0%| F|  |TAMS 0x000000008fd00000, 0x000000008fd00000| Untracked 
| 168|0x000000008fe00000, 0x000000008fe00000, 0x000000008ff00000|  0%| F|  |TAMS 0x000000008fe00000, 0x000000008fe00000| Untracked 
| 169|0x000000008ff00000, 0x000000008ff00000, 0x0000000090000000|  0%| F|  |TAMS 0x000000008ff00000, 0x000000008ff00000| Untracked 
| 170|0x0000000090000000, 0x0000000090000000, 0x0000000090100000|  0%| F|  |TAMS 0x0000000090000000, 0x0000000090000000| Untracked 
| 171|0x0000000090100000, 0x0000000090100000, 0x0000000090200000|  0%| F|  |TAMS 0x0000000090100000, 0x0000000090100000| Untracked 
| 172|0x0000000090200000, 0x0000000090200000, 0x0000000090300000|  0%| F|  |TAMS 0x0000000090200000, 0x0000000090200000| Untracked 
| 173|0x0000000090300000, 0x0000000090300000, 0x0000000090400000|  0%| F|  |TAMS 0x0000000090300000, 0x0000000090300000| Untracked 
| 174|0x0000000090400000, 0x0000000090400000, 0x0000000090500000|  0%| F|  |TAMS 0x0000000090400000, 0x0000000090400000| Untracked 
| 175|0x0000000090500000, 0x0000000090500000, 0x0000000090600000|  0%| F|  |TAMS 0x0000000090500000, 0x0000000090500000| Untracked 
| 176|0x0000000090600000, 0x0000000090600000, 0x0000000090700000|  0%| F|  |TAMS 0x0000000090600000, 0x0000000090600000| Untracked 
| 177|0x0000000090700000, 0x0000000090700000, 0x0000000090800000|  0%| F|  |TAMS 0x0000000090700000, 0x0000000090700000| Untracked 
| 178|0x0000000090800000, 0x0000000090800000, 0x0000000090900000|  0%| F|  |TAMS 0x0000000090800000, 0x0000000090800000| Untracked 
| 179|0x0000000090900000, 0x0000000090900000, 0x0000000090a00000|  0%| F|  |TAMS 0x0000000090900000, 0x0000000090900000| Untracked 
| 180|0x0000000090a00000, 0x0000000090a00000, 0x0000000090b00000|  0%| F|  |TAMS 0x0000000090a00000, 0x0000000090a00000| Untracked 
| 181|0x0000000090b00000, 0x0000000090b00000, 0x0000000090c00000|  0%| F|  |TAMS 0x0000000090b00000, 0x0000000090b00000| Untracked 
| 182|0x0000000090c00000, 0x0000000090c00000, 0x0000000090d00000|  0%| F|  |TAMS 0x0000000090c00000, 0x0000000090c00000| Untracked 
| 183|0x0000000090d00000, 0x0000000090d00000, 0x0000000090e00000|  0%| F|  |TAMS 0x0000000090d00000, 0x0000000090d00000| Untracked 
| 184|0x0000000090e00000, 0x0000000090e00000, 0x0000000090f00000|  0%| F|  |TAMS 0x0000000090e00000, 0x0000000090e00000| Untracked 
| 185|0x0000000090f00000, 0x0000000090f00000, 0x0000000091000000|  0%| F|  |TAMS 0x0000000090f00000, 0x0000000090f00000| Untracked 
| 186|0x0000000091000000, 0x0000000091000000, 0x0000000091100000|  0%| F|  |TAMS 0x0000000091000000, 0x0000000091000000| Untracked 
| 187|0x0000000091100000, 0x0000000091100000, 0x0000000091200000|  0%| F|  |TAMS 0x0000000091100000, 0x0000000091100000| Untracked 
| 188|0x0000000091200000, 0x0000000091200000, 0x0000000091300000|  0%| F|  |TAMS 0x0000000091200000, 0x0000000091200000| Untracked 
| 189|0x0000000091300000, 0x0000000091300000, 0x0000000091400000|  0%| F|  |TAMS 0x0000000091300000, 0x0000000091300000| Untracked 
| 190|0x0000000091400000, 0x0000000091400000, 0x0000000091500000|  0%| F|  |TAMS 0x0000000091400000, 0x0000000091400000| Untracked 
| 191|0x0000000091500000, 0x0000000091500000, 0x0000000091600000|  0%| F|  |TAMS 0x0000000091500000, 0x0000000091500000| Untracked 
| 192|0x0000000091600000, 0x0000000091600000, 0x0000000091700000|  0%| F|  |TAMS 0x0000000091600000, 0x0000000091600000| Untracked 
| 193|0x0000000091700000, 0x0000000091700000, 0x0000000091800000|  0%| F|  |TAMS 0x0000000091700000, 0x0000000091700000| Untracked 
| 194|0x0000000091800000, 0x0000000091800000, 0x0000000091900000|  0%| F|  |TAMS 0x0000000091800000, 0x0000000091800000| Untracked 
| 195|0x0000000091900000, 0x0000000091900000, 0x0000000091a00000|  0%| F|  |TAMS 0x0000000091900000, 0x0000000091900000| Untracked 
| 196|0x0000000091a00000, 0x0000000091a00000, 0x0000000091b00000|  0%| F|  |TAMS 0x0000000091a00000, 0x0000000091a00000| Untracked 
| 197|0x0000000091b00000, 0x0000000091b00000, 0x0000000091c00000|  0%| F|  |TAMS 0x0000000091b00000, 0x0000000091b00000| Untracked 
| 198|0x0000000091c00000, 0x0000000091c00000, 0x0000000091d00000|  0%| F|  |TAMS 0x0000000091c00000, 0x0000000091c00000| Untracked 
| 199|0x0000000091d00000, 0x0000000091d00000, 0x0000000091e00000|  0%| F|  |TAMS 0x0000000091d00000, 0x0000000091d00000| Untracked 
| 200|0x0000000091e00000, 0x0000000091e00000, 0x0000000091f00000|  0%| F|  |TAMS 0x0000000091e00000, 0x0000000091e00000| Untracked 
| 201|0x0000000091f00000, 0x0000000091f00000, 0x0000000092000000|  0%| F|  |TAMS 0x0000000091f00000, 0x0000000091f00000| Untracked 
| 202|0x0000000092000000, 0x0000000092000000, 0x0000000092100000|  0%| F|  |TAMS 0x0000000092000000, 0x0000000092000000| Untracked 
| 203|0x0000000092100000, 0x0000000092100000, 0x0000000092200000|  0%| F|  |TAMS 0x0000000092100000, 0x0000000092100000| Untracked 
| 204|0x0000000092200000, 0x0000000092200000, 0x0000000092300000|  0%| F|  |TAMS 0x0000000092200000, 0x0000000092200000| Untracked 
| 205|0x0000000092300000, 0x0000000092300000, 0x0000000092400000|  0%| F|  |TAMS 0x0000000092300000, 0x0000000092300000| Untracked 
| 206|0x0000000092400000, 0x0000000092400000, 0x0000000092500000|  0%| F|  |TAMS 0x0000000092400000, 0x0000000092400000| Untracked 
| 207|0x0000000092500000, 0x0000000092500000, 0x0000000092600000|  0%| F|  |TAMS 0x0000000092500000, 0x0000000092500000| Untracked 
| 208|0x0000000092600000, 0x0000000092600000, 0x0000000092700000|  0%| F|  |TAMS 0x0000000092600000, 0x0000000092600000| Untracked 
| 209|0x0000000092700000, 0x0000000092700000, 0x0000000092800000|  0%| F|  |TAMS 0x0000000092700000, 0x0000000092700000| Untracked 
| 210|0x0000000092800000, 0x0000000092800000, 0x0000000092900000|  0%| F|  |TAMS 0x0000000092800000, 0x0000000092800000| Untracked 
| 211|0x0000000092900000, 0x0000000092900000, 0x0000000092a00000|  0%| F|  |TAMS 0x0000000092900000, 0x0000000092900000| Untracked 
| 212|0x0000000092a00000, 0x0000000092a00000, 0x0000000092b00000|  0%| F|  |TAMS 0x0000000092a00000, 0x0000000092a00000| Untracked 
| 213|0x0000000092b00000, 0x0000000092b00000, 0x0000000092c00000|  0%| F|  |TAMS 0x0000000092b00000, 0x0000000092b00000| Untracked 
| 214|0x0000000092c00000, 0x0000000092c00000, 0x0000000092d00000|  0%| F|  |TAMS 0x0000000092c00000, 0x0000000092c00000| Untracked 
| 215|0x0000000092d00000, 0x0000000092d00000, 0x0000000092e00000|  0%| F|  |TAMS 0x0000000092d00000, 0x0000000092d00000| Untracked 
| 216|0x0000000092e00000, 0x0000000092e00000, 0x0000000092f00000|  0%| F|  |TAMS 0x0000000092e00000, 0x0000000092e00000| Untracked 
| 217|0x0000000092f00000, 0x0000000092f00000, 0x0000000093000000|  0%| F|  |TAMS 0x0000000092f00000, 0x0000000092f00000| Untracked 
| 218|0x0000000093000000, 0x0000000093000000, 0x0000000093100000|  0%| F|  |TAMS 0x0000000093000000, 0x0000000093000000| Untracked 
| 219|0x0000000093100000, 0x0000000093100000, 0x0000000093200000|  0%| F|  |TAMS 0x0000000093100000, 0x0000000093100000| Untracked 
| 220|0x0000000093200000, 0x0000000093200000, 0x0000000093300000|  0%| F|  |TAMS 0x0000000093200000, 0x0000000093200000| Untracked 
| 221|0x0000000093300000, 0x0000000093300000, 0x0000000093400000|  0%| F|  |TAMS 0x0000000093300000, 0x0000000093300000| Untracked 
| 222|0x0000000093400000, 0x0000000093400000, 0x0000000093500000|  0%| F|  |TAMS 0x0000000093400000, 0x0000000093400000| Untracked 
| 223|0x0000000093500000, 0x0000000093500000, 0x0000000093600000|  0%| F|  |TAMS 0x0000000093500000, 0x0000000093500000| Untracked 
| 224|0x0000000093600000, 0x0000000093600000, 0x0000000093700000|  0%| F|  |TAMS 0x0000000093600000, 0x0000000093600000| Untracked 
| 225|0x0000000093700000, 0x0000000093700000, 0x0000000093800000|  0%| F|  |TAMS 0x0000000093700000, 0x0000000093700000| Untracked 
| 226|0x0000000093800000, 0x0000000093800000, 0x0000000093900000|  0%| F|  |TAMS 0x0000000093800000, 0x0000000093800000| Untracked 
| 227|0x0000000093900000, 0x0000000093900000, 0x0000000093a00000|  0%| F|  |TAMS 0x0000000093900000, 0x0000000093900000| Untracked 

Card table byte_map: [0x00007fe55ac1c000,0x00007fe55aff1000] _byte_map_base: 0x00007fe55a7f1000

Marking Bits (Prev, Next): (CMBitMap*) 0x00007fe5740506b8, (CMBitMap*) 0x00007fe5740506f0
 Prev Bits: [0x00007fe55899f000, 0x00007fe55a847000)
 Next Bits: [0x00007fe552158000, 0x00007fe554000000)

Polling page: 0x00007fe57afb4000

Metaspace:

Usage:
  Non-class:      5.88 MB capacity,     5.79 MB ( 98%) used,    87.05 KB (  1%) free+waste,     8.06 KB ( <1%) overhead. 
      Class:    610.00 KB capacity,   545.32 KB ( 89%) used,    60.68 KB ( 10%) free+waste,     4.00 KB ( <1%) overhead. 
       Both:      6.48 MB capacity,     6.32 MB ( 98%) used,   147.73 KB (  2%) free+waste,    12.06 KB ( <1%) overhead. 

Virtual space:
  Non-class space:        8.00 MB reserved,       6.00 MB ( 75%) committed 
      Class space:        1.00 GB reserved,     640.00 KB ( <1%) committed 
             Both:        1.01 GB reserved,       6.62 MB ( <1%) committed 

Chunk freelists:
   Non-Class:  59.00 KB
       Class:  0 bytes
        Both:  59.00 KB

CodeHeap 'non-profiled nmethods': size=120032Kb used=579Kb max_used=579Kb free=119452Kb
 bounds [0x00007fe563394000, 0x00007fe563604000, 0x00007fe56a8cc000]
CodeHeap 'profiled nmethods': size=120032Kb used=1238Kb max_used=1238Kb free=118793Kb
 bounds [0x00007fe55be5c000, 0x00007fe55c0cc000, 0x00007fe563394000]
CodeHeap 'non-nmethods': size=5696Kb used=1046Kb max_used=1081Kb free=4649Kb
 bounds [0x00007fe55b8cc000, 0x00007fe55bb3c000, 0x00007fe55be5c000]
 total_blobs=1411 nmethods=766 adapters=259
 compilation: enabled
              stopped_count=0, restarted_count=0
 full_count=0

Compilation events (10 events):
Event: 2.011 Thread 0x00007fe574157800 nmethod 770 0x00007fe55bf8fd10 code [0x00007fe55bf8fee0, 0x00007fe55bf901a8]
Event: 2.058 Thread 0x00007fe574157800  771       3       SimBlock.simulator.Timer::runTask (49 bytes)
Event: 2.059 Thread 0x00007fe574157800 nmethod 771 0x00007fe55bf90290 code [0x00007fe55bf90480, 0x00007fe55bf90908]
Event: 2.062 Thread 0x00007fe574155800  772       4       SimBlock.simulator.Timer::runTask (49 bytes)
Event: 2.084 Thread 0x00007fe574155800 nmethod 772 0x00007fe563423d90 code [0x00007fe563423f80, 0x00007fe5634247e8]
Event: 2.229 Thread 0x00007fe574157800  773       3       java.net.URI$Parser::at (23 bytes)
Event: 2.230 Thread 0x00007fe574157800 nmethod 773 0x00007fe55bf90a90 code [0x00007fe55bf90ca0, 0x00007fe55bf91338]
Event: 3.312 Thread 0x00007fe574157800  774       3       java.nio.Buffer::limit (74 bytes)
Event: 3.333 Thread 0x00007fe574157800 nmethod 774 0x00007fe55bf91610 code [0x00007fe55bf917e0, 0x00007fe55bf91ae8]
Event: 3.776 Thread 0x00007fe574157800  775       3       java.nio.Buffer::<init> (99 bytes)

GC Heap History (10 events):
Event: 1.577 GC heap after
{Heap after GC invocations=8 (full 0):
 garbage-first heap   total 181248K, used 4287K [0x0000000085600000, 0x0000000100000000)
  region size 1024K, 5 young (5120K), 5 survivors (5120K)
 Metaspace       used 6466K, capacity 6631K, committed 6784K, reserved 1056768K
  class space    used 545K, capacity 610K, committed 640K, reserved 1048576K
}
Event: 1.727 GC heap before
{Heap before GC invocations=8 (full 0):
 garbage-first heap   total 181248K, used 107711K [0x0000000085600000, 0x0000000100000000)
  region size 1024K, 106 young (108544K), 5 survivors (5120K)
 Metaspace       used 6466K, capacity 6631K, committed 6784K, reserved 1056768K
  class space    used 545K, capacity 610K, committed 640K, reserved 1048576K
}
Event: 1.732 GC heap after
{Heap after GC invocations=9 (full 0):
 garbage-first heap   total 233472K, used 4096K [0x0000000085600000, 0x0000000100000000)
  region size 1024K, 4 young (4096K), 4 survivors (4096K)
 Metaspace       used 6466K, capacity 6631K, committed 6784K, reserved 1056768K
  class space    used 545K, capacity 610K, committed 640K, reserved 1048576K
}
Event: 2.002 GC heap before
{Heap before GC invocations=9 (full 0):
 garbage-first heap   total 233472K, used 139264K [0x0000000085600000, 0x0000000100000000)
  region size 1024K, 136 young (139264K), 4 survivors (4096K)
 Metaspace       used 6470K, capacity 6631K, committed 6784K, reserved 1056768K
  class space    used 545K, capacity 610K, committed 640K, reserved 1048576K
}
Event: 2.006 GC heap after
{Heap after GC invocations=10 (full 0):
 garbage-first heap   total 233472K, used 4293K [0x0000000085600000, 0x0000000100000000)
  region size 1024K, 5 young (5120K), 5 survivors (5120K)
 Metaspace       used 6470K, capacity 6631K, committed 6784K, reserved 1056768K
  class space    used 545K, capacity 610K, committed 640K, reserved 1048576K
}
Event: 2.205 GC heap before
{Heap before GC invocations=10 (full 0):
 garbage-first heap   total 233472K, used 138437K [0x0000000085600000, 0x0000000100000000)
  region size 1024K, 136 young (139264K), 5 survivors (5120K)
 Metaspace       used 6470K, capacity 6631K, committed 6784K, reserved 1056768K
  class space    used 545K, capacity 610K, committed 640K, reserved 1048576K
}
Event: 2.214 GC heap after
{Heap after GC invocations=11 (full 0):
 garbage-first heap   total 233472K, used 4294K [0x0000000085600000, 0x0000000100000000)
  region size 1024K, 5 young (5120K), 5 survivors (5120K)
 Metaspace       used 6470K, capacity 6631K, committed 6784K, reserved 1056768K
  class space    used 545K, capacity 610K, committed 640K, reserved 1048576K
}
Event: 2.665 GC heap before
{Heap before GC invocations=11 (full 0):
 garbage-first heap   total 233472K, used 138438K [0x0000000085600000, 0x0000000100000000)
  region size 1024K, 136 young (139264K), 5 survivors (5120K)
 Metaspace       used 6471K, capacity 6631K, committed 6784K, reserved 1056768K
  class space    used 545K, capacity 610K, committed 640K, reserved 1048576K
}
Event: 3.086 GC heap after
{Heap after GC invocations=12 (full 0):
 garbage-first heap   total 233472K, used 4495K [0x0000000085600000, 0x0000000100000000)
  region size 1024K, 5 young (5120K), 5 survivors (5120K)
 Metaspace       used 6471K, capacity 6631K, committed 6784K, reserved 1056768K
  class space    used 545K, capacity 610K, committed 640K, reserved 1048576K
}
Event: 4.089 GC heap before
{Heap before GC invocations=12 (full 0):
 garbage-first heap   total 233472K, used 138639K [0x0000000085600000, 0x0000000100000000)
  region size 1024K, 136 young (139264K), 5 survivors (5120K)
 Metaspace       used 6471K, capacity 6631K, committed 6784K, reserved 1056768K
  class space    used 545K, capacity 610K, committed 640K, reserved 1048576K
}

Deoptimization events (10 events):
Event: 1.318 Thread 0x00007fe574012000 DEOPT PACKING pc=0x00007fe5633fb5a0 sp=0x00007fe57af99640
Event: 1.318 Thread 0x00007fe574012000 DEOPT UNPACKING pc=0x00007fe55b8f46a5 sp=0x00007fe57af996a0 mode 2
Event: 1.318 Thread 0x00007fe574012000 Uncommon trap: trap_request=0xffffff4d fr.pc=0x00007fe5633bf790 relative=0x0000000000000550
Event: 1.318 Thread 0x00007fe574012000 Uncommon trap: reason=unstable_if action=reinterpret pc=0x00007fe5633bf790 method=java.util.HashMap.removeNode(ILjava/lang/Object;Ljava/lang/Object;ZZ)Ljava/util/HashMap$Node; @ 34 c2
Event: 1.318 Thread 0x00007fe574012000 DEOPT PACKING pc=0x00007fe5633bf790 sp=0x00007fe57af99520
Event: 1.318 Thread 0x00007fe574012000 DEOPT UNPACKING pc=0x00007fe55b8f46a5 sp=0x00007fe57af994b0 mode 2
Event: 2.054 Thread 0x00007fe574012000 Uncommon trap: trap_request=0xffffff4d fr.pc=0x00007fe5633c5ff0 relative=0x0000000000000670
Event: 2.055 Thread 0x00007fe574012000 Uncommon trap: reason=unstable_if action=reinterpret pc=0x00007fe5633c5ff0 method=java.util.HashMap.removeNode(ILjava/lang/Object;Ljava/lang/Object;ZZ)Ljava/util/HashMap$Node; @ 58 c2
Event: 2.055 Thread 0x00007fe574012000 DEOPT PACKING pc=0x00007fe5633c5ff0 sp=0x00007fe57af99960
Event: 2.056 Thread 0x00007fe574012000 DEOPT UNPACKING pc=0x00007fe55b8f46a5 sp=0x00007fe57af99800 mode 2

Classes redefined (0 events):
No events

Internal exceptions (4 events):
Event: 0.085 Thread 0x00007fe574012000 Exception <a 'java/security/PrivilegedActionException'{0x000000008d029708}> (0x000000008d029708) thrown at [/build/openjdk-lts-7bqZff/openjdk-lts-11.0.4+11/src/hotspot/share/prims/jvm.cpp, line 1300]
Event: 0.085 Thread 0x00007fe574012000 Exception <a 'java/security/PrivilegedActionException'{0x000000008d0299d8}> (0x000000008d0299d8) thrown at [/build/openjdk-lts-7bqZff/openjdk-lts-11.0.4+11/src/hotspot/share/prims/jvm.cpp, line 1300]
Event: 0.673 Thread 0x00007fe574012000 Exception <a 'java/lang/NoSuchMethodError'{0x000000008bbd16f8}: 'java.lang.Object java.lang.invoke.Invokers$Holder.linkToTargetMethod(java.lang.Object, int, java.lang.Object)'> (0x000000008bbd16f8) thrown at [/build/openjdk-lts-7bqZff/openjdk-lts-11.0.4+1
Event: 1.318 Thread 0x00007fe574012000 Implicit null exception at 0x00007fe5633bf295 to 0x00007fe5633bf766

Events (10 events):
Event: 1.577 Executing VM operation: G1CollectForAllocation done
Event: 1.726 Executing VM operation: G1CollectForAllocation
Event: 1.732 Executing VM operation: G1CollectForAllocation done
Event: 2.001 Executing VM operation: G1CollectForAllocation
Event: 2.007 Executing VM operation: G1CollectForAllocation done
Event: 2.205 Executing VM operation: G1CollectForAllocation
Event: 2.214 Executing VM operation: G1CollectForAllocation done
Event: 2.438 Executing VM operation: G1CollectForAllocation
Event: 3.265 Executing VM operation: G1CollectForAllocation done
Event: 3.953 Executing VM operation: G1CollectForAllocation


Dynamic libraries:
85600000-93a00000 rw-p 00000000 00:00 0 
b0200000-100000000 ---p 00000000 00:00 0 
100000000-1000a0000 rw-p 00000000 00:00 0 
1000a0000-140000000 ---p 00000000 00:00 0 
560d904b7000-560d904b8000 r-xp 00000000 08:01 1843403                    /usr/lib/jvm/java-11-openjdk-amd64/bin/java
560d906b8000-560d906b9000 r--p 00001000 08:01 1843403                    /usr/lib/jvm/java-11-openjdk-amd64/bin/java
560d906b9000-560d906ba000 rw-p 00002000 08:01 1843403                    /usr/lib/jvm/java-11-openjdk-amd64/bin/java
560d91c36000-560d91c57000 rw-p 00000000 00:00 0                          [heap]
7fe508000000-7fe508021000 rw-p 00000000 00:00 0 
7fe508021000-7fe50c000000 ---p 00000000 00:00 0 
7fe50c000000-7fe50c021000 rw-p 00000000 00:00 0 
7fe50c021000-7fe510000000 ---p 00000000 00:00 0 
7fe510000000-7fe510021000 rw-p 00000000 00:00 0 
7fe510021000-7fe514000000 ---p 00000000 00:00 0 
7fe514000000-7fe514021000 rw-p 00000000 00:00 0 
7fe514021000-7fe518000000 ---p 00000000 00:00 0 
7fe518000000-7fe518021000 rw-p 00000000 00:00 0 
7fe518021000-7fe51c000000 ---p 00000000 00:00 0 
7fe51c000000-7fe51c021000 rw-p 00000000 00:00 0 
7fe51c021000-7fe520000000 ---p 00000000 00:00 0 
7fe520000000-7fe520173000 rw-p 00000000 00:00 0 
7fe520173000-7fe524000000 ---p 00000000 00:00 0 
7fe524000000-7fe524021000 rw-p 00000000 00:00 0 
7fe524021000-7fe528000000 ---p 00000000 00:00 0 
7fe528000000-7fe528021000 rw-p 00000000 00:00 0 
7fe528021000-7fe52c000000 ---p 00000000 00:00 0 
7fe52c000000-7fe52d71d000 rw-p 00000000 00:00 0 
7fe52d71d000-7fe530000000 ---p 00000000 00:00 0 
7fe530000000-7fe530021000 rw-p 00000000 00:00 0 
7fe530021000-7fe534000000 ---p 00000000 00:00 0 
7fe534000000-7fe534021000 rw-p 00000000 00:00 0 
7fe534021000-7fe538000000 ---p 00000000 00:00 0 
7fe538000000-7fe538067000 rw-p 00000000 00:00 0 
7fe538067000-7fe53c000000 ---p 00000000 00:00 0 
7fe53c000000-7fe53c021000 rw-p 00000000 00:00 0 
7fe53c021000-7fe540000000 ---p 00000000 00:00 0 
7fe541cf9000-7fe541cfa000 ---p 00000000 00:00 0 
7fe541cfa000-7fe541dfb000 rw-p 00000000 00:00 0 
7fe541dfb000-7fe541dfc000 ---p 00000000 00:00 0 
7fe541dfc000-7fe541efd000 rw-p 00000000 00:00 0 
7fe541efd000-7fe541efe000 ---p 00000000 00:00 0 
7fe541efe000-7fe541fff000 rw-p 00000000 00:00 0 
7fe541fff000-7fe542015000 r-xp 00000000 08:01 3540866                    /usr/lib/jvm/java-11-openjdk-amd64/lib/libnet.so
7fe542015000-7fe542214000 ---p 00016000 08:01 3540866                    /usr/lib/jvm/java-11-openjdk-amd64/lib/libnet.so
7fe542214000-7fe542215000 r--p 00015000 08:01 3540866                    /usr/lib/jvm/java-11-openjdk-amd64/lib/libnet.so
7fe542215000-7fe542216000 rw-p 00016000 08:01 3540866                    /usr/lib/jvm/java-11-openjdk-amd64/lib/libnet.so
7fe542216000-7fe542226000 r-xp 00000000 08:01 3540867                    /usr/lib/jvm/java-11-openjdk-amd64/lib/libnio.so
7fe542226000-7fe542425000 ---p 00010000 08:01 3540867                    /usr/lib/jvm/java-11-openjdk-amd64/lib/libnio.so
7fe542425000-7fe542426000 r--p 0000f000 08:01 3540867                    /usr/lib/jvm/java-11-openjdk-amd64/lib/libnio.so
7fe542426000-7fe542427000 rw-p 00010000 08:01 3540867                    /usr/lib/jvm/java-11-openjdk-amd64/lib/libnio.so
7fe542427000-7fe54242b000 ---p 00000000 00:00 0 
7fe54242b000-7fe542528000 rw-p 00000000 00:00 0 
7fe542528000-7fe542529000 ---p 00000000 00:00 0 
7fe542529000-7fe54262a000 rw-p 00000000 00:00 0 
7fe54262a000-7fe54262e000 ---p 00000000 00:00 0 
7fe54262e000-7fe54272b000 rw-p 00000000 00:00 0 
7fe54272b000-7fe54272f000 ---p 00000000 00:00 0 
7fe54272f000-7fe54282c000 rw-p 00000000 00:00 0 
7fe54282c000-7fe542830000 ---p 00000000 00:00 0 
7fe542830000-7fe54292d000 rw-p 00000000 00:00 0 
7fe54292d000-7fe542931000 ---p 00000000 00:00 0 
7fe542931000-7fe542a2e000 rw-p 00000000 00:00 0 
7fe542a2e000-7fe542a32000 ---p 00000000 00:00 0 
7fe542a32000-7fe542b2f000 rw-p 00000000 00:00 0 
7fe542b2f000-7fe5435fe000 r--p 00000000 08:01 1055413                    /usr/lib/locale/locale-archive
7fe5435fe000-7fe543602000 ---p 00000000 00:00 0 
7fe543602000-7fe5436ff000 rw-p 00000000 00:00 0 
7fe5436ff000-7fe543703000 ---p 00000000 00:00 0 
7fe543703000-7fe543e00000 rw-p 00000000 00:00 0 
7fe543e00000-7fe544000000 ---p 00000000 00:00 0 
7fe544000000-7fe544021000 rw-p 00000000 00:00 0 
7fe544021000-7fe548000000 ---p 00000000 00:00 0 
7fe548000000-7fe548021000 rw-p 00000000 00:00 0 
7fe548021000-7fe54c000000 ---p 00000000 00:00 0 
7fe54c000000-7fe54c021000 rw-p 00000000 00:00 0 
7fe54c021000-7fe550000000 ---p 00000000 00:00 0 
7fe550056000-7fe550057000 ---p 00000000 00:00 0 
7fe550057000-7fe5524e8000 rw-p 00000000 00:00 0 
7fe5524e8000-7fe554000000 ---p 00000000 00:00 0 
7fe554000000-7fe554021000 rw-p 00000000 00:00 0 
7fe554021000-7fe558000000 ---p 00000000 00:00 0 
7fe5580b7000-7fe558193000 rw-p 00000000 00:00 0 
7fe558193000-7fe558194000 ---p 00000000 00:00 0 
7fe558194000-7fe558295000 rw-p 00000000 00:00 0 
7fe558295000-7fe558296000 ---p 00000000 00:00 0 
7fe558296000-7fe55879b000 rw-p 00000000 00:00 0 
7fe55879b000-7fe55879c000 ---p 00000000 00:00 0 
7fe55879c000-7fe55889d000 rw-p 00000000 00:00 0 
7fe55889d000-7fe55889e000 ---p 00000000 00:00 0 
7fe55889e000-7fe558d2f000 rw-p 00000000 00:00 0 
7fe558d2f000-7fe55a847000 ---p 00000000 00:00 0 
7fe55a847000-7fe55a8b9000 rw-p 00000000 00:00 0 
7fe55a8b9000-7fe55ac1c000 ---p 00000000 00:00 0 
7fe55ac1c000-7fe55ac8e000 rw-p 00000000 00:00 0 
7fe55ac8e000-7fe55aff1000 ---p 00000000 00:00 0 
7fe55aff1000-7fe55b063000 rw-p 00000000 00:00 0 
7fe55b063000-7fe55b3c6000 ---p 00000000 00:00 0 
7fe55b3c6000-7fe55b7ca000 rw-p 00000000 00:00 0 
7fe55b7ca000-7fe55b7cb000 ---p 00000000 00:00 0 
7fe55b7cb000-7fe55b8cc000 rw-p 00000000 00:00 0 
7fe55b8cc000-7fe55bb3c000 rwxp 00000000 00:00 0 
7fe55bb3c000-7fe55be5c000 ---p 00000000 00:00 0 
7fe55be5c000-7fe55c0cc000 rwxp 00000000 00:00 0 
7fe55c0cc000-7fe563394000 ---p 00000000 00:00 0 
7fe563394000-7fe563604000 rwxp 00000000 00:00 0 
7fe563604000-7fe56a8cc000 ---p 00000000 00:00 0 
7fe56a8cc000-7fe572f76000 r--s 00000000 08:01 3540876                    /usr/lib/jvm/java-11-openjdk-amd64/lib/modules
7fe572f76000-7fe572f7b000 r-xp 00000000 08:01 3540858                    /usr/lib/jvm/java-11-openjdk-amd64/lib/libjimage.so
7fe572f7b000-7fe57317a000 ---p 00005000 08:01 3540858                    /usr/lib/jvm/java-11-openjdk-amd64/lib/libjimage.so
7fe57317a000-7fe57317b000 r--p 00004000 08:01 3540858                    /usr/lib/jvm/java-11-openjdk-amd64/lib/libjimage.so
7fe57317b000-7fe57317c000 rw-p 00005000 08:01 3540858                    /usr/lib/jvm/java-11-openjdk-amd64/lib/libjimage.so
7fe57317c000-7fe573183000 r-xp 00000000 08:01 3540875                    /usr/lib/jvm/java-11-openjdk-amd64/lib/libzip.so
7fe573183000-7fe573382000 ---p 00007000 08:01 3540875                    /usr/lib/jvm/java-11-openjdk-amd64/lib/libzip.so
7fe573382000-7fe573383000 r--p 00006000 08:01 3540875                    /usr/lib/jvm/java-11-openjdk-amd64/lib/libzip.so
7fe573383000-7fe573384000 rw-p 00007000 08:01 3540875                    /usr/lib/jvm/java-11-openjdk-amd64/lib/libzip.so
7fe573384000-7fe57338f000 r-xp 00000000 08:01 1708774                    /lib/x86_64-linux-gnu/libnss_files-2.27.so
7fe57338f000-7fe57358e000 ---p 0000b000 08:01 1708774                    /lib/x86_64-linux-gnu/libnss_files-2.27.so
7fe57358e000-7fe57358f000 r--p 0000a000 08:01 1708774                    /lib/x86_64-linux-gnu/libnss_files-2.27.so
7fe57358f000-7fe573590000 rw-p 0000b000 08:01 1708774                    /lib/x86_64-linux-gnu/libnss_files-2.27.so
7fe573590000-7fe573596000 rw-p 00000000 00:00 0 
7fe573596000-7fe5735ad000 r-xp 00000000 08:01 1708768                    /lib/x86_64-linux-gnu/libnsl-2.27.so
7fe5735ad000-7fe5737ac000 ---p 00017000 08:01 1708768                    /lib/x86_64-linux-gnu/libnsl-2.27.so
7fe5737ac000-7fe5737ad000 r--p 00016000 08:01 1708768                    /lib/x86_64-linux-gnu/libnsl-2.27.so
7fe5737ad000-7fe5737ae000 rw-p 00017000 08:01 1708768                    /lib/x86_64-linux-gnu/libnsl-2.27.so
7fe5737ae000-7fe5737b0000 rw-p 00000000 00:00 0 
7fe5737b0000-7fe5737bb000 r-xp 00000000 08:01 1708785                    /lib/x86_64-linux-gnu/libnss_nis-2.27.so
7fe5737bb000-7fe5739ba000 ---p 0000b000 08:01 1708785                    /lib/x86_64-linux-gnu/libnss_nis-2.27.so
7fe5739ba000-7fe5739bb000 r--p 0000a000 08:01 1708785                    /lib/x86_64-linux-gnu/libnss_nis-2.27.so
7fe5739bb000-7fe5739bc000 rw-p 0000b000 08:01 1708785                    /lib/x86_64-linux-gnu/libnss_nis-2.27.so
7fe5739bc000-7fe5739c4000 r-xp 00000000 08:01 1708770                    /lib/x86_64-linux-gnu/libnss_compat-2.27.so
7fe5739c4000-7fe573bc4000 ---p 00008000 08:01 1708770                    /lib/x86_64-linux-gnu/libnss_compat-2.27.so
7fe573bc4000-7fe573bc5000 r--p 00008000 08:01 1708770                    /lib/x86_64-linux-gnu/libnss_compat-2.27.so
7fe573bc5000-7fe573bc6000 rw-p 00009000 08:01 1708770                    /lib/x86_64-linux-gnu/libnss_compat-2.27.so
7fe573bc6000-7fe573bef000 r-xp 00000000 08:01 3540854                    /usr/lib/jvm/java-11-openjdk-amd64/lib/libjava.so
7fe573bef000-7fe573dee000 ---p 00029000 08:01 3540854                    /usr/lib/jvm/java-11-openjdk-amd64/lib/libjava.so
7fe573dee000-7fe573def000 r--p 00028000 08:01 3540854                    /usr/lib/jvm/java-11-openjdk-amd64/lib/libjava.so
7fe573def000-7fe573df1000 rw-p 00029000 08:01 3540854                    /usr/lib/jvm/java-11-openjdk-amd64/lib/libjava.so
7fe573df1000-7fe573dfe000 r-xp 00000000 08:01 3540874                    /usr/lib/jvm/java-11-openjdk-amd64/lib/libverify.so
7fe573dfe000-7fe573ffd000 ---p 0000d000 08:01 3540874                    /usr/lib/jvm/java-11-openjdk-amd64/lib/libverify.so
7fe573ffd000-7fe573fff000 r--p 0000c000 08:01 3540874                    /usr/lib/jvm/java-11-openjdk-amd64/lib/libverify.so
7fe573fff000-7fe574000000 rw-p 0000e000 08:01 3540874                    /usr/lib/jvm/java-11-openjdk-amd64/lib/libverify.so
7fe574000000-7fe5742c7000 rw-p 00000000 00:00 0 
7fe5742c7000-7fe578000000 ---p 00000000 00:00 0 
7fe57801b000-7fe578020000 rw-p 00000000 00:00 0 
7fe578020000-7fe578106000 ---p 00000000 00:00 0 
7fe578106000-7fe57810b000 rw-p 00000000 00:00 0 
7fe57810b000-7fe5781f1000 ---p 00000000 00:00 0 
7fe5781f1000-7fe5781f8000 r-xp 00000000 08:01 1708825                    /lib/x86_64-linux-gnu/librt-2.27.so
7fe5781f8000-7fe5783f7000 ---p 00007000 08:01 1708825                    /lib/x86_64-linux-gnu/librt-2.27.so
7fe5783f7000-7fe5783f8000 r--p 00006000 08:01 1708825                    /lib/x86_64-linux-gnu/librt-2.27.so
7fe5783f8000-7fe5783f9000 rw-p 00007000 08:01 1708825                    /lib/x86_64-linux-gnu/librt-2.27.so
7fe5783f9000-7fe578410000 r-xp 00000000 08:01 1709445                    /lib/x86_64-linux-gnu/libgcc_s.so.1
7fe578410000-7fe57860f000 ---p 00017000 08:01 1709445                    /lib/x86_64-linux-gnu/libgcc_s.so.1
7fe57860f000-7fe578610000 r--p 00016000 08:01 1709445                    /lib/x86_64-linux-gnu/libgcc_s.so.1
7fe578610000-7fe578611000 rw-p 00017000 08:01 1709445                    /lib/x86_64-linux-gnu/libgcc_s.so.1
7fe578611000-7fe5787ae000 r-xp 00000000 08:01 1708747                    /lib/x86_64-linux-gnu/libm-2.27.so
7fe5787ae000-7fe5789ad000 ---p 0019d000 08:01 1708747                    /lib/x86_64-linux-gnu/libm-2.27.so
7fe5789ad000-7fe5789ae000 r--p 0019c000 08:01 1708747                    /lib/x86_64-linux-gnu/libm-2.27.so
7fe5789ae000-7fe5789af000 rw-p 0019d000 08:01 1708747                    /lib/x86_64-linux-gnu/libm-2.27.so
7fe5789af000-7fe578b28000 r-xp 00000000 08:01 1051552                    /usr/lib/x86_64-linux-gnu/libstdc++.so.6.0.25
7fe578b28000-7fe578d28000 ---p 00179000 08:01 1051552                    /usr/lib/x86_64-linux-gnu/libstdc++.so.6.0.25
7fe578d28000-7fe578d32000 r--p 00179000 08:01 1051552                    /usr/lib/x86_64-linux-gnu/libstdc++.so.6.0.25
7fe578d32000-7fe578d34000 rw-p 00183000 08:01 1051552                    /usr/lib/x86_64-linux-gnu/libstdc++.so.6.0.25
7fe578d34000-7fe578d38000 rw-p 00000000 00:00 0 
7fe578d38000-7fe579e04000 r-xp 00000000 08:01 3540879                    /usr/lib/jvm/java-11-openjdk-amd64/lib/server/libjvm.so
7fe579e04000-7fe57a003000 ---p 010cc000 08:01 3540879                    /usr/lib/jvm/java-11-openjdk-amd64/lib/server/libjvm.so
7fe57a003000-7fe57a0c0000 r--p 010cb000 08:01 3540879                    /usr/lib/jvm/java-11-openjdk-amd64/lib/server/libjvm.so
7fe57a0c0000-7fe57a0f9000 rw-p 01188000 08:01 3540879                    /usr/lib/jvm/java-11-openjdk-amd64/lib/server/libjvm.so
7fe57a0f9000-7fe57a14f000 rw-p 00000000 00:00 0 
7fe57a14f000-7fe57a169000 r-xp 00000000 08:01 1708817                    /lib/x86_64-linux-gnu/libpthread-2.27.so
7fe57a169000-7fe57a368000 ---p 0001a000 08:01 1708817                    /lib/x86_64-linux-gnu/libpthread-2.27.so
7fe57a368000-7fe57a369000 r--p 00019000 08:01 1708817                    /lib/x86_64-linux-gnu/libpthread-2.27.so
7fe57a369000-7fe57a36a000 rw-p 0001a000 08:01 1708817                    /lib/x86_64-linux-gnu/libpthread-2.27.so
7fe57a36a000-7fe57a36e000 rw-p 00000000 00:00 0 
7fe57a36e000-7fe57a371000 r-xp 00000000 08:01 1708707                    /lib/x86_64-linux-gnu/libdl-2.27.so
7fe57a371000-7fe57a570000 ---p 00003000 08:01 1708707                    /lib/x86_64-linux-gnu/libdl-2.27.so
7fe57a570000-7fe57a571000 r--p 00002000 08:01 1708707                    /lib/x86_64-linux-gnu/libdl-2.27.so
7fe57a571000-7fe57a572000 rw-p 00003000 08:01 1708707                    /lib/x86_64-linux-gnu/libdl-2.27.so
7fe57a572000-7fe57a58e000 r-xp 00000000 08:01 1708856                    /lib/x86_64-linux-gnu/libz.so.1.2.11
7fe57a58e000-7fe57a78d000 ---p 0001c000 08:01 1708856                    /lib/x86_64-linux-gnu/libz.so.1.2.11
7fe57a78d000-7fe57a78e000 r--p 0001b000 08:01 1708856                    /lib/x86_64-linux-gnu/libz.so.1.2.11
7fe57a78e000-7fe57a78f000 rw-p 0001c000 08:01 1708856                    /lib/x86_64-linux-gnu/libz.so.1.2.11
7fe57a78f000-7fe57a976000 r-xp 00000000 08:01 1708684                    /lib/x86_64-linux-gnu/libc-2.27.so
7fe57a976000-7fe57ab76000 ---p 001e7000 08:01 1708684                    /lib/x86_64-linux-gnu/libc-2.27.so
7fe57ab76000-7fe57ab7a000 r--p 001e7000 08:01 1708684                    /lib/x86_64-linux-gnu/libc-2.27.so
7fe57ab7a000-7fe57ab7c000 rw-p 001eb000 08:01 1708684                    /lib/x86_64-linux-gnu/libc-2.27.so
7fe57ab7c000-7fe57ab80000 rw-p 00000000 00:00 0 
7fe57ab80000-7fe57ab90000 r-xp 00000000 08:01 3540838                    /usr/lib/jvm/java-11-openjdk-amd64/lib/jli/libjli.so
7fe57ab90000-7fe57ad8f000 ---p 00010000 08:01 3540838                    /usr/lib/jvm/java-11-openjdk-amd64/lib/jli/libjli.so
7fe57ad8f000-7fe57ad90000 r--p 0000f000 08:01 3540838                    /usr/lib/jvm/java-11-openjdk-amd64/lib/jli/libjli.so
7fe57ad90000-7fe57ad91000 rw-p 00010000 08:01 3540838                    /usr/lib/jvm/java-11-openjdk-amd64/lib/jli/libjli.so
7fe57ad91000-7fe57adb8000 r-xp 00000000 08:01 1708656                    /lib/x86_64-linux-gnu/ld-2.27.so
7fe57adbd000-7fe57ae9a000 rw-p 00000000 00:00 0 
7fe57ae9a000-7fe57ae9e000 ---p 00000000 00:00 0 
7fe57ae9e000-7fe57af9d000 rw-p 00000000 00:00 0 
7fe57af9e000-7fe57afa3000 rw-p 00000000 00:00 0 
7fe57afa3000-7fe57afaa000 ---p 00000000 00:00 0 
7fe57afaa000-7fe57afac000 r--s 00007000 08:01 1445236                    /usr/share/java/java-atk-wrapper.jar
7fe57afac000-7fe57afb4000 rw-s 00000000 08:01 919818                     /tmp/hsperfdata_root/2127
7fe57afb4000-7fe57afb5000 ---p 00000000 00:00 0 
7fe57afb5000-7fe57afb6000 r--p 00000000 00:00 0 
7fe57afb6000-7fe57afb8000 rw-p 00000000 00:00 0 
7fe57afb8000-7fe57afb9000 r--p 00027000 08:01 1708656                    /lib/x86_64-linux-gnu/ld-2.27.so
7fe57afb9000-7fe57afba000 rw-p 00028000 08:01 1708656                    /lib/x86_64-linux-gnu/ld-2.27.so
7fe57afba000-7fe57afbb000 rw-p 00000000 00:00 0 
7ffd2557c000-7ffd2559d000 rw-p 00000000 00:00 0                          [stack]
7ffd255ba000-7ffd255bd000 r--p 00000000 00:00 0                          [vvar]
7ffd255bd000-7ffd255bf000 r-xp 00000000 00:00 0                          [vdso]
ffffffffff600000-ffffffffff601000 r-xp 00000000 00:00 0                  [vsyscall]


VM Arguments:
jvm_args: -Dfile.encoding=UTF-8 -Duser.country=JP -Duser.language=ja -Duser.variant 
java_command: SimBlock.simulator.Main
java_class_path (initial): /home/hikaru-morita/simblock-0.7.0/simulator/build/classes/java/main:/home/hikaru-morita/simblock-0.7.0/simulator/build/resources/main:/home/hikaru-morita/simblock-0.7.0/simulator/src/dist/conf
Launcher Type: SUN_STANDARD

[Global flags]
     intx CICompilerCount                          = 3                                         {product} {ergonomic}
     uint ConcGCThreads                            = 1                                         {product} {ergonomic}
     uint G1ConcRefinementThreads                  = 4                                         {product} {ergonomic}
   size_t G1HeapRegionSize                         = 1048576                                   {product} {ergonomic}
    uintx GCDrainStackTargetSize                   = 64                                        {product} {ergonomic}
   size_t InitialHeapSize                          = 130023424                                 {product} {ergonomic}
   size_t MarkStackSize                            = 4194304                                   {product} {ergonomic}
   size_t MaxHeapSize                              = 2057306112                                {product} {ergonomic}
   size_t MaxNewSize                               = 1234173952                                {product} {ergonomic}
   size_t MinHeapDeltaBytes                        = 1048576                                   {product} {ergonomic}
    uintx NonNMethodCodeHeapSize                   = 5830092                                {pd product} {ergonomic}
    uintx NonProfiledCodeHeapSize                  = 122914074                              {pd product} {ergonomic}
    uintx ProfiledCodeHeapSize                     = 122914074                              {pd product} {ergonomic}
    uintx ReservedCodeCacheSize                    = 251658240                              {pd product} {ergonomic}
     bool SegmentedCodeCache                       = true                                      {product} {ergonomic}
     bool UseCompressedClassPointers               = true                                 {lp64_product} {ergonomic}
     bool UseCompressedOops                        = true                                 {lp64_product} {ergonomic}
     bool UseG1GC                                  = true                                      {product} {ergonomic}

Logging:
Log output configuration:
 #0: stdout all=warning uptime,level,tags
 #1: stderr all=off uptime,level,tags

Environment Variables:
PATH=/usr/local/sbin:/usr/local/bin:/usr/sbin:/usr/bin:/sbin:/bin:/snap/bin
USERNAME=root
SHELL=/bin/bash
DISPLAY=:0

Signal Handlers:
SIGSEGV: [libjvm.so+0xde5f50], sa_mask[0]=11111111011111111101111111111110, sa_flags=SA_RESTART|SA_SIGINFO
SIGBUS: [libjvm.so+0xde5f50], sa_mask[0]=11111111011111111101111111111110, sa_flags=SA_RESTART|SA_SIGINFO
SIGFPE: [libjvm.so+0xde5f50], sa_mask[0]=11111111011111111101111111111110, sa_flags=SA_RESTART|SA_SIGINFO
SIGPIPE: [libjvm.so+0xbba5b0], sa_mask[0]=11111111011111111101111111111110, sa_flags=SA_RESTART|SA_SIGINFO
SIGXFSZ: [libjvm.so+0xbba5b0], sa_mask[0]=11111111011111111101111111111110, sa_flags=SA_RESTART|SA_SIGINFO
SIGILL: [libjvm.so+0xde5f50], sa_mask[0]=11111111011111111101111111111110, sa_flags=SA_RESTART|SA_SIGINFO
SIGUSR2: [libjvm.so+0xbba450], sa_mask[0]=00100000000000000000000000000000, sa_flags=SA_RESTART|SA_SIGINFO
SIGHUP: [libjvm.so+0xbba7b0], sa_mask[0]=11111111011111111101111111111110, sa_flags=SA_RESTART|SA_SIGINFO
SIGINT: [libjvm.so+0xbba7b0], sa_mask[0]=11111111011111111101111111111110, sa_flags=SA_RESTART|SA_SIGINFO
SIGTERM: [libjvm.so+0xbba7b0], sa_mask[0]=11111111011111111101111111111110, sa_flags=SA_RESTART|SA_SIGINFO
SIGQUIT: [libjvm.so+0xbba7b0], sa_mask[0]=11111111011111111101111111111110, sa_flags=SA_RESTART|SA_SIGINFO


---------------  S Y S T E M  ---------------

OS:DISTRIB_ID=Ubuntu
DISTRIB_RELEASE=18.04
DISTRIB_CODENAME=bionic
DISTRIB_DESCRIPTION="Ubuntu 18.04.3 LTS"
uname:Linux 4.15.0-62-generic #69-Ubuntu SMP Wed Sep 4 20:55:53 UTC 2019 x86_64
libc:glibc 2.27 NPTL 2.27 
rlimit: STACK 8192k, CORE 0k, NPROC 31195, NOFILE 4096, AS infinity, DATA infinity, FSIZE infinity
load average:2.29 1.22 0.90

/proc/meminfo:
MemTotal:        8030316 kB
MemFree:          130588 kB
MemAvailable:      52472 kB
Buffers:            3548 kB
Cached:           627408 kB
SwapCached:         9320 kB
Active:          6030548 kB
Inactive:        1299540 kB
Active(anon):    6017868 kB
Inactive(anon):  1277708 kB
Active(file):      12680 kB
Inactive(file):    21832 kB
Unevictable:       13612 kB
Mlocked:           13612 kB
SwapTotal:       2097148 kB
SwapFree:              0 kB
Dirty:                44 kB
Writeback:             0 kB
AnonPages:       6707572 kB
Mapped:           389208 kB
Shmem:            582464 kB
Slab:             258796 kB
SReclaimable:      89296 kB
SUnreclaim:       169500 kB
KernelStack:       38288 kB
PageTables:       133284 kB
NFS_Unstable:          0 kB
Bounce:                0 kB
WritebackTmp:          0 kB
CommitLimit:     6112304 kB
Committed_AS:   28726948 kB
VmallocTotal:   34359738367 kB
VmallocUsed:           0 kB
VmallocChunk:          0 kB
HardwareCorrupted:     0 kB
AnonHugePages:         0 kB
ShmemHugePages:        0 kB
ShmemPmdMapped:        0 kB
CmaTotal:              0 kB
CmaFree:               0 kB
HugePages_Total:       0
HugePages_Free:        0
HugePages_Rsvd:        0
HugePages_Surp:        0
Hugepagesize:       2048 kB
DirectMap4k:     1176504 kB
DirectMap2M:     7073792 kB
DirectMap1G:           0 kB


/proc/sys/kernel/threads-max (system-wide limit on the number of threads):
62390


/proc/sys/vm/max_map_count (maximum number of memory map areas a process may have):
65530


/proc/sys/kernel/pid_max (system-wide limit on number of process identifiers):
32768



container (cgroup) information:
container_type: cgroupv1
cpu_cpuset_cpus: 0-3
cpu_memory_nodes: 0
active_processor_count: 4
cpu_quota: -1
cpu_period: 100000
cpu_shares: -1
memory_limit_in_bytes: -1
memory_and_swap_limit_in_bytes: -2
memory_soft_limit_in_bytes: -1
memory_usage_in_bytes: 3954184192
memory_max_usage_in_bytes: 3968970752

Steal ticks since vm start: 0
Steal ticks percentage since vm start:  0.000

CPU:total 4 (initial active 4) (4 cores per cpu, 1 threads per core) family 6 model 94 stepping 3, cmov, cx8, fxsr, mmx, sse, sse2, sse3, ssse3, sse4.1, sse4.2, popcnt, avx, avx2, aes, clmul, erms, rtm, 3dnowpref, lzcnt, tsc, tscinvbit, bmi1, bmi2, adx, fma
CPU Model and flags from /proc/cpuinfo:
model name	: Intel(R) Core(TM) i5-6500 CPU @ 3.20GHz
flags		: fpu vme de pse tsc msr pae mce cx8 apic sep mtrr pge mca cmov pat pse36 clflush dts acpi mmx fxsr sse sse2 ss ht tm pbe syscall nx pdpe1gb rdtscp lm constant_tsc art arch_perfmon pebs bts rep_good nopl xtopology nonstop_tsc cpuid aperfmperf tsc_known_freq pni pclmulqdq dtes64 monitor ds_cpl vmx smx est tm2 ssse3 sdbg fma cx16 xtpr pdcm pcid sse4_1 sse4_2 x2apic movbe popcnt tsc_deadline_timer aes xsave avx f16c rdrand lahf_lm abm 3dnowprefetch cpuid_fault invpcid_single pti ssbd ibrs ibpb stibp tpr_shadow vnmi flexpriority ept vpid fsgsbase tsc_adjust bmi1 hle avx2 smep bmi2 erms invpcid rtm mpx rdseed adx smap clflushopt intel_pt xsaveopt xsavec xgetbv1 xsaves dtherm ida arat pln pts hwp hwp_notify hwp_act_window hwp_epp md_clear flush_l1d

Memory: 4k page, physical 8030316k(125020k free), swap 2097148k(0k free)

vm_info: OpenJDK 64-Bit Server VM (11.0.4+11-post-Ubuntu-1ubuntu218.04.3) for linux-amd64 JRE (11.0.4+11-post-Ubuntu-1ubuntu218.04.3), built on Jul 18 2019 18:21:46 by "buildd" with gcc 7.4.0

END.
