#
# There is insufficient memory for the Java Runtime Environment to continue.
# Native memory allocation (mmap) failed to map 130023424 bytes for committing reserved memory.
# Possible reasons:
#   The system is out of physical RAM or swap space
#   The process is running with CompressedOops enabled, and the Java Heap may be blocking the growth of the native heap
# Possible solutions:
#   Reduce memory load on the system
#   Increase physical memory or swap space
#   Check if swap backing store is full
#   Decrease Java heap size (-Xmx/-Xms)
#   Decrease number of Java threads
#   Decrease Java thread stack sizes (-Xss)
#   Set larger code cache with -XX:ReservedCodeCacheSize=
# This output file may be truncated or incomplete.
#
#  Out of Memory Error (os_linux.cpp:2839), pid=15551, tid=15556
#
# JRE version:  (11.0.5+10) (build )
# Java VM: OpenJDK 64-Bit Server VM (11.0.5+10-post-Ubuntu-0ubuntu1.118.04, mixed mode, aot, sharing, tiered, compressed oops, g1 gc, linux-amd64)
# Core dump will be written. Default location: Core dumps may be processed with "/usr/share/apport/apport %p %s %c %d %P" (or dumping to /home/hikaru-morita/simblock/original/Simblock/simulator/core.15551)
#

---------------  S U M M A R Y ------------

Command Line: -Dfile.encoding=UTF-8 -Duser.country=JP -Duser.language=ja -Duser.variant SimBlock.simulator.Main

Host: Intel(R) Core(TM) i5-6500 CPU @ 3.20GHz, 4 cores, 7G, Ubuntu 18.04.3 LTS
Time: Thu Jan 23 02:18:36 2020 JST elapsed time: 0 seconds (0d 0h 0m 0s)

---------------  T H R E A D  ---------------

Current thread (0x00007f787c014800):  JavaThread "Unknown thread" [_thread_in_vm, id=15556, stack(0x00007f7883760000,0x00007f7883861000)]

Stack: [0x00007f7883760000,0x00007f7883861000],  sp=0x00007f788385f2c0,  free space=1020k
Native frames: (J=compiled Java code, A=aot compiled Java code, j=interpreted, Vv=VM code, C=native code)
V  [libjvm.so+0xdec067]
V  [libjvm.so+0xdeccbb]
V  [libjvm.so+0x64fc15]
V  [libjvm.so+0xbc77d8]
V  [libjvm.so+0xbbf0fd]
V  [libjvm.so+0x76d91f]
V  [libjvm.so+0x76db8e]
V  [libjvm.so+0x779c00]
V  [libjvm.so+0x7f4f49]
V  [libjvm.so+0x7f5ba2]
V  [libjvm.so+0x7f6009]
V  [libjvm.so+0x72c0df]
V  [libjvm.so+0x72c7cd]
V  [libjvm.so+0xda6892]
V  [libjvm.so+0xda6b26]
V  [libjvm.so+0x815b47]
V  [libjvm.so+0xd7e2c7]
V  [libjvm.so+0x8cf6c1]  JNI_CreateJavaVM+0x51
C  [libjli.so+0x4a66]
C  [libjli.so+0x92cd]


---------------  P R O C E S S  ---------------

Threads class SMR info:
_java_thread_list=0x00005630bb523120, length=0, elements={
}

Java Threads: ( => current thread )

Other Threads:
  0x00007f787c02d800 GCTaskThread "GC Thread#0" [stack: 0x00007f7864048000,0x00007f7864148000] [id=15557]
  0x00007f787c05e800 ConcurrentGCThread "G1 Main Marker" [stack: 0x00007f785b22d000,0x00007f785b32d000] [id=15558]
  0x00007f787c060000 ConcurrentGCThread "G1 Conc#0" [stack: 0x00007f785b12b000,0x00007f785b22b000] [id=15559]

[error occurred during error reporting (printing all threads), id 0xb, SIGSEGV (0xb) at pc=0x00007f7881d393f0]

VM state:not at safepoint (not fully initialized)

VM Mutex/Monitor currently owned by a thread:  ([mutex/lock_event])
[0x00007f787c011370] Heap_lock - owner thread: 0x00007f787c014800

Heap address: 0x0000000085600000, size: 1962 MB, Compressed Oops mode: Non-zero based: 0x0000000085600000
Narrow klass base: 0x0000000000000000, Narrow klass shift: 0

GC Heap History (0 events):
No events

Deoptimization events (0 events):
No events

Classes redefined (0 events):
No events

Internal exceptions (0 events):
No events

Events (1 events):
Event: 0.052 Protecting memory [0x00007f7883760000,0x00007f7883764000] with protection modes 0


Dynamic libraries:
8d200000-100000000 ---p 00000000 00:00 0 
5630b9cb3000-5630b9cb4000 r-xp 00000000 08:01 1837401                    /usr/lib/jvm/java-11-openjdk-amd64/bin/java
5630b9eb4000-5630b9eb5000 r--p 00001000 08:01 1837401                    /usr/lib/jvm/java-11-openjdk-amd64/bin/java
5630b9eb5000-5630b9eb6000 rw-p 00002000 08:01 1837401                    /usr/lib/jvm/java-11-openjdk-amd64/bin/java
5630bb50b000-5630bb52c000 rw-p 00000000 00:00 0                          [heap]
7f784c000000-7f784c021000 rw-p 00000000 00:00 0 
7f784c021000-7f7850000000 ---p 00000000 00:00 0 
7f7854000000-7f7854021000 rw-p 00000000 00:00 0 
7f7854021000-7f7858000000 ---p 00000000 00:00 0 
7f7858d25000-7f785b129000 rw-p 00000000 00:00 0 
7f785b129000-7f785b12a000 ---p 00000000 00:00 0 
7f785b12a000-7f785b22b000 rw-p 00000000 00:00 0 
7f785b22b000-7f785b22c000 ---p 00000000 00:00 0 
7f785b22c000-7f785b32d000 rw-p 00000000 00:00 0 
7f785b32d000-7f785fbfc000 ---p 00000000 00:00 0 
7f785fbfc000-7f7860000000 rw-p 00000000 00:00 0 
7f7860000000-7f7860021000 rw-p 00000000 00:00 0 
7f7860021000-7f7864000000 ---p 00000000 00:00 0 
7f7864046000-7f7864047000 ---p 00000000 00:00 0 
7f7864047000-7f786414d000 rw-p 00000000 00:00 0 
7f786414d000-7f7864233000 ---p 00000000 00:00 0 
7f7864233000-7f7864238000 rw-p 00000000 00:00 0 
7f7864238000-7f786431e000 ---p 00000000 00:00 0 
7f786431e000-7f786458e000 rwxp 00000000 00:00 0 
7f786458e000-7f78648ae000 ---p 00000000 00:00 0 
7f78648ae000-7f7864b1e000 rwxp 00000000 00:00 0 
7f7864b1e000-7f786bde6000 ---p 00000000 00:00 0 
7f786bde6000-7f786c056000 rwxp 00000000 00:00 0 
7f786c056000-7f787331e000 ---p 00000000 00:00 0 
7f787331e000-7f787b9e0000 r--s 00000000 08:01 3541480                    /usr/lib/jvm/java-11-openjdk-amd64/lib/modules
7f787b9e0000-7f787b9e5000 r-xp 00000000 08:01 3541462                    /usr/lib/jvm/java-11-openjdk-amd64/lib/libjimage.so
7f787b9e5000-7f787bbe4000 ---p 00005000 08:01 3541462                    /usr/lib/jvm/java-11-openjdk-amd64/lib/libjimage.so
7f787bbe4000-7f787bbe5000 r--p 00004000 08:01 3541462                    /usr/lib/jvm/java-11-openjdk-amd64/lib/libjimage.so
7f787bbe5000-7f787bbe6000 rw-p 00005000 08:01 3541462                    /usr/lib/jvm/java-11-openjdk-amd64/lib/libjimage.so
7f787bbe6000-7f787bbed000 r-xp 00000000 08:01 3541479                    /usr/lib/jvm/java-11-openjdk-amd64/lib/libzip.so
7f787bbed000-7f787bdec000 ---p 00007000 08:01 3541479                    /usr/lib/jvm/java-11-openjdk-amd64/lib/libzip.so
7f787bdec000-7f787bded000 r--p 00006000 08:01 3541479                    /usr/lib/jvm/java-11-openjdk-amd64/lib/libzip.so
7f787bded000-7f787bdee000 rw-p 00007000 08:01 3541479                    /usr/lib/jvm/java-11-openjdk-amd64/lib/libzip.so
7f787bdee000-7f787bdf9000 r-xp 00000000 08:01 1708774                    /lib/x86_64-linux-gnu/libnss_files-2.27.so
7f787bdf9000-7f787bff8000 ---p 0000b000 08:01 1708774                    /lib/x86_64-linux-gnu/libnss_files-2.27.so
7f787bff8000-7f787bff9000 r--p 0000a000 08:01 1708774                    /lib/x86_64-linux-gnu/libnss_files-2.27.so
7f787bff9000-7f787bffa000 rw-p 0000b000 08:01 1708774                    /lib/x86_64-linux-gnu/libnss_files-2.27.so
7f787bffa000-7f787c000000 rw-p 00000000 00:00 0 
7f787c000000-7f787c07b000 rw-p 00000000 00:00 0 
7f787c07b000-7f7880000000 ---p 00000000 00:00 0 
7f7880043000-7f788005a000 r-xp 00000000 08:01 1708768                    /lib/x86_64-linux-gnu/libnsl-2.27.so
7f788005a000-7f7880259000 ---p 00017000 08:01 1708768                    /lib/x86_64-linux-gnu/libnsl-2.27.so
7f7880259000-7f788025a000 r--p 00016000 08:01 1708768                    /lib/x86_64-linux-gnu/libnsl-2.27.so
7f788025a000-7f788025b000 rw-p 00017000 08:01 1708768                    /lib/x86_64-linux-gnu/libnsl-2.27.so
7f788025b000-7f788025d000 rw-p 00000000 00:00 0 
7f788025d000-7f7880268000 r-xp 00000000 08:01 1708785                    /lib/x86_64-linux-gnu/libnss_nis-2.27.so
7f7880268000-7f7880467000 ---p 0000b000 08:01 1708785                    /lib/x86_64-linux-gnu/libnss_nis-2.27.so
7f7880467000-7f7880468000 r--p 0000a000 08:01 1708785                    /lib/x86_64-linux-gnu/libnss_nis-2.27.so
7f7880468000-7f7880469000 rw-p 0000b000 08:01 1708785                    /lib/x86_64-linux-gnu/libnss_nis-2.27.so
7f7880469000-7f7880471000 r-xp 00000000 08:01 1708770                    /lib/x86_64-linux-gnu/libnss_compat-2.27.so
7f7880471000-7f7880671000 ---p 00008000 08:01 1708770                    /lib/x86_64-linux-gnu/libnss_compat-2.27.so
7f7880671000-7f7880672000 r--p 00008000 08:01 1708770                    /lib/x86_64-linux-gnu/libnss_compat-2.27.so
7f7880672000-7f7880673000 rw-p 00009000 08:01 1708770                    /lib/x86_64-linux-gnu/libnss_compat-2.27.so
7f7880673000-7f788069c000 r-xp 00000000 08:01 3541458                    /usr/lib/jvm/java-11-openjdk-amd64/lib/libjava.so
7f788069c000-7f788089b000 ---p 00029000 08:01 3541458                    /usr/lib/jvm/java-11-openjdk-amd64/lib/libjava.so
7f788089b000-7f788089c000 r--p 00028000 08:01 3541458                    /usr/lib/jvm/java-11-openjdk-amd64/lib/libjava.so
7f788089c000-7f788089e000 rw-p 00029000 08:01 3541458                    /usr/lib/jvm/java-11-openjdk-amd64/lib/libjava.so
7f788089e000-7f78808ab000 r-xp 00000000 08:01 3541478                    /usr/lib/jvm/java-11-openjdk-amd64/lib/libverify.so
7f78808ab000-7f7880aaa000 ---p 0000d000 08:01 3541478                    /usr/lib/jvm/java-11-openjdk-amd64/lib/libverify.so
7f7880aaa000-7f7880aac000 r--p 0000c000 08:01 3541478                    /usr/lib/jvm/java-11-openjdk-amd64/lib/libverify.so
7f7880aac000-7f7880aad000 rw-p 0000e000 08:01 3541478                    /usr/lib/jvm/java-11-openjdk-amd64/lib/libverify.so
7f7880aad000-7f7880ab4000 r-xp 00000000 08:01 1708825                    /lib/x86_64-linux-gnu/librt-2.27.so
7f7880ab4000-7f7880cb3000 ---p 00007000 08:01 1708825                    /lib/x86_64-linux-gnu/librt-2.27.so
7f7880cb3000-7f7880cb4000 r--p 00006000 08:01 1708825                    /lib/x86_64-linux-gnu/librt-2.27.so
7f7880cb4000-7f7880cb5000 rw-p 00007000 08:01 1708825                    /lib/x86_64-linux-gnu/librt-2.27.so
7f7880cb5000-7f7880ccc000 r-xp 00000000 08:01 1709445                    /lib/x86_64-linux-gnu/libgcc_s.so.1
7f7880ccc000-7f7880ecb000 ---p 00017000 08:01 1709445                    /lib/x86_64-linux-gnu/libgcc_s.so.1
7f7880ecb000-7f7880ecc000 r--p 00016000 08:01 1709445                    /lib/x86_64-linux-gnu/libgcc_s.so.1
7f7880ecc000-7f7880ecd000 rw-p 00017000 08:01 1709445                    /lib/x86_64-linux-gnu/libgcc_s.so.1
7f7880ecd000-7f788106a000 r-xp 00000000 08:01 1708747                    /lib/x86_64-linux-gnu/libm-2.27.so
7f788106a000-7f7881269000 ---p 0019d000 08:01 1708747                    /lib/x86_64-linux-gnu/libm-2.27.so
7f7881269000-7f788126a000 r--p 0019c000 08:01 1708747                    /lib/x86_64-linux-gnu/libm-2.27.so
7f788126a000-7f788126b000 rw-p 0019d000 08:01 1708747                    /lib/x86_64-linux-gnu/libm-2.27.so
7f788126b000-7f78813e4000 r-xp 00000000 08:01 1051552                    /usr/lib/x86_64-linux-gnu/libstdc++.so.6.0.25
7f78813e4000-7f78815e4000 ---p 00179000 08:01 1051552                    /usr/lib/x86_64-linux-gnu/libstdc++.so.6.0.25
7f78815e4000-7f78815ee000 r--p 00179000 08:01 1051552                    /usr/lib/x86_64-linux-gnu/libstdc++.so.6.0.25
7f78815ee000-7f78815f0000 rw-p 00183000 08:01 1051552                    /usr/lib/x86_64-linux-gnu/libstdc++.so.6.0.25
7f78815f0000-7f78815f4000 rw-p 00000000 00:00 0 
7f78815f4000-7f78826c8000 r-xp 00000000 08:01 3541483                    /usr/lib/jvm/java-11-openjdk-amd64/lib/server/libjvm.so
7f78826c8000-7f78828c8000 ---p 010d4000 08:01 3541483                    /usr/lib/jvm/java-11-openjdk-amd64/lib/server/libjvm.so
7f78828c8000-7f7882985000 r--p 010d4000 08:01 3541483                    /usr/lib/jvm/java-11-openjdk-amd64/lib/server/libjvm.so
7f7882985000-7f78829be000 rw-p 01191000 08:01 3541483                    /usr/lib/jvm/java-11-openjdk-amd64/lib/server/libjvm.so
7f78829be000-7f7882a15000 rw-p 00000000 00:00 0 
7f7882a15000-7f7882a2f000 r-xp 00000000 08:01 1708817                    /lib/x86_64-linux-gnu/libpthread-2.27.so
7f7882a2f000-7f7882c2e000 ---p 0001a000 08:01 1708817                    /lib/x86_64-linux-gnu/libpthread-2.27.so
7f7882c2e000-7f7882c2f000 r--p 00019000 08:01 1708817                    /lib/x86_64-linux-gnu/libpthread-2.27.so
7f7882c2f000-7f7882c30000 rw-p 0001a000 08:01 1708817                    /lib/x86_64-linux-gnu/libpthread-2.27.so
7f7882c30000-7f7882c34000 rw-p 00000000 00:00 0 
7f7882c34000-7f7882c37000 r-xp 00000000 08:01 1708707                    /lib/x86_64-linux-gnu/libdl-2.27.so
7f7882c37000-7f7882e36000 ---p 00003000 08:01 1708707                    /lib/x86_64-linux-gnu/libdl-2.27.so
7f7882e36000-7f7882e37000 r--p 00002000 08:01 1708707                    /lib/x86_64-linux-gnu/libdl-2.27.so
7f7882e37000-7f7882e38000 rw-p 00003000 08:01 1708707                    /lib/x86_64-linux-gnu/libdl-2.27.so
7f7882e38000-7f7882e54000 r-xp 00000000 08:01 1708856                    /lib/x86_64-linux-gnu/libz.so.1.2.11
7f7882e54000-7f7883053000 ---p 0001c000 08:01 1708856                    /lib/x86_64-linux-gnu/libz.so.1.2.11
7f7883053000-7f7883054000 r--p 0001b000 08:01 1708856                    /lib/x86_64-linux-gnu/libz.so.1.2.11
7f7883054000-7f7883055000 rw-p 0001c000 08:01 1708856                    /lib/x86_64-linux-gnu/libz.so.1.2.11
7f7883055000-7f788323c000 r-xp 00000000 08:01 1708684                    /lib/x86_64-linux-gnu/libc-2.27.so
7f788323c000-7f788343c000 ---p 001e7000 08:01 1708684                    /lib/x86_64-linux-gnu/libc-2.27.so
7f788343c000-7f7883440000 r--p 001e7000 08:01 1708684                    /lib/x86_64-linux-gnu/libc-2.27.so
7f7883440000-7f7883442000 rw-p 001eb000 08:01 1708684                    /lib/x86_64-linux-gnu/libc-2.27.so
7f7883442000-7f7883446000 rw-p 00000000 00:00 0 
7f7883446000-7f7883456000 r-xp 00000000 08:01 3539458                    /usr/lib/jvm/java-11-openjdk-amd64/lib/jli/libjli.so
7f7883456000-7f7883655000 ---p 00010000 08:01 3539458                    /usr/lib/jvm/java-11-openjdk-amd64/lib/jli/libjli.so
7f7883655000-7f7883656000 r--p 0000f000 08:01 3539458                    /usr/lib/jvm/java-11-openjdk-amd64/lib/jli/libjli.so
7f7883656000-7f7883657000 rw-p 00010000 08:01 3539458                    /usr/lib/jvm/java-11-openjdk-amd64/lib/jli/libjli.so
7f7883657000-7f788367e000 r-xp 00000000 08:01 1708656                    /lib/x86_64-linux-gnu/ld-2.27.so
7f788371e000-7f7883760000 rw-p 00000000 00:00 0 
7f7883760000-7f7883764000 ---p 00000000 00:00 0 
7f7883764000-7f7883863000 rw-p 00000000 00:00 0 
7f7883864000-7f7883869000 rw-p 00000000 00:00 0 
7f7883869000-7f7883870000 ---p 00000000 00:00 0 
7f7883870000-7f7883872000 r--s 00007000 08:01 1445236                    /usr/share/java/java-atk-wrapper.jar
7f7883872000-7f788387a000 rw-s 00000000 08:01 1573165                    /tmp/hsperfdata_root/15551
7f788387a000-7f788387b000 ---p 00000000 00:00 0 
7f788387b000-7f788387c000 r--p 00000000 00:00 0 
7f788387c000-7f788387e000 rw-p 00000000 00:00 0 
7f788387e000-7f788387f000 r--p 00027000 08:01 1708656                    /lib/x86_64-linux-gnu/ld-2.27.so
7f788387f000-7f7883880000 rw-p 00028000 08:01 1708656                    /lib/x86_64-linux-gnu/ld-2.27.so
7f7883880000-7f7883881000 rw-p 00000000 00:00 0 
7ffc55ae3000-7ffc55b04000 rw-p 00000000 00:00 0                          [stack]
7ffc55b15000-7ffc55b18000 r--p 00000000 00:00 0                          [vvar]
7ffc55b18000-7ffc55b1a000 r-xp 00000000 00:00 0                          [vdso]
ffffffffff600000-ffffffffff601000 r-xp 00000000 00:00 0                  [vsyscall]


VM Arguments:
jvm_args: -Dfile.encoding=UTF-8 -Duser.country=JP -Duser.language=ja -Duser.variant 
java_command: SimBlock.simulator.Main
java_class_path (initial): /home/hikaru-morita/simblock/original/Simblock/simulator/build/classes/java/main:/home/hikaru-morita/simblock/original/Simblock/simulator/build/resources/main:/home/hikaru-morita/simblock/original/Simblock/simulator/src/dist/conf
Launcher Type: SUN_STANDARD

[Global flags]
     intx CICompilerCount                          = 3                                         {product} {ergonomic}
     uint ConcGCThreads                            = 1                                         {product} {ergonomic}
     uint G1ConcRefinementThreads                  = 4                                         {product} {ergonomic}
   size_t G1HeapRegionSize                         = 1048576                                   {product} {ergonomic}
    uintx GCDrainStackTargetSize                   = 64                                        {product} {ergonomic}
   size_t InitialHeapSize                          = 130023424                                 {product} {ergonomic}
   size_t MarkStackSize                            = 4194304                                   {product} {ergonomic}
   size_t MaxHeapSize                              = 2057306112                                {product} {ergonomic}
   size_t MinHeapDeltaBytes                        = 1048576                                   {product} {ergonomic}
    uintx NonNMethodCodeHeapSize                   = 5830732                                {pd product} {ergonomic}
    uintx NonProfiledCodeHeapSize                  = 122913754                              {pd product} {ergonomic}
    uintx ProfiledCodeHeapSize                     = 122913754                              {pd product} {ergonomic}
    uintx ReservedCodeCacheSize                    = 251658240                              {pd product} {ergonomic}
     bool SegmentedCodeCache                       = true                                      {product} {ergonomic}
     bool UseCompressedClassPointers               = true                                 {lp64_product} {ergonomic}
     bool UseCompressedOops                        = true                                 {lp64_product} {ergonomic}
     bool UseG1GC                                  = true                                      {product} {ergonomic}

Logging:
Log output configuration:
 #0: stdout all=warning uptime,level,tags
 #1: stderr all=off uptime,level,tags

Environment Variables:
PATH=/usr/local/sbin:/usr/local/bin:/usr/sbin:/usr/bin:/sbin:/bin:/snap/bin
USERNAME=root
SHELL=/bin/bash
DISPLAY=:0

Signal Handlers:
SIGSEGV: [libjvm.so+0xdeda70], sa_mask[0]=11111111011111111101111111111110, sa_flags=SA_RESTART|SA_SIGINFO
SIGBUS: [libjvm.so+0xdeda70], sa_mask[0]=11111111011111111101111111111110, sa_flags=SA_RESTART|SA_SIGINFO
SIGFPE: [libjvm.so+0xdeda70], sa_mask[0]=11111111011111111101111111111110, sa_flags=SA_RESTART|SA_SIGINFO
SIGPIPE: [libjvm.so+0xbc3040], sa_mask[0]=11111111011111111101111111111110, sa_flags=SA_RESTART|SA_SIGINFO
SIGXFSZ: [libjvm.so+0xbc3040], sa_mask[0]=11111111011111111101111111111110, sa_flags=SA_RESTART|SA_SIGINFO
SIGILL: [libjvm.so+0xdeda70], sa_mask[0]=11111111011111111101111111111110, sa_flags=SA_RESTART|SA_SIGINFO
SIGUSR2: [libjvm.so+0xbc2ee0], sa_mask[0]=00100000000000000000000000000000, sa_flags=SA_RESTART|SA_SIGINFO
SIGHUP: SIG_DFL, sa_mask[0]=00000000000000000000000000000000, sa_flags=none
SIGINT: SIG_DFL, sa_mask[0]=00000000000000000000000000000000, sa_flags=none
SIGTERM: SIG_DFL, sa_mask[0]=00000000000000000000000000000000, sa_flags=none
SIGQUIT: SIG_DFL, sa_mask[0]=00000000000000000000000000000000, sa_flags=none


---------------  S Y S T E M  ---------------

OS:DISTRIB_ID=Ubuntu
DISTRIB_RELEASE=18.04
DISTRIB_CODENAME=bionic
DISTRIB_DESCRIPTION="Ubuntu 18.04.3 LTS"
uname:Linux 4.15.0-72-generic #81-Ubuntu SMP Tue Nov 26 12:20:02 UTC 2019 x86_64
libc:glibc 2.27 NPTL 2.27 
rlimit: STACK 8192k, CORE 0k, NPROC 31193, NOFILE 4096, AS infinity, DATA infinity, FSIZE infinity
load average:34.79 14.92 6.62

/proc/meminfo:
MemTotal:        8030236 kB
MemFree:          111312 kB
MemAvailable:      27456 kB
Buffers:            1652 kB
Cached:           749280 kB
SwapCached:         8612 kB
Active:          5917800 kB
Inactive:        1473304 kB
Active(anon):    5903592 kB
Inactive(anon):  1457248 kB
Active(file):      14208 kB
Inactive(file):    16056 kB
Unevictable:       13612 kB
Mlocked:           13612 kB
SwapTotal:       2097148 kB
SwapFree:              4 kB
Dirty:               416 kB
Writeback:             0 kB
AnonPages:       6647868 kB
Mapped:           433576 kB
Shmem:            706712 kB
Slab:             248264 kB
SReclaimable:      82080 kB
SUnreclaim:       166184 kB
KernelStack:       28768 kB
PageTables:       119576 kB
NFS_Unstable:          0 kB
Bounce:                0 kB
WritebackTmp:          0 kB
CommitLimit:     6112264 kB
Committed_AS:   23926596 kB
VmallocTotal:   34359738367 kB
VmallocUsed:           0 kB
VmallocChunk:          0 kB
HardwareCorrupted:     0 kB
AnonHugePages:         0 kB
ShmemHugePages:        0 kB
ShmemPmdMapped:        0 kB
CmaTotal:              0 kB
CmaFree:               0 kB
HugePages_Total:       0
HugePages_Free:        0
HugePages_Rsvd:        0
HugePages_Surp:        0
Hugepagesize:       2048 kB
DirectMap4k:      934840 kB
DirectMap2M:     7315456 kB
DirectMap1G:           0 kB


/proc/sys/kernel/threads-max (system-wide limit on the number of threads):
62386


/proc/sys/vm/max_map_count (maximum number of memory map areas a process may have):
65530


/proc/sys/kernel/pid_max (system-wide limit on number of process identifiers):
32768



container (cgroup) information:
container_type: cgroupv1
cpu_cpuset_cpus: 0-3
cpu_memory_nodes: 0
active_processor_count: 4
cpu_quota: -1
cpu_period: 100000
cpu_shares: -1
memory_limit_in_bytes: -1
memory_and_swap_limit_in_bytes: -2
memory_soft_limit_in_bytes: -1
memory_usage_in_bytes: 4201336832
memory_max_usage_in_bytes: 4323880960

Steal ticks since vm start: 0
Steal ticks percentage since vm start:  0.000

CPU:total 4 (initial active 4) (4 cores per cpu, 1 threads per core) family 6 model 94 stepping 3, cmov, cx8, fxsr, mmx, sse, sse2, sse3, ssse3, sse4.1, sse4.2, popcnt, avx, avx2, aes, clmul, erms, rtm, 3dnowpref, lzcnt, tsc, tscinvbit, bmi1, bmi2, adx, fma
CPU Model and flags from /proc/cpuinfo:
model name	: Intel(R) Core(TM) i5-6500 CPU @ 3.20GHz
flags		: fpu vme de pse tsc msr pae mce cx8 apic sep mtrr pge mca cmov pat pse36 clflush dts acpi mmx fxsr sse sse2 ss ht tm pbe syscall nx pdpe1gb rdtscp lm constant_tsc art arch_perfmon pebs bts rep_good nopl xtopology nonstop_tsc cpuid aperfmperf tsc_known_freq pni pclmulqdq dtes64 monitor ds_cpl vmx smx est tm2 ssse3 sdbg fma cx16 xtpr pdcm pcid sse4_1 sse4_2 x2apic movbe popcnt tsc_deadline_timer aes xsave avx f16c rdrand lahf_lm abm 3dnowprefetch cpuid_fault invpcid_single pti ssbd ibrs ibpb stibp tpr_shadow vnmi flexpriority ept vpid fsgsbase tsc_adjust bmi1 hle avx2 smep bmi2 erms invpcid rtm mpx rdseed adx smap clflushopt intel_pt xsaveopt xsavec xgetbv1 xsaves dtherm ida arat pln pts hwp hwp_notify hwp_act_window hwp_epp md_clear flush_l1d

Memory: 4k page, physical 8030236k(111312k free), swap 2097148k(4k free)

vm_info: OpenJDK 64-Bit Server VM (11.0.5+10-post-Ubuntu-0ubuntu1.118.04) for linux-amd64 JRE (11.0.5+10-post-Ubuntu-0ubuntu1.118.04), built on Oct 16 2019 22:01:07 by "buildd" with gcc 7.4.0

END.
