#
# There is insufficient memory for the Java Runtime Environment to continue.
# Native memory allocation (mmap) failed to map 204472320 bytes for committing reserved memory.
# Possible reasons:
#   The system is out of physical RAM or swap space
#   The process is running with CompressedOops enabled, and the Java Heap may be blocking the growth of the native heap
# Possible solutions:
#   Reduce memory load on the system
#   Increase physical memory or swap space
#   Check if swap backing store is full
#   Decrease Java heap size (-Xmx/-Xms)
#   Decrease number of Java threads
#   Decrease Java thread stack sizes (-Xss)
#   Set larger code cache with -XX:ReservedCodeCacheSize=
#   JVM is running with Unscaled Compressed Oops mode in which the Java heap is
#     placed in the first 4GB address space. The Java Heap base address is the
#     maximum limit for the native heap growth. Please use -XX:HeapBaseMinAddress
#     to set the Java Heap base and to place the Java Heap above 4GB virtual address.
# This output file may be truncated or incomplete.
#
#  Out of Memory Error (os_linux.cpp:2893), pid=2308, tid=2319
#
# JRE version: OpenJDK Runtime Environment (11.0.4+11) (build 11.0.4+11-post-Ubuntu-1ubuntu218.04.3)
# Java VM: OpenJDK 64-Bit Server VM (11.0.4+11-post-Ubuntu-1ubuntu218.04.3, mixed mode, tiered, compressed oops, g1 gc, linux-amd64)
# Core dump will be written. Default location: Core dumps may be processed with "/usr/share/apport/apport %p %s %c %d %P" (or dumping to /home/hikaru-morita/simblock-0.7.0/simulator/core.2308)
#

---------------  S U M M A R Y ------------

Command Line: -Dfile.encoding=UTF-8 -Duser.country=JP -Duser.language=ja -Duser.variant SimBlock.simulator.Main

Host: Intel(R) Core(TM) i5-6500 CPU @ 3.20GHz, 4 cores, 7G, Ubuntu 18.04.3 LTS
Time: Sun Sep 29 16:44:39 2019 JST elapsed time: 2 seconds (0d 0h 0m 2s)

---------------  T H R E A D  ---------------

Current thread (0x00007f9238134800):  VMThread "VM Thread" [stack: 0x00007f921c276000,0x00007f921c376000] [id=2319]

Stack: [0x00007f921c276000,0x00007f921c376000],  sp=0x00007f921c373ff0,  free space=1015k
Native frames: (J=compiled Java code, A=aot compiled Java code, j=interpreted, Vv=VM code, C=native code)
V  [libjvm.so+0xde4547]
V  [libjvm.so+0xde519b]
V  [libjvm.so+0x6511a5]
V  [libjvm.so+0xbbed38]
V  [libjvm.so+0xbb5ebd]
V  [libjvm.so+0x76f53f]
V  [libjvm.so+0x76f7ae]
V  [libjvm.so+0x77b820]
V  [libjvm.so+0x7f6969]
V  [libjvm.so+0x7f75c2]
V  [libjvm.so+0x7f7a29]
V  [libjvm.so+0x72de6f]
V  [libjvm.so+0x732b6a]
V  [libjvm.so+0xdf01e1]
V  [libjvm.so+0xdeeda8]
V  [libjvm.so+0xdec5e6]
V  [libjvm.so+0xdecaf0]
V  [libjvm.so+0xdecf23]
V  [libjvm.so+0xd7aeea]
V  [libjvm.so+0xbc4a5e]

VM_Operation (0x00007f923f2b14d0): G1CollectForAllocation, mode: safepoint, requested by thread 0x00007f9238012000


---------------  P R O C E S S  ---------------

Threads class SMR info:
_java_thread_list=0x00007f92381d2f10, length=9, elements={
0x00007f9238012000, 0x00007f923813c800, 0x00007f9238140800, 0x00007f9238153000,
0x00007f9238155800, 0x00007f9238157800, 0x00007f9238159800, 0x00007f92381c2000,
0x00007f92381d1800
}

Java Threads: ( => current thread )
  0x00007f9238012000 JavaThread "main" [_thread_blocked, id=2311, stack(0x00007f923f1b2000,0x00007f923f2b3000)]
  0x00007f923813c800 JavaThread "Reference Handler" daemon [_thread_blocked, id=2320, stack(0x00007f921c173000,0x00007f921c274000)]
  0x00007f9238140800 JavaThread "Finalizer" daemon [_thread_blocked, id=2321, stack(0x00007f921c072000,0x00007f921c173000)]
  0x00007f9238153000 JavaThread "Signal Dispatcher" daemon [_thread_blocked, id=2322, stack(0x00007f9214057000,0x00007f9214158000)]
  0x00007f9238155800 JavaThread "C2 CompilerThread0" daemon [_thread_blocked, id=2323, stack(0x00007f9206c30000,0x00007f9206d31000)]
  0x00007f9238157800 JavaThread "C1 CompilerThread0" daemon [_thread_blocked, id=2324, stack(0x00007f9206b2f000,0x00007f9206c30000)]
  0x00007f9238159800 JavaThread "Sweeper thread" daemon [_thread_blocked, id=2325, stack(0x00007f9206a2e000,0x00007f9206b2f000)]
  0x00007f92381c2000 JavaThread "Service Thread" daemon [_thread_blocked, id=2326, stack(0x00007f920692d000,0x00007f9206a2e000)]
  0x00007f92381d1800 JavaThread "Common-Cleaner" daemon [_thread_blocked, id=2328, stack(0x00007f920672a000,0x00007f920682b000)]

Other Threads:
=>0x00007f9238134800 VMThread "VM Thread" [stack: 0x00007f921c276000,0x00007f921c376000] [id=2319]
  0x00007f92381c4800 WatcherThread [stack: 0x00007f920682d000,0x00007f920692d000] [id=2327]
  0x00007f9238028000 GCTaskThread "GC Thread#0" [stack: 0x00007f921fa30000,0x00007f921fb30000] [id=2313]
  0x00007f91fc001000 GCTaskThread "GC Thread#1" [stack: 0x00007f9206202000,0x00007f9206302000] [id=2329]
  0x00007f91fc01c800 GCTaskThread "GC Thread#2" [stack: 0x00007f9206100000,0x00007f9206200000] [id=2338]
  0x00007f9238059000 ConcurrentGCThread "G1 Main Marker" [stack: 0x00007f921cb03000,0x00007f921cc03000] [id=2314]
  0x00007f923805b000 ConcurrentGCThread "G1 Conc#0" [stack: 0x00007f921ca01000,0x00007f921cb01000] [id=2315]
  0x00007f92380d3000 ConcurrentGCThread "G1 Refine#0" [stack: 0x00007f921c4fb000,0x00007f921c5fb000] [id=2316]
  0x00007f92380d4800 ConcurrentGCThread "G1 Young RemSet Sampling" [stack: 0x00007f921c3f9000,0x00007f921c4f9000] [id=2317]

Threads with active compile tasks:
C2 CompilerThread0 726       4       SimBlock.node.Node::receiveMessage (432 bytes)

VM state:at safepoint (normal execution)

VM Mutex/Monitor currently owned by a thread:  ([mutex/lock_event])
[0x00007f923800e040] Threads_lock - owner thread: 0x00007f9238134800
[0x00007f923800e790] Heap_lock - owner thread: 0x00007f9238012000

Heap address: 0x0000000085600000, size: 1962 MB, Compressed Oops mode: 32-bit
Narrow klass base: 0x0000000000000000, Narrow klass shift: 3
Compressed class space size: 1073741824 Address: 0x0000000100000000

Heap:
 garbage-first heap   total 354304K, used 4362K [0x0000000085600000, 0x0000000100000000)
  region size 1024K, 5 young (5120K), 5 survivors (5120K)
 Metaspace       used 6460K, capacity 6631K, committed 6784K, reserved 1056768K
  class space    used 545K, capacity 610K, committed 640K, reserved 1048576K
Heap Regions: E=young(eden), S=young(survivor), O=old, HS=humongous(starts), HC=humongous(continues), CS=collection set, F=free, A=archive, TAMS=top-at-mark-start (previous, next)
|   0|0x0000000085600000, 0x0000000085600000, 0x0000000085700000|  0%| F|  |TAMS 0x0000000085600000, 0x0000000085600000| Untracked 
|   1|0x0000000085700000, 0x0000000085700000, 0x0000000085800000|  0%| F|  |TAMS 0x0000000085700000, 0x0000000085700000| Untracked 
|   2|0x0000000085800000, 0x0000000085800000, 0x0000000085900000|  0%| F|  |TAMS 0x0000000085800000, 0x0000000085800000| Untracked 
|   3|0x0000000085900000, 0x0000000085900000, 0x0000000085a00000|  0%| F|  |TAMS 0x0000000085900000, 0x0000000085900000| Untracked 
|   4|0x0000000085a00000, 0x0000000085a00000, 0x0000000085b00000|  0%| F|  |TAMS 0x0000000085a00000, 0x0000000085a00000| Untracked 
|   5|0x0000000085b00000, 0x0000000085b00000, 0x0000000085c00000|  0%| F|  |TAMS 0x0000000085b00000, 0x0000000085b00000| Untracked 
|   6|0x0000000085c00000, 0x0000000085c00000, 0x0000000085d00000|  0%| F|  |TAMS 0x0000000085c00000, 0x0000000085c00000| Untracked 
|   7|0x0000000085d00000, 0x0000000085d00000, 0x0000000085e00000|  0%| F|  |TAMS 0x0000000085d00000, 0x0000000085d00000| Untracked 
|   8|0x0000000085e00000, 0x0000000085e00000, 0x0000000085f00000|  0%| F|  |TAMS 0x0000000085e00000, 0x0000000085e00000| Untracked 
|   9|0x0000000085f00000, 0x0000000085f00000, 0x0000000086000000|  0%| F|  |TAMS 0x0000000085f00000, 0x0000000085f00000| Untracked 
|  10|0x0000000086000000, 0x0000000086000000, 0x0000000086100000|  0%| F|  |TAMS 0x0000000086000000, 0x0000000086000000| Untracked 
|  11|0x0000000086100000, 0x0000000086100000, 0x0000000086200000|  0%| F|  |TAMS 0x0000000086100000, 0x0000000086100000| Untracked 
|  12|0x0000000086200000, 0x0000000086200000, 0x0000000086300000|  0%| F|  |TAMS 0x0000000086200000, 0x0000000086200000| Untracked 
|  13|0x0000000086300000, 0x0000000086300000, 0x0000000086400000|  0%| F|  |TAMS 0x0000000086300000, 0x0000000086300000| Untracked 
|  14|0x0000000086400000, 0x0000000086400000, 0x0000000086500000|  0%| F|  |TAMS 0x0000000086400000, 0x0000000086400000| Untracked 
|  15|0x0000000086500000, 0x0000000086500000, 0x0000000086600000|  0%| F|  |TAMS 0x0000000086500000, 0x0000000086500000| Untracked 
|  16|0x0000000086600000, 0x0000000086600000, 0x0000000086700000|  0%| F|  |TAMS 0x0000000086600000, 0x0000000086600000| Untracked 
|  17|0x0000000086700000, 0x0000000086700000, 0x0000000086800000|  0%| F|  |TAMS 0x0000000086700000, 0x0000000086700000| Untracked 
|  18|0x0000000086800000, 0x0000000086800000, 0x0000000086900000|  0%| F|  |TAMS 0x0000000086800000, 0x0000000086800000| Untracked 
|  19|0x0000000086900000, 0x0000000086900000, 0x0000000086a00000|  0%| F|  |TAMS 0x0000000086900000, 0x0000000086900000| Untracked 
|  20|0x0000000086a00000, 0x0000000086a00000, 0x0000000086b00000|  0%| F|  |TAMS 0x0000000086a00000, 0x0000000086a00000| Untracked 
|  21|0x0000000086b00000, 0x0000000086b00000, 0x0000000086c00000|  0%| F|  |TAMS 0x0000000086b00000, 0x0000000086b00000| Untracked 
|  22|0x0000000086c00000, 0x0000000086c00000, 0x0000000086d00000|  0%| F|  |TAMS 0x0000000086c00000, 0x0000000086c00000| Untracked 
|  23|0x0000000086d00000, 0x0000000086d00000, 0x0000000086e00000|  0%| F|  |TAMS 0x0000000086d00000, 0x0000000086d00000| Untracked 
|  24|0x0000000086e00000, 0x0000000086e00000, 0x0000000086f00000|  0%| F|  |TAMS 0x0000000086e00000, 0x0000000086e00000| Untracked 
|  25|0x0000000086f00000, 0x0000000086f00000, 0x0000000087000000|  0%| F|  |TAMS 0x0000000086f00000, 0x0000000086f00000| Untracked 
|  26|0x0000000087000000, 0x0000000087000000, 0x0000000087100000|  0%| F|  |TAMS 0x0000000087000000, 0x0000000087000000| Untracked 
|  27|0x0000000087100000, 0x0000000087100000, 0x0000000087200000|  0%| F|  |TAMS 0x0000000087100000, 0x0000000087100000| Untracked 
|  28|0x0000000087200000, 0x0000000087200000, 0x0000000087300000|  0%| F|  |TAMS 0x0000000087200000, 0x0000000087200000| Untracked 
|  29|0x0000000087300000, 0x0000000087300000, 0x0000000087400000|  0%| F|  |TAMS 0x0000000087300000, 0x0000000087300000| Untracked 
|  30|0x0000000087400000, 0x0000000087400000, 0x0000000087500000|  0%| F|  |TAMS 0x0000000087400000, 0x0000000087400000| Untracked 
|  31|0x0000000087500000, 0x0000000087500000, 0x0000000087600000|  0%| F|  |TAMS 0x0000000087500000, 0x0000000087500000| Untracked 
|  32|0x0000000087600000, 0x0000000087600000, 0x0000000087700000|  0%| F|  |TAMS 0x0000000087600000, 0x0000000087600000| Untracked 
|  33|0x0000000087700000, 0x0000000087700000, 0x0000000087800000|  0%| F|  |TAMS 0x0000000087700000, 0x0000000087700000| Untracked 
|  34|0x0000000087800000, 0x0000000087800000, 0x0000000087900000|  0%| F|  |TAMS 0x0000000087800000, 0x0000000087800000| Untracked 
|  35|0x0000000087900000, 0x0000000087900000, 0x0000000087a00000|  0%| F|  |TAMS 0x0000000087900000, 0x0000000087900000| Untracked 
|  36|0x0000000087a00000, 0x0000000087a00000, 0x0000000087b00000|  0%| F|  |TAMS 0x0000000087a00000, 0x0000000087a00000| Untracked 
|  37|0x0000000087b00000, 0x0000000087b00000, 0x0000000087c00000|  0%| F|  |TAMS 0x0000000087b00000, 0x0000000087b00000| Untracked 
|  38|0x0000000087c00000, 0x0000000087c00000, 0x0000000087d00000|  0%| F|  |TAMS 0x0000000087c00000, 0x0000000087c00000| Untracked 
|  39|0x0000000087d00000, 0x0000000087d00000, 0x0000000087e00000|  0%| F|  |TAMS 0x0000000087d00000, 0x0000000087d00000| Untracked 
|  40|0x0000000087e00000, 0x0000000087e00000, 0x0000000087f00000|  0%| F|  |TAMS 0x0000000087e00000, 0x0000000087e00000| Untracked 
|  41|0x0000000087f00000, 0x0000000087f00000, 0x0000000088000000|  0%| F|  |TAMS 0x0000000087f00000, 0x0000000087f00000| Untracked 
|  42|0x0000000088000000, 0x0000000088000000, 0x0000000088100000|  0%| F|  |TAMS 0x0000000088000000, 0x0000000088000000| Untracked 
|  43|0x0000000088100000, 0x0000000088100000, 0x0000000088200000|  0%| F|  |TAMS 0x0000000088100000, 0x0000000088100000| Untracked 
|  44|0x0000000088200000, 0x0000000088200000, 0x0000000088300000|  0%| F|  |TAMS 0x0000000088200000, 0x0000000088200000| Untracked 
|  45|0x0000000088300000, 0x0000000088300000, 0x0000000088400000|  0%| F|  |TAMS 0x0000000088300000, 0x0000000088300000| Untracked 
|  46|0x0000000088400000, 0x0000000088400000, 0x0000000088500000|  0%| F|  |TAMS 0x0000000088400000, 0x0000000088400000| Untracked 
|  47|0x0000000088500000, 0x0000000088500000, 0x0000000088600000|  0%| F|  |TAMS 0x0000000088500000, 0x0000000088500000| Untracked 
|  48|0x0000000088600000, 0x0000000088600000, 0x0000000088700000|  0%| F|  |TAMS 0x0000000088600000, 0x0000000088600000| Untracked 
|  49|0x0000000088700000, 0x0000000088700000, 0x0000000088800000|  0%| F|  |TAMS 0x0000000088700000, 0x0000000088700000| Untracked 
|  50|0x0000000088800000, 0x0000000088800000, 0x0000000088900000|  0%| F|  |TAMS 0x0000000088800000, 0x0000000088800000| Untracked 
|  51|0x0000000088900000, 0x0000000088900000, 0x0000000088a00000|  0%| F|  |TAMS 0x0000000088900000, 0x0000000088900000| Untracked 
|  52|0x0000000088a00000, 0x0000000088a00000, 0x0000000088b00000|  0%| F|  |TAMS 0x0000000088a00000, 0x0000000088a00000| Untracked 
|  53|0x0000000088b00000, 0x0000000088b00000, 0x0000000088c00000|  0%| F|  |TAMS 0x0000000088b00000, 0x0000000088b00000| Untracked 
|  54|0x0000000088c00000, 0x0000000088c00000, 0x0000000088d00000|  0%| F|  |TAMS 0x0000000088c00000, 0x0000000088c00000| Untracked 
|  55|0x0000000088d00000, 0x0000000088d00000, 0x0000000088e00000|  0%| F|  |TAMS 0x0000000088d00000, 0x0000000088d00000| Untracked 
|  56|0x0000000088e00000, 0x0000000088e42b58, 0x0000000088f00000| 26%| S|CS|TAMS 0x0000000088e00000, 0x0000000088e00000| Complete 
|  57|0x0000000088f00000, 0x0000000089000000, 0x0000000089000000|100%| S|CS|TAMS 0x0000000088f00000, 0x0000000088f00000| Complete 
|  58|0x0000000089000000, 0x0000000089100000, 0x0000000089100000|100%| S|CS|TAMS 0x0000000089000000, 0x0000000089000000| Complete 
|  59|0x0000000089100000, 0x0000000089200000, 0x0000000089200000|100%| S|CS|TAMS 0x0000000089100000, 0x0000000089100000| Complete 
|  60|0x0000000089200000, 0x0000000089300000, 0x0000000089300000|100%| S|CS|TAMS 0x0000000089200000, 0x0000000089200000| Complete 
|  61|0x0000000089300000, 0x0000000089300000, 0x0000000089400000|  0%| F|  |TAMS 0x0000000089300000, 0x0000000089300000| Untracked 
|  62|0x0000000089400000, 0x0000000089400000, 0x0000000089500000|  0%| F|  |TAMS 0x0000000089400000, 0x0000000089400000| Untracked 
|  63|0x0000000089500000, 0x0000000089500000, 0x0000000089600000|  0%| F|  |TAMS 0x0000000089500000, 0x0000000089500000| Untracked 
|  64|0x0000000089600000, 0x0000000089600000, 0x0000000089700000|  0%| F|  |TAMS 0x0000000089600000, 0x0000000089600000| Untracked 
|  65|0x0000000089700000, 0x0000000089700000, 0x0000000089800000|  0%| F|  |TAMS 0x0000000089700000, 0x0000000089700000| Untracked 
|  66|0x0000000089800000, 0x0000000089800000, 0x0000000089900000|  0%| F|  |TAMS 0x0000000089800000, 0x0000000089800000| Untracked 
|  67|0x0000000089900000, 0x0000000089900000, 0x0000000089a00000|  0%| F|  |TAMS 0x0000000089900000, 0x0000000089900000| Untracked 
|  68|0x0000000089a00000, 0x0000000089a00000, 0x0000000089b00000|  0%| F|  |TAMS 0x0000000089a00000, 0x0000000089a00000| Untracked 
|  69|0x0000000089b00000, 0x0000000089b00000, 0x0000000089c00000|  0%| F|  |TAMS 0x0000000089b00000, 0x0000000089b00000| Untracked 
|  70|0x0000000089c00000, 0x0000000089c00000, 0x0000000089d00000|  0%| F|  |TAMS 0x0000000089c00000, 0x0000000089c00000| Untracked 
|  71|0x0000000089d00000, 0x0000000089d00000, 0x0000000089e00000|  0%| F|  |TAMS 0x0000000089d00000, 0x0000000089d00000| Untracked 
|  72|0x0000000089e00000, 0x0000000089e00000, 0x0000000089f00000|  0%| F|  |TAMS 0x0000000089e00000, 0x0000000089e00000| Untracked 
|  73|0x0000000089f00000, 0x0000000089f00000, 0x000000008a000000|  0%| F|  |TAMS 0x0000000089f00000, 0x0000000089f00000| Untracked 
|  74|0x000000008a000000, 0x000000008a000000, 0x000000008a100000|  0%| F|  |TAMS 0x000000008a000000, 0x000000008a000000| Untracked 
|  75|0x000000008a100000, 0x000000008a100000, 0x000000008a200000|  0%| F|  |TAMS 0x000000008a100000, 0x000000008a100000| Untracked 
|  76|0x000000008a200000, 0x000000008a200000, 0x000000008a300000|  0%| F|  |TAMS 0x000000008a200000, 0x000000008a200000| Untracked 
|  77|0x000000008a300000, 0x000000008a300000, 0x000000008a400000|  0%| F|  |TAMS 0x000000008a300000, 0x000000008a300000| Untracked 
|  78|0x000000008a400000, 0x000000008a400000, 0x000000008a500000|  0%| F|  |TAMS 0x000000008a400000, 0x000000008a400000| Untracked 
|  79|0x000000008a500000, 0x000000008a500000, 0x000000008a600000|  0%| F|  |TAMS 0x000000008a500000, 0x000000008a500000| Untracked 
|  80|0x000000008a600000, 0x000000008a600000, 0x000000008a700000|  0%| F|  |TAMS 0x000000008a600000, 0x000000008a600000| Untracked 
|  81|0x000000008a700000, 0x000000008a700000, 0x000000008a800000|  0%| F|  |TAMS 0x000000008a700000, 0x000000008a700000| Untracked 
|  82|0x000000008a800000, 0x000000008a800000, 0x000000008a900000|  0%| F|  |TAMS 0x000000008a800000, 0x000000008a800000| Untracked 
|  83|0x000000008a900000, 0x000000008a900000, 0x000000008aa00000|  0%| F|  |TAMS 0x000000008a900000, 0x000000008a900000| Untracked 
|  84|0x000000008aa00000, 0x000000008aa00000, 0x000000008ab00000|  0%| F|  |TAMS 0x000000008aa00000, 0x000000008aa00000| Untracked 
|  85|0x000000008ab00000, 0x000000008ab00000, 0x000000008ac00000|  0%| F|  |TAMS 0x000000008ab00000, 0x000000008ab00000| Untracked 
|  86|0x000000008ac00000, 0x000000008ac00000, 0x000000008ad00000|  0%| F|  |TAMS 0x000000008ac00000, 0x000000008ac00000| Untracked 
|  87|0x000000008ad00000, 0x000000008ad00000, 0x000000008ae00000|  0%| F|  |TAMS 0x000000008ad00000, 0x000000008ad00000| Untracked 
|  88|0x000000008ae00000, 0x000000008ae00000, 0x000000008af00000|  0%| F|  |TAMS 0x000000008ae00000, 0x000000008ae00000| Untracked 
|  89|0x000000008af00000, 0x000000008af00000, 0x000000008b000000|  0%| F|  |TAMS 0x000000008af00000, 0x000000008af00000| Untracked 
|  90|0x000000008b000000, 0x000000008b000000, 0x000000008b100000|  0%| F|  |TAMS 0x000000008b000000, 0x000000008b000000| Untracked 
|  91|0x000000008b100000, 0x000000008b100000, 0x000000008b200000|  0%| F|  |TAMS 0x000000008b100000, 0x000000008b100000| Untracked 
|  92|0x000000008b200000, 0x000000008b200000, 0x000000008b300000|  0%| F|  |TAMS 0x000000008b200000, 0x000000008b200000| Untracked 
|  93|0x000000008b300000, 0x000000008b300000, 0x000000008b400000|  0%| F|  |TAMS 0x000000008b300000, 0x000000008b300000| Untracked 
|  94|0x000000008b400000, 0x000000008b400000, 0x000000008b500000|  0%| F|  |TAMS 0x000000008b400000, 0x000000008b400000| Untracked 
|  95|0x000000008b500000, 0x000000008b500000, 0x000000008b600000|  0%| F|  |TAMS 0x000000008b500000, 0x000000008b500000| Untracked 
|  96|0x000000008b600000, 0x000000008b600000, 0x000000008b700000|  0%| F|  |TAMS 0x000000008b600000, 0x000000008b600000| Untracked 
|  97|0x000000008b700000, 0x000000008b700000, 0x000000008b800000|  0%| F|  |TAMS 0x000000008b700000, 0x000000008b700000| Untracked 
|  98|0x000000008b800000, 0x000000008b800000, 0x000000008b900000|  0%| F|  |TAMS 0x000000008b800000, 0x000000008b800000| Untracked 
|  99|0x000000008b900000, 0x000000008b900000, 0x000000008ba00000|  0%| F|  |TAMS 0x000000008b900000, 0x000000008b900000| Untracked 
| 100|0x000000008ba00000, 0x000000008ba00000, 0x000000008bb00000|  0%| F|  |TAMS 0x000000008ba00000, 0x000000008ba00000| Untracked 
| 101|0x000000008bb00000, 0x000000008bb00000, 0x000000008bc00000|  0%| F|  |TAMS 0x000000008bb00000, 0x000000008bb00000| Untracked 
| 102|0x000000008bc00000, 0x000000008bc00000, 0x000000008bd00000|  0%| F|  |TAMS 0x000000008bc00000, 0x000000008bc00000| Untracked 
| 103|0x000000008bd00000, 0x000000008bd00000, 0x000000008be00000|  0%| F|  |TAMS 0x000000008bd00000, 0x000000008bd00000| Untracked 
| 104|0x000000008be00000, 0x000000008be00000, 0x000000008bf00000|  0%| F|  |TAMS 0x000000008be00000, 0x000000008be00000| Untracked 
| 105|0x000000008bf00000, 0x000000008bf00000, 0x000000008c000000|  0%| F|  |TAMS 0x000000008bf00000, 0x000000008bf00000| Untracked 
| 106|0x000000008c000000, 0x000000008c000000, 0x000000008c100000|  0%| F|  |TAMS 0x000000008c000000, 0x000000008c000000| Untracked 
| 107|0x000000008c100000, 0x000000008c100000, 0x000000008c200000|  0%| F|  |TAMS 0x000000008c100000, 0x000000008c100000| Untracked 
| 108|0x000000008c200000, 0x000000008c200000, 0x000000008c300000|  0%| F|  |TAMS 0x000000008c200000, 0x000000008c200000| Untracked 
| 109|0x000000008c300000, 0x000000008c300000, 0x000000008c400000|  0%| F|  |TAMS 0x000000008c300000, 0x000000008c300000| Untracked 
| 110|0x000000008c400000, 0x000000008c400000, 0x000000008c500000|  0%| F|  |TAMS 0x000000008c400000, 0x000000008c400000| Untracked 
| 111|0x000000008c500000, 0x000000008c500000, 0x000000008c600000|  0%| F|  |TAMS 0x000000008c500000, 0x000000008c500000| Untracked 
| 112|0x000000008c600000, 0x000000008c600000, 0x000000008c700000|  0%| F|  |TAMS 0x000000008c600000, 0x000000008c600000| Untracked 
| 113|0x000000008c700000, 0x000000008c700000, 0x000000008c800000|  0%| F|  |TAMS 0x000000008c700000, 0x000000008c700000| Untracked 
| 114|0x000000008c800000, 0x000000008c800000, 0x000000008c900000|  0%| F|  |TAMS 0x000000008c800000, 0x000000008c800000| Untracked 
| 115|0x000000008c900000, 0x000000008c900000, 0x000000008ca00000|  0%| F|  |TAMS 0x000000008c900000, 0x000000008c900000| Untracked 
| 116|0x000000008ca00000, 0x000000008ca00000, 0x000000008cb00000|  0%| F|  |TAMS 0x000000008ca00000, 0x000000008ca00000| Untracked 
| 117|0x000000008cb00000, 0x000000008cb00000, 0x000000008cc00000|  0%| F|  |TAMS 0x000000008cb00000, 0x000000008cb00000| Untracked 
| 118|0x000000008cc00000, 0x000000008cc00000, 0x000000008cd00000|  0%| F|  |TAMS 0x000000008cc00000, 0x000000008cc00000| Untracked 
| 119|0x000000008cd00000, 0x000000008cd00000, 0x000000008ce00000|  0%| F|  |TAMS 0x000000008cd00000, 0x000000008cd00000| Untracked 
| 120|0x000000008ce00000, 0x000000008ce00000, 0x000000008cf00000|  0%| F|  |TAMS 0x000000008ce00000, 0x000000008ce00000| Untracked 
| 121|0x000000008cf00000, 0x000000008cf00000, 0x000000008d000000|  0%| F|  |TAMS 0x000000008cf00000, 0x000000008cf00000| Untracked 
| 122|0x000000008d000000, 0x000000008d000000, 0x000000008d100000|  0%| F|  |TAMS 0x000000008d000000, 0x000000008d000000| Untracked 
| 123|0x000000008d100000, 0x000000008d100000, 0x000000008d200000|  0%| F|  |TAMS 0x000000008d100000, 0x000000008d100000| Untracked 
| 124|0x000000008d200000, 0x000000008d200000, 0x000000008d300000|  0%| F|  |TAMS 0x000000008d200000, 0x000000008d200000| Untracked 
| 125|0x000000008d300000, 0x000000008d300000, 0x000000008d400000|  0%| F|  |TAMS 0x000000008d300000, 0x000000008d300000| Untracked 
| 126|0x000000008d400000, 0x000000008d400000, 0x000000008d500000|  0%| F|  |TAMS 0x000000008d400000, 0x000000008d400000| Untracked 
| 127|0x000000008d500000, 0x000000008d500000, 0x000000008d600000|  0%| F|  |TAMS 0x000000008d500000, 0x000000008d500000| Untracked 
| 128|0x000000008d600000, 0x000000008d600000, 0x000000008d700000|  0%| F|  |TAMS 0x000000008d600000, 0x000000008d600000| Untracked 
| 129|0x000000008d700000, 0x000000008d700000, 0x000000008d800000|  0%| F|  |TAMS 0x000000008d700000, 0x000000008d700000| Untracked 
| 130|0x000000008d800000, 0x000000008d800000, 0x000000008d900000|  0%| F|  |TAMS 0x000000008d800000, 0x000000008d800000| Untracked 
| 131|0x000000008d900000, 0x000000008d900000, 0x000000008da00000|  0%| F|  |TAMS 0x000000008d900000, 0x000000008d900000| Untracked 
| 132|0x000000008da00000, 0x000000008da00000, 0x000000008db00000|  0%| F|  |TAMS 0x000000008da00000, 0x000000008da00000| Untracked 
| 133|0x000000008db00000, 0x000000008db00000, 0x000000008dc00000|  0%| F|  |TAMS 0x000000008db00000, 0x000000008db00000| Untracked 
| 134|0x000000008dc00000, 0x000000008dc00000, 0x000000008dd00000|  0%| F|  |TAMS 0x000000008dc00000, 0x000000008dc00000| Untracked 
| 135|0x000000008dd00000, 0x000000008dd00000, 0x000000008de00000|  0%| F|  |TAMS 0x000000008dd00000, 0x000000008dd00000| Untracked 
| 136|0x000000008de00000, 0x000000008de00000, 0x000000008df00000|  0%| F|  |TAMS 0x000000008de00000, 0x000000008de00000| Untracked 
| 137|0x000000008df00000, 0x000000008df00000, 0x000000008e000000|  0%| F|  |TAMS 0x000000008df00000, 0x000000008df00000| Untracked 
| 138|0x000000008e000000, 0x000000008e000000, 0x000000008e100000|  0%| F|  |TAMS 0x000000008e000000, 0x000000008e000000| Untracked 
| 139|0x000000008e100000, 0x000000008e100000, 0x000000008e200000|  0%| F|  |TAMS 0x000000008e100000, 0x000000008e100000| Untracked 
| 140|0x000000008e200000, 0x000000008e200000, 0x000000008e300000|  0%| F|  |TAMS 0x000000008e200000, 0x000000008e200000| Untracked 
| 141|0x000000008e300000, 0x000000008e300000, 0x000000008e400000|  0%| F|  |TAMS 0x000000008e300000, 0x000000008e300000| Untracked 
| 142|0x000000008e400000, 0x000000008e400000, 0x000000008e500000|  0%| F|  |TAMS 0x000000008e400000, 0x000000008e400000| Untracked 
| 143|0x000000008e500000, 0x000000008e500000, 0x000000008e600000|  0%| F|  |TAMS 0x000000008e500000, 0x000000008e500000| Untracked 
| 144|0x000000008e600000, 0x000000008e600000, 0x000000008e700000|  0%| F|  |TAMS 0x000000008e600000, 0x000000008e600000| Untracked 
| 145|0x000000008e700000, 0x000000008e700000, 0x000000008e800000|  0%| F|  |TAMS 0x000000008e700000, 0x000000008e700000| Untracked 
| 146|0x000000008e800000, 0x000000008e800000, 0x000000008e900000|  0%| F|  |TAMS 0x000000008e800000, 0x000000008e800000| Untracked 
| 147|0x000000008e900000, 0x000000008e900000, 0x000000008ea00000|  0%| F|  |TAMS 0x000000008e900000, 0x000000008e900000| Untracked 
| 148|0x000000008ea00000, 0x000000008ea00000, 0x000000008eb00000|  0%| F|  |TAMS 0x000000008ea00000, 0x000000008ea00000| Untracked 
| 149|0x000000008eb00000, 0x000000008eb00000, 0x000000008ec00000|  0%| F|  |TAMS 0x000000008eb00000, 0x000000008eb00000| Untracked 
| 150|0x000000008ec00000, 0x000000008ec00000, 0x000000008ed00000|  0%| F|  |TAMS 0x000000008ec00000, 0x000000008ec00000| Untracked 

Card table byte_map: [0x00007f921ee80000,0x00007f921f255000] _byte_map_base: 0x00007f921ea55000

Marking Bits (Prev, Next): (CMBitMap*) 0x00007f92380506b8, (CMBitMap*) 0x00007f92380506f0
 Prev Bits: [0x00007f921cc03000, 0x00007f921eaab000)
 Next Bits: [0x00007f9216158000, 0x00007f9218000000)

Polling page: 0x00007f923f2cc000

Metaspace:

Usage:
  Non-class:      5.88 MB capacity,     5.78 MB ( 98%) used,    97.28 KB (  2%) free+waste,     8.06 KB ( <1%) overhead. 
      Class:    610.00 KB capacity,   545.32 KB ( 89%) used,    60.68 KB ( 10%) free+waste,     4.00 KB ( <1%) overhead. 
       Both:      6.48 MB capacity,     6.31 MB ( 97%) used,   157.96 KB (  2%) free+waste,    12.06 KB ( <1%) overhead. 

Virtual space:
  Non-class space:        8.00 MB reserved,       6.00 MB ( 75%) committed 
      Class space:        1.00 GB reserved,     640.00 KB ( <1%) committed 
             Both:        1.01 GB reserved,       6.62 MB ( <1%) committed 

Chunk freelists:
   Non-Class:  59.00 KB
       Class:  0 bytes
        Both:  59.00 KB

CodeHeap 'non-profiled nmethods': size=120032Kb used=504Kb max_used=504Kb free=119527Kb
 bounds [0x00007f92277ce000, 0x00007f9227a3e000, 0x00007f922ed06000]
CodeHeap 'profiled nmethods': size=120032Kb used=1218Kb max_used=1218Kb free=118814Kb
 bounds [0x00007f9220296000, 0x00007f9220506000, 0x00007f92277ce000]
CodeHeap 'non-nmethods': size=5696Kb used=1044Kb max_used=1081Kb free=4651Kb
 bounds [0x00007f921fd06000, 0x00007f921ff76000, 0x00007f9220296000]
 total_blobs=1350 nmethods=721 adapters=259
 compilation: enabled
              stopped_count=0, restarted_count=0
 full_count=0

Compilation events (10 events):
Event: 1.771 Thread 0x00007f9238157800  717       1       SimBlock.node.Block::getParent (5 bytes)
Event: 1.771 Thread 0x00007f9238157800 nmethod 717 0x00007f922784b090 code [0x00007f922784b240, 0x00007f922784b350]
Event: 1.771 Thread 0x00007f9238157800  719       3       SimBlock.node.Node::addOrphans (54 bytes)
Event: 1.771 Thread 0x00007f9238157800 nmethod 719 0x00007f92203c6010 code [0x00007f92203c6200, 0x00007f92203c6668]
Event: 1.772 Thread 0x00007f9238155800 nmethod 673 0x00007f922784b410 code [0x00007f922784b5e0, 0x00007f922784b938]
Event: 1.772 Thread 0x00007f9238155800  718       4       java.util.HashMap::hash (20 bytes)
Event: 1.773 Thread 0x00007f9238155800 nmethod 718 0x00007f922784bc90 code [0x00007f922784be20, 0x00007f922784bed8]
Event: 1.773 Thread 0x00007f9238155800  726       4       SimBlock.node.Node::receiveMessage (432 bytes)
Event: 1.780 Thread 0x00007f9238157800  727       1       java.lang.ref.Reference::reachabilityFence (1 bytes)
Event: 1.780 Thread 0x00007f9238157800 nmethod 727 0x00007f922784bf90 code [0x00007f922784c140, 0x00007f922784c230]

GC Heap History (10 events):
Event: 0.944 GC heap after
{Heap after GC invocations=4 (full 0):
 garbage-first heap   total 126976K, used 4096K [0x0000000085600000, 0x0000000100000000)
  region size 1024K, 4 young (4096K), 4 survivors (4096K)
 Metaspace       used 6452K, capacity 6631K, committed 6784K, reserved 1056768K
  class space    used 545K, capacity 610K, committed 640K, reserved 1048576K
}
Event: 1.058 GC heap before
{Heap before GC invocations=4 (full 0):
 garbage-first heap   total 126976K, used 75776K [0x0000000085600000, 0x0000000100000000)
  region size 1024K, 74 young (75776K), 4 survivors (4096K)
 Metaspace       used 6452K, capacity 6631K, committed 6784K, reserved 1056768K
  class space    used 545K, capacity 610K, committed 640K, reserved 1048576K
}
Event: 1.180 GC heap after
{Heap after GC invocations=5 (full 0):
 garbage-first heap   total 154624K, used 4096K [0x0000000085600000, 0x0000000100000000)
  region size 1024K, 4 young (4096K), 4 survivors (4096K)
 Metaspace       used 6452K, capacity 6631K, committed 6784K, reserved 1056768K
  class space    used 545K, capacity 610K, committed 640K, reserved 1048576K
}
Event: 1.414 GC heap before
{Heap before GC invocations=5 (full 0):
 garbage-first heap   total 154624K, used 92160K [0x0000000085600000, 0x0000000100000000)
  region size 1024K, 90 young (92160K), 4 survivors (4096K)
 Metaspace       used 6460K, capacity 6631K, committed 6784K, reserved 1056768K
  class space    used 545K, capacity 610K, committed 640K, reserved 1048576K
}
Event: 1.489 GC heap after
{Heap after GC invocations=6 (full 0):
 garbage-first heap   total 154624K, used 4096K [0x0000000085600000, 0x0000000100000000)
  region size 1024K, 4 young (4096K), 4 survivors (4096K)
 Metaspace       used 6460K, capacity 6631K, committed 6784K, reserved 1056768K
  class space    used 545K, capacity 610K, committed 640K, reserved 1048576K
}
Event: 1.638 GC heap before
{Heap before GC invocations=6 (full 0):
 garbage-first heap   total 154624K, used 92160K [0x0000000085600000, 0x0000000100000000)
  region size 1024K, 90 young (92160K), 4 survivors (4096K)
 Metaspace       used 6460K, capacity 6631K, committed 6784K, reserved 1056768K
  class space    used 545K, capacity 610K, committed 640K, reserved 1048576K
}
Event: 1.643 GC heap after
{Heap after GC invocations=7 (full 0):
 garbage-first heap   total 154624K, used 4351K [0x0000000085600000, 0x0000000100000000)
  region size 1024K, 5 young (5120K), 5 survivors (5120K)
 Metaspace       used 6460K, capacity 6631K, committed 6784K, reserved 1056768K
  class space    used 545K, capacity 610K, committed 640K, reserved 1048576K
}
Event: 1.841 GC heap before
{Heap before GC invocations=7 (full 0):
 garbage-first heap   total 154624K, used 91391K [0x0000000085600000, 0x0000000100000000)
  region size 1024K, 90 young (92160K), 5 survivors (5120K)
 Metaspace       used 6460K, capacity 6631K, committed 6784K, reserved 1056768K
  class space    used 545K, capacity 610K, committed 640K, reserved 1048576K
}
Event: 1.845 GC heap after
{Heap after GC invocations=8 (full 0):
 garbage-first heap   total 154624K, used 4353K [0x0000000085600000, 0x0000000100000000)
  region size 1024K, 5 young (5120K), 5 survivors (5120K)
 Metaspace       used 6460K, capacity 6631K, committed 6784K, reserved 1056768K
  class space    used 545K, capacity 610K, committed 640K, reserved 1048576K
}
Event: 2.059 GC heap before
{Heap before GC invocations=8 (full 0):
 garbage-first heap   total 154624K, used 91393K [0x0000000085600000, 0x0000000100000000)
  region size 1024K, 90 young (92160K), 5 survivors (5120K)
 Metaspace       used 6460K, capacity 6631K, committed 6784K, reserved 1056768K
  class space    used 545K, capacity 610K, committed 640K, reserved 1048576K
}

Deoptimization events (10 events):
Event: 1.723 Thread 0x00007f9238012000 DEOPT PACKING pc=0x00007f9227844418 sp=0x00007f923f2b1600
Event: 1.723 Thread 0x00007f9238012000 DEOPT UNPACKING pc=0x00007f921fd2e6a5 sp=0x00007f923f2b14a8 mode 2
Event: 1.726 Thread 0x00007f9238012000 Uncommon trap: trap_request=0xffffff4d fr.pc=0x00007f9227849d2c relative=0x000000000000054c
Event: 1.726 Thread 0x00007f9238012000 Uncommon trap: reason=unstable_if action=reinterpret pc=0x00007f9227849d2c method=java.util.HashMap.removeNode(ILjava/lang/Object;Ljava/lang/Object;ZZ)Ljava/util/HashMap$Node; @ 34 c2
Event: 1.726 Thread 0x00007f9238012000 DEOPT PACKING pc=0x00007f9227849d2c sp=0x00007f923f2b1590
Event: 1.726 Thread 0x00007f9238012000 DEOPT UNPACKING pc=0x00007f921fd2e6a5 sp=0x00007f923f2b14b0 mode 2
Event: 1.726 Thread 0x00007f9238012000 Uncommon trap: trap_request=0xffffff4d fr.pc=0x00007f92277fbd10 relative=0x0000000000000550
Event: 1.726 Thread 0x00007f9238012000 Uncommon trap: reason=unstable_if action=reinterpret pc=0x00007f92277fbd10 method=java.util.HashMap.removeNode(ILjava/lang/Object;Ljava/lang/Object;ZZ)Ljava/util/HashMap$Node; @ 34 c2
Event: 1.726 Thread 0x00007f9238012000 DEOPT PACKING pc=0x00007f92277fbd10 sp=0x00007f923f2b14f0
Event: 1.726 Thread 0x00007f9238012000 DEOPT UNPACKING pc=0x00007f921fd2e6a5 sp=0x00007f923f2b14b0 mode 2

Classes redefined (0 events):
No events

Internal exceptions (6 events):
Event: 0.092 Thread 0x00007f9238012000 Exception <a 'java/security/PrivilegedActionException'{0x000000008d029668}> (0x000000008d029668) thrown at [/build/openjdk-lts-7bqZff/openjdk-lts-11.0.4+11/src/hotspot/share/prims/jvm.cpp, line 1300]
Event: 0.092 Thread 0x00007f9238012000 Exception <a 'java/security/PrivilegedActionException'{0x000000008d029938}> (0x000000008d029938) thrown at [/build/openjdk-lts-7bqZff/openjdk-lts-11.0.4+11/src/hotspot/share/prims/jvm.cpp, line 1300]
Event: 0.828 Thread 0x00007f9238012000 Exception <a 'java/lang/NoSuchMethodError'{0x000000008bbef7b8}: 'java.lang.Object java.lang.invoke.Invokers$Holder.linkToTargetMethod(java.lang.Object, int, java.lang.Object)'> (0x000000008bbef7b8) thrown at [/build/openjdk-lts-7bqZff/openjdk-lts-11.0.4+1
Event: 1.723 Thread 0x00007f9238012000 Implicit null exception at 0x00007f9227843f16 to 0x00007f92278443f2
Event: 1.726 Thread 0x00007f9238012000 Implicit null exception at 0x00007f922784989f to 0x00007f9227849d0a
Event: 1.726 Thread 0x00007f9238012000 Implicit null exception at 0x00007f92277fb815 to 0x00007f92277fbce6

Events (10 events):
Event: 0.944 Executing VM operation: G1CollectForAllocation done
Event: 1.058 Executing VM operation: G1CollectForAllocation
Event: 1.180 Executing VM operation: G1CollectForAllocation done
Event: 1.414 Executing VM operation: G1CollectForAllocation
Event: 1.489 Executing VM operation: G1CollectForAllocation done
Event: 1.638 Executing VM operation: G1CollectForAllocation
Event: 1.643 Executing VM operation: G1CollectForAllocation done
Event: 1.841 Executing VM operation: G1CollectForAllocation
Event: 1.845 Executing VM operation: G1CollectForAllocation done
Event: 1.997 Executing VM operation: G1CollectForAllocation


Dynamic libraries:
85600000-8ed00000 rw-p 00000000 00:00 0 
9b000000-100000000 ---p 00000000 00:00 0 
100000000-1000a0000 rw-p 00000000 00:00 0 
1000a0000-140000000 ---p 00000000 00:00 0 
55a457d5f000-55a457d60000 r-xp 00000000 08:01 1843403                    /usr/lib/jvm/java-11-openjdk-amd64/bin/java
55a457f60000-55a457f61000 r--p 00001000 08:01 1843403                    /usr/lib/jvm/java-11-openjdk-amd64/bin/java
55a457f61000-55a457f62000 rw-p 00002000 08:01 1843403                    /usr/lib/jvm/java-11-openjdk-amd64/bin/java
55a457fde000-55a457fff000 rw-p 00000000 00:00 0                          [heap]
7f91cc000000-7f91cc021000 rw-p 00000000 00:00 0 
7f91cc021000-7f91d0000000 ---p 00000000 00:00 0 
7f91d4000000-7f91d4021000 rw-p 00000000 00:00 0 
7f91d4021000-7f91d8000000 ---p 00000000 00:00 0 
7f91d8000000-7f91d8021000 rw-p 00000000 00:00 0 
7f91d8021000-7f91dc000000 ---p 00000000 00:00 0 
7f91dc000000-7f91dc021000 rw-p 00000000 00:00 0 
7f91dc021000-7f91e0000000 ---p 00000000 00:00 0 
7f91e0000000-7f91e0021000 rw-p 00000000 00:00 0 
7f91e0021000-7f91e4000000 ---p 00000000 00:00 0 
7f91e4000000-7f91e47b9000 rw-p 00000000 00:00 0 
7f91e47b9000-7f91e8000000 ---p 00000000 00:00 0 
7f91e8000000-7f91e8021000 rw-p 00000000 00:00 0 
7f91e8021000-7f91ec000000 ---p 00000000 00:00 0 
7f91ec000000-7f91ec021000 rw-p 00000000 00:00 0 
7f91ec021000-7f91f0000000 ---p 00000000 00:00 0 
7f91f0000000-7f91f1575000 rw-p 00000000 00:00 0 
7f91f1575000-7f91f4000000 ---p 00000000 00:00 0 
7f91f4000000-7f91f4021000 rw-p 00000000 00:00 0 
7f91f4021000-7f91f8000000 ---p 00000000 00:00 0 
7f91f8000000-7f91f8021000 rw-p 00000000 00:00 0 
7f91f8021000-7f91fc000000 ---p 00000000 00:00 0 
7f91fc000000-7f91fc025000 rw-p 00000000 00:00 0 
7f91fc025000-7f9200000000 ---p 00000000 00:00 0 
7f9200000000-7f9200021000 rw-p 00000000 00:00 0 
7f9200021000-7f9204000000 ---p 00000000 00:00 0 
7f92060fe000-7f92060ff000 ---p 00000000 00:00 0 
7f92060ff000-7f9206200000 rw-p 00000000 00:00 0 
7f9206200000-7f9206201000 ---p 00000000 00:00 0 
7f9206201000-7f9206302000 rw-p 00000000 00:00 0 
7f9206302000-7f9206318000 r-xp 00000000 08:01 3540866                    /usr/lib/jvm/java-11-openjdk-amd64/lib/libnet.so
7f9206318000-7f9206517000 ---p 00016000 08:01 3540866                    /usr/lib/jvm/java-11-openjdk-amd64/lib/libnet.so
7f9206517000-7f9206518000 r--p 00015000 08:01 3540866                    /usr/lib/jvm/java-11-openjdk-amd64/lib/libnet.so
7f9206518000-7f9206519000 rw-p 00016000 08:01 3540866                    /usr/lib/jvm/java-11-openjdk-amd64/lib/libnet.so
7f9206519000-7f9206529000 r-xp 00000000 08:01 3540867                    /usr/lib/jvm/java-11-openjdk-amd64/lib/libnio.so
7f9206529000-7f9206728000 ---p 00010000 08:01 3540867                    /usr/lib/jvm/java-11-openjdk-amd64/lib/libnio.so
7f9206728000-7f9206729000 r--p 0000f000 08:01 3540867                    /usr/lib/jvm/java-11-openjdk-amd64/lib/libnio.so
7f9206729000-7f920672a000 rw-p 00010000 08:01 3540867                    /usr/lib/jvm/java-11-openjdk-amd64/lib/libnio.so
7f920672a000-7f920672e000 ---p 00000000 00:00 0 
7f920672e000-7f920682b000 rw-p 00000000 00:00 0 
7f920682b000-7f920682c000 ---p 00000000 00:00 0 
7f920682c000-7f920692d000 rw-p 00000000 00:00 0 
7f920692d000-7f9206931000 ---p 00000000 00:00 0 
7f9206931000-7f9206a2e000 rw-p 00000000 00:00 0 
7f9206a2e000-7f9206a32000 ---p 00000000 00:00 0 
7f9206a32000-7f9206b2f000 rw-p 00000000 00:00 0 
7f9206b2f000-7f9206b33000 ---p 00000000 00:00 0 
7f9206b33000-7f9206c30000 rw-p 00000000 00:00 0 
7f9206c30000-7f9206c34000 ---p 00000000 00:00 0 
7f9206c34000-7f9206d31000 rw-p 00000000 00:00 0 
7f9206d31000-7f9207800000 r--p 00000000 08:01 1055413                    /usr/lib/locale/locale-archive
7f9207800000-7f9207e00000 rw-p 00000000 00:00 0 
7f9207e00000-7f9208000000 ---p 00000000 00:00 0 
7f9208000000-7f9208021000 rw-p 00000000 00:00 0 
7f9208021000-7f920c000000 ---p 00000000 00:00 0 
7f920c000000-7f920c021000 rw-p 00000000 00:00 0 
7f920c021000-7f9210000000 ---p 00000000 00:00 0 
7f9210000000-7f9210021000 rw-p 00000000 00:00 0 
7f9210021000-7f9214000000 ---p 00000000 00:00 0 
7f9214057000-7f921405b000 ---p 00000000 00:00 0 
7f921405b000-7f92163b4000 rw-p 00000000 00:00 0 
7f92163b4000-7f9218000000 ---p 00000000 00:00 0 
7f9218000000-7f9218021000 rw-p 00000000 00:00 0 
7f9218021000-7f921c000000 ---p 00000000 00:00 0 
7f921c072000-7f921c076000 ---p 00000000 00:00 0 
7f921c076000-7f921c173000 rw-p 00000000 00:00 0 
7f921c173000-7f921c177000 ---p 00000000 00:00 0 
7f921c177000-7f921c274000 rw-p 00000000 00:00 0 
7f921c274000-7f921c275000 ---p 00000000 00:00 0 
7f921c275000-7f921c3f7000 rw-p 00000000 00:00 0 
7f921c3f7000-7f921c3f8000 ---p 00000000 00:00 0 
7f921c3f8000-7f921c4f9000 rw-p 00000000 00:00 0 
7f921c4f9000-7f921c4fa000 ---p 00000000 00:00 0 
7f921c4fa000-7f921c9ff000 rw-p 00000000 00:00 0 
7f921c9ff000-7f921ca00000 ---p 00000000 00:00 0 
7f921ca00000-7f921cb01000 rw-p 00000000 00:00 0 
7f921cb01000-7f921cb02000 ---p 00000000 00:00 0 
7f921cb02000-7f921ce5f000 rw-p 00000000 00:00 0 
7f921ce5f000-7f921eaab000 ---p 00000000 00:00 0 
7f921eaab000-7f921eaf7000 rw-p 00000000 00:00 0 
7f921eaf7000-7f921ee80000 ---p 00000000 00:00 0 
7f921ee80000-7f921eecc000 rw-p 00000000 00:00 0 
7f921eecc000-7f921f255000 ---p 00000000 00:00 0 
7f921f255000-7f921f2a1000 rw-p 00000000 00:00 0 
7f921f2a1000-7f921f62a000 ---p 00000000 00:00 0 
7f921f62a000-7f921fa2e000 rw-p 00000000 00:00 0 
7f921fa2e000-7f921fa2f000 ---p 00000000 00:00 0 
7f921fa2f000-7f921fb35000 rw-p 00000000 00:00 0 
7f921fb35000-7f921fc1b000 ---p 00000000 00:00 0 
7f921fc1b000-7f921fc20000 rw-p 00000000 00:00 0 
7f921fc20000-7f921fd06000 ---p 00000000 00:00 0 
7f921fd06000-7f921ff76000 rwxp 00000000 00:00 0 
7f921ff76000-7f9220296000 ---p 00000000 00:00 0 
7f9220296000-7f9220506000 rwxp 00000000 00:00 0 
7f9220506000-7f92277ce000 ---p 00000000 00:00 0 
7f92277ce000-7f9227a3e000 rwxp 00000000 00:00 0 
7f9227a3e000-7f922ed06000 ---p 00000000 00:00 0 
7f922ed06000-7f92373b0000 r--s 00000000 08:01 3540876                    /usr/lib/jvm/java-11-openjdk-amd64/lib/modules
7f92373b0000-7f92373b5000 r-xp 00000000 08:01 3540858                    /usr/lib/jvm/java-11-openjdk-amd64/lib/libjimage.so
7f92373b5000-7f92375b4000 ---p 00005000 08:01 3540858                    /usr/lib/jvm/java-11-openjdk-amd64/lib/libjimage.so
7f92375b4000-7f92375b5000 r--p 00004000 08:01 3540858                    /usr/lib/jvm/java-11-openjdk-amd64/lib/libjimage.so
7f92375b5000-7f92375b6000 rw-p 00005000 08:01 3540858                    /usr/lib/jvm/java-11-openjdk-amd64/lib/libjimage.so
7f92375b6000-7f92375bd000 r-xp 00000000 08:01 3540875                    /usr/lib/jvm/java-11-openjdk-amd64/lib/libzip.so
7f92375bd000-7f92377bc000 ---p 00007000 08:01 3540875                    /usr/lib/jvm/java-11-openjdk-amd64/lib/libzip.so
7f92377bc000-7f92377bd000 r--p 00006000 08:01 3540875                    /usr/lib/jvm/java-11-openjdk-amd64/lib/libzip.so
7f92377bd000-7f92377be000 rw-p 00007000 08:01 3540875                    /usr/lib/jvm/java-11-openjdk-amd64/lib/libzip.so
7f92377be000-7f92377c9000 r-xp 00000000 08:01 1708774                    /lib/x86_64-linux-gnu/libnss_files-2.27.so
7f92377c9000-7f92379c8000 ---p 0000b000 08:01 1708774                    /lib/x86_64-linux-gnu/libnss_files-2.27.so
7f92379c8000-7f92379c9000 r--p 0000a000 08:01 1708774                    /lib/x86_64-linux-gnu/libnss_files-2.27.so
7f92379c9000-7f92379ca000 rw-p 0000b000 08:01 1708774                    /lib/x86_64-linux-gnu/libnss_files-2.27.so
7f92379ca000-7f92379d0000 rw-p 00000000 00:00 0 
7f92379d0000-7f92379e7000 r-xp 00000000 08:01 1708768                    /lib/x86_64-linux-gnu/libnsl-2.27.so
7f92379e7000-7f9237be6000 ---p 00017000 08:01 1708768                    /lib/x86_64-linux-gnu/libnsl-2.27.so
7f9237be6000-7f9237be7000 r--p 00016000 08:01 1708768                    /lib/x86_64-linux-gnu/libnsl-2.27.so
7f9237be7000-7f9237be8000 rw-p 00017000 08:01 1708768                    /lib/x86_64-linux-gnu/libnsl-2.27.so
7f9237be8000-7f9237bea000 rw-p 00000000 00:00 0 
7f9237bea000-7f9237bf5000 r-xp 00000000 08:01 1708785                    /lib/x86_64-linux-gnu/libnss_nis-2.27.so
7f9237bf5000-7f9237df4000 ---p 0000b000 08:01 1708785                    /lib/x86_64-linux-gnu/libnss_nis-2.27.so
7f9237df4000-7f9237df5000 r--p 0000a000 08:01 1708785                    /lib/x86_64-linux-gnu/libnss_nis-2.27.so
7f9237df5000-7f9237df6000 rw-p 0000b000 08:01 1708785                    /lib/x86_64-linux-gnu/libnss_nis-2.27.so
7f9237df6000-7f9237dfe000 r-xp 00000000 08:01 1708770                    /lib/x86_64-linux-gnu/libnss_compat-2.27.so
7f9237dfe000-7f9237ffe000 ---p 00008000 08:01 1708770                    /lib/x86_64-linux-gnu/libnss_compat-2.27.so
7f9237ffe000-7f9237fff000 r--p 00008000 08:01 1708770                    /lib/x86_64-linux-gnu/libnss_compat-2.27.so
7f9237fff000-7f9238000000 rw-p 00009000 08:01 1708770                    /lib/x86_64-linux-gnu/libnss_compat-2.27.so
7f9238000000-7f92382ca000 rw-p 00000000 00:00 0 
7f92382ca000-7f923c000000 ---p 00000000 00:00 0 
7f923c074000-7f923c0cf000 rw-p 00000000 00:00 0 
7f923c0cf000-7f923c0f8000 r-xp 00000000 08:01 3540854                    /usr/lib/jvm/java-11-openjdk-amd64/lib/libjava.so
7f923c0f8000-7f923c2f7000 ---p 00029000 08:01 3540854                    /usr/lib/jvm/java-11-openjdk-amd64/lib/libjava.so
7f923c2f7000-7f923c2f8000 r--p 00028000 08:01 3540854                    /usr/lib/jvm/java-11-openjdk-amd64/lib/libjava.so
7f923c2f8000-7f923c2fa000 rw-p 00029000 08:01 3540854                    /usr/lib/jvm/java-11-openjdk-amd64/lib/libjava.so
7f923c2fa000-7f923c307000 r-xp 00000000 08:01 3540874                    /usr/lib/jvm/java-11-openjdk-amd64/lib/libverify.so
7f923c307000-7f923c506000 ---p 0000d000 08:01 3540874                    /usr/lib/jvm/java-11-openjdk-amd64/lib/libverify.so
7f923c506000-7f923c508000 r--p 0000c000 08:01 3540874                    /usr/lib/jvm/java-11-openjdk-amd64/lib/libverify.so
7f923c508000-7f923c509000 rw-p 0000e000 08:01 3540874                    /usr/lib/jvm/java-11-openjdk-amd64/lib/libverify.so
7f923c509000-7f923c510000 r-xp 00000000 08:01 1708825                    /lib/x86_64-linux-gnu/librt-2.27.so
7f923c510000-7f923c70f000 ---p 00007000 08:01 1708825                    /lib/x86_64-linux-gnu/librt-2.27.so
7f923c70f000-7f923c710000 r--p 00006000 08:01 1708825                    /lib/x86_64-linux-gnu/librt-2.27.so
7f923c710000-7f923c711000 rw-p 00007000 08:01 1708825                    /lib/x86_64-linux-gnu/librt-2.27.so
7f923c711000-7f923c728000 r-xp 00000000 08:01 1709445                    /lib/x86_64-linux-gnu/libgcc_s.so.1
7f923c728000-7f923c927000 ---p 00017000 08:01 1709445                    /lib/x86_64-linux-gnu/libgcc_s.so.1
7f923c927000-7f923c928000 r--p 00016000 08:01 1709445                    /lib/x86_64-linux-gnu/libgcc_s.so.1
7f923c928000-7f923c929000 rw-p 00017000 08:01 1709445                    /lib/x86_64-linux-gnu/libgcc_s.so.1
7f923c929000-7f923cac6000 r-xp 00000000 08:01 1708747                    /lib/x86_64-linux-gnu/libm-2.27.so
7f923cac6000-7f923ccc5000 ---p 0019d000 08:01 1708747                    /lib/x86_64-linux-gnu/libm-2.27.so
7f923ccc5000-7f923ccc6000 r--p 0019c000 08:01 1708747                    /lib/x86_64-linux-gnu/libm-2.27.so
7f923ccc6000-7f923ccc7000 rw-p 0019d000 08:01 1708747                    /lib/x86_64-linux-gnu/libm-2.27.so
7f923ccc7000-7f923ce40000 r-xp 00000000 08:01 1051552                    /usr/lib/x86_64-linux-gnu/libstdc++.so.6.0.25
7f923ce40000-7f923d040000 ---p 00179000 08:01 1051552                    /usr/lib/x86_64-linux-gnu/libstdc++.so.6.0.25
7f923d040000-7f923d04a000 r--p 00179000 08:01 1051552                    /usr/lib/x86_64-linux-gnu/libstdc++.so.6.0.25
7f923d04a000-7f923d04c000 rw-p 00183000 08:01 1051552                    /usr/lib/x86_64-linux-gnu/libstdc++.so.6.0.25
7f923d04c000-7f923d050000 rw-p 00000000 00:00 0 
7f923d050000-7f923e11c000 r-xp 00000000 08:01 3540879                    /usr/lib/jvm/java-11-openjdk-amd64/lib/server/libjvm.so
7f923e11c000-7f923e31b000 ---p 010cc000 08:01 3540879                    /usr/lib/jvm/java-11-openjdk-amd64/lib/server/libjvm.so
7f923e31b000-7f923e3d8000 r--p 010cb000 08:01 3540879                    /usr/lib/jvm/java-11-openjdk-amd64/lib/server/libjvm.so
7f923e3d8000-7f923e411000 rw-p 01188000 08:01 3540879                    /usr/lib/jvm/java-11-openjdk-amd64/lib/server/libjvm.so
7f923e411000-7f923e467000 rw-p 00000000 00:00 0 
7f923e467000-7f923e481000 r-xp 00000000 08:01 1708817                    /lib/x86_64-linux-gnu/libpthread-2.27.so
7f923e481000-7f923e680000 ---p 0001a000 08:01 1708817                    /lib/x86_64-linux-gnu/libpthread-2.27.so
7f923e680000-7f923e681000 r--p 00019000 08:01 1708817                    /lib/x86_64-linux-gnu/libpthread-2.27.so
7f923e681000-7f923e682000 rw-p 0001a000 08:01 1708817                    /lib/x86_64-linux-gnu/libpthread-2.27.so
7f923e682000-7f923e686000 rw-p 00000000 00:00 0 
7f923e686000-7f923e689000 r-xp 00000000 08:01 1708707                    /lib/x86_64-linux-gnu/libdl-2.27.so
7f923e689000-7f923e888000 ---p 00003000 08:01 1708707                    /lib/x86_64-linux-gnu/libdl-2.27.so
7f923e888000-7f923e889000 r--p 00002000 08:01 1708707                    /lib/x86_64-linux-gnu/libdl-2.27.so
7f923e889000-7f923e88a000 rw-p 00003000 08:01 1708707                    /lib/x86_64-linux-gnu/libdl-2.27.so
7f923e88a000-7f923e8a6000 r-xp 00000000 08:01 1708856                    /lib/x86_64-linux-gnu/libz.so.1.2.11
7f923e8a6000-7f923eaa5000 ---p 0001c000 08:01 1708856                    /lib/x86_64-linux-gnu/libz.so.1.2.11
7f923eaa5000-7f923eaa6000 r--p 0001b000 08:01 1708856                    /lib/x86_64-linux-gnu/libz.so.1.2.11
7f923eaa6000-7f923eaa7000 rw-p 0001c000 08:01 1708856                    /lib/x86_64-linux-gnu/libz.so.1.2.11
7f923eaa7000-7f923ec8e000 r-xp 00000000 08:01 1708684                    /lib/x86_64-linux-gnu/libc-2.27.so
7f923ec8e000-7f923ee8e000 ---p 001e7000 08:01 1708684                    /lib/x86_64-linux-gnu/libc-2.27.so
7f923ee8e000-7f923ee92000 r--p 001e7000 08:01 1708684                    /lib/x86_64-linux-gnu/libc-2.27.so
7f923ee92000-7f923ee94000 rw-p 001eb000 08:01 1708684                    /lib/x86_64-linux-gnu/libc-2.27.so
7f923ee94000-7f923ee98000 rw-p 00000000 00:00 0 
7f923ee98000-7f923eea8000 r-xp 00000000 08:01 3540838                    /usr/lib/jvm/java-11-openjdk-amd64/lib/jli/libjli.so
7f923eea8000-7f923f0a7000 ---p 00010000 08:01 3540838                    /usr/lib/jvm/java-11-openjdk-amd64/lib/jli/libjli.so
7f923f0a7000-7f923f0a8000 r--p 0000f000 08:01 3540838                    /usr/lib/jvm/java-11-openjdk-amd64/lib/jli/libjli.so
7f923f0a8000-7f923f0a9000 rw-p 00010000 08:01 3540838                    /usr/lib/jvm/java-11-openjdk-amd64/lib/jli/libjli.so
7f923f0a9000-7f923f0d0000 r-xp 00000000 08:01 1708656                    /lib/x86_64-linux-gnu/ld-2.27.so
7f923f0d5000-7f923f1b2000 rw-p 00000000 00:00 0 
7f923f1b2000-7f923f1b6000 ---p 00000000 00:00 0 
7f923f1b6000-7f923f2b5000 rw-p 00000000 00:00 0 
7f923f2b6000-7f923f2bb000 rw-p 00000000 00:00 0 
7f923f2bb000-7f923f2c2000 ---p 00000000 00:00 0 
7f923f2c2000-7f923f2c4000 r--s 00007000 08:01 1445236                    /usr/share/java/java-atk-wrapper.jar
7f923f2c4000-7f923f2cc000 rw-s 00000000 08:01 919832                     /tmp/hsperfdata_root/2308
7f923f2cc000-7f923f2cd000 ---p 00000000 00:00 0 
7f923f2cd000-7f923f2ce000 r--p 00000000 00:00 0 
7f923f2ce000-7f923f2d0000 rw-p 00000000 00:00 0 
7f923f2d0000-7f923f2d1000 r--p 00027000 08:01 1708656                    /lib/x86_64-linux-gnu/ld-2.27.so
7f923f2d1000-7f923f2d2000 rw-p 00028000 08:01 1708656                    /lib/x86_64-linux-gnu/ld-2.27.so
7f923f2d2000-7f923f2d3000 rw-p 00000000 00:00 0 
7ffdb8833000-7ffdb8854000 rw-p 00000000 00:00 0                          [stack]
7ffdb8996000-7ffdb8999000 r--p 00000000 00:00 0                          [vvar]
7ffdb8999000-7ffdb899b000 r-xp 00000000 00:00 0                          [vdso]
ffffffffff600000-ffffffffff601000 r-xp 00000000 00:00 0                  [vsyscall]


VM Arguments:
jvm_args: -Dfile.encoding=UTF-8 -Duser.country=JP -Duser.language=ja -Duser.variant 
java_command: SimBlock.simulator.Main
java_class_path (initial): /home/hikaru-morita/simblock-0.7.0/simulator/build/classes/java/main:/home/hikaru-morita/simblock-0.7.0/simulator/build/resources/main:/home/hikaru-morita/simblock-0.7.0/simulator/src/dist/conf
Launcher Type: SUN_STANDARD

[Global flags]
     intx CICompilerCount                          = 3                                         {product} {ergonomic}
     uint ConcGCThreads                            = 1                                         {product} {ergonomic}
     uint G1ConcRefinementThreads                  = 4                                         {product} {ergonomic}
   size_t G1HeapRegionSize                         = 1048576                                   {product} {ergonomic}
    uintx GCDrainStackTargetSize                   = 64                                        {product} {ergonomic}
   size_t InitialHeapSize                          = 130023424                                 {product} {ergonomic}
   size_t MarkStackSize                            = 4194304                                   {product} {ergonomic}
   size_t MaxHeapSize                              = 2057306112                                {product} {ergonomic}
   size_t MaxNewSize                               = 1234173952                                {product} {ergonomic}
   size_t MinHeapDeltaBytes                        = 1048576                                   {product} {ergonomic}
    uintx NonNMethodCodeHeapSize                   = 5830092                                {pd product} {ergonomic}
    uintx NonProfiledCodeHeapSize                  = 122914074                              {pd product} {ergonomic}
    uintx ProfiledCodeHeapSize                     = 122914074                              {pd product} {ergonomic}
    uintx ReservedCodeCacheSize                    = 251658240                              {pd product} {ergonomic}
     bool SegmentedCodeCache                       = true                                      {product} {ergonomic}
     bool UseCompressedClassPointers               = true                                 {lp64_product} {ergonomic}
     bool UseCompressedOops                        = true                                 {lp64_product} {ergonomic}
     bool UseG1GC                                  = true                                      {product} {ergonomic}

Logging:
Log output configuration:
 #0: stdout all=warning uptime,level,tags
 #1: stderr all=off uptime,level,tags

Environment Variables:
PATH=/usr/local/sbin:/usr/local/bin:/usr/sbin:/usr/bin:/sbin:/bin:/snap/bin
USERNAME=root
SHELL=/bin/bash
DISPLAY=:0

Signal Handlers:
SIGSEGV: [libjvm.so+0xde5f50], sa_mask[0]=11111111011111111101111111111110, sa_flags=SA_RESTART|SA_SIGINFO
SIGBUS: [libjvm.so+0xde5f50], sa_mask[0]=11111111011111111101111111111110, sa_flags=SA_RESTART|SA_SIGINFO
SIGFPE: [libjvm.so+0xde5f50], sa_mask[0]=11111111011111111101111111111110, sa_flags=SA_RESTART|SA_SIGINFO
SIGPIPE: [libjvm.so+0xbba5b0], sa_mask[0]=11111111011111111101111111111110, sa_flags=SA_RESTART|SA_SIGINFO
SIGXFSZ: [libjvm.so+0xbba5b0], sa_mask[0]=11111111011111111101111111111110, sa_flags=SA_RESTART|SA_SIGINFO
SIGILL: [libjvm.so+0xde5f50], sa_mask[0]=11111111011111111101111111111110, sa_flags=SA_RESTART|SA_SIGINFO
SIGUSR2: [libjvm.so+0xbba450], sa_mask[0]=00100000000000000000000000000000, sa_flags=SA_RESTART|SA_SIGINFO
SIGHUP: [libjvm.so+0xbba7b0], sa_mask[0]=11111111011111111101111111111110, sa_flags=SA_RESTART|SA_SIGINFO
SIGINT: [libjvm.so+0xbba7b0], sa_mask[0]=11111111011111111101111111111110, sa_flags=SA_RESTART|SA_SIGINFO
SIGTERM: [libjvm.so+0xbba7b0], sa_mask[0]=11111111011111111101111111111110, sa_flags=SA_RESTART|SA_SIGINFO
SIGQUIT: [libjvm.so+0xbba7b0], sa_mask[0]=11111111011111111101111111111110, sa_flags=SA_RESTART|SA_SIGINFO


---------------  S Y S T E M  ---------------

OS:DISTRIB_ID=Ubuntu
DISTRIB_RELEASE=18.04
DISTRIB_CODENAME=bionic
DISTRIB_DESCRIPTION="Ubuntu 18.04.3 LTS"
uname:Linux 4.15.0-62-generic #69-Ubuntu SMP Wed Sep 4 20:55:53 UTC 2019 x86_64
libc:glibc 2.27 NPTL 2.27 
rlimit: STACK 8192k, CORE 0k, NPROC 31195, NOFILE 4096, AS infinity, DATA infinity, FSIZE infinity
load average:1.94 1.22 0.91

/proc/meminfo:
MemTotal:        8030316 kB
MemFree:          117376 kB
MemAvailable:      51676 kB
Buffers:            5096 kB
Cached:           648372 kB
SwapCached:         9568 kB
Active:          6031156 kB
Inactive:        1307760 kB
Active(anon):    6004388 kB
Inactive(anon):  1278252 kB
Active(file):      26768 kB
Inactive(file):    29508 kB
Unevictable:       13612 kB
Mlocked:           13612 kB
SwapTotal:       2097148 kB
SwapFree:              0 kB
Dirty:               128 kB
Writeback:             0 kB
AnonPages:       6694032 kB
Mapped:           409212 kB
Shmem:            582788 kB
Slab:             262120 kB
SReclaimable:      92356 kB
SUnreclaim:       169764 kB
KernelStack:       38560 kB
PageTables:       133824 kB
NFS_Unstable:          0 kB
Bounce:                0 kB
WritebackTmp:          0 kB
CommitLimit:     6112304 kB
Committed_AS:   28867340 kB
VmallocTotal:   34359738367 kB
VmallocUsed:           0 kB
VmallocChunk:          0 kB
HardwareCorrupted:     0 kB
AnonHugePages:         0 kB
ShmemHugePages:        0 kB
ShmemPmdMapped:        0 kB
CmaTotal:              0 kB
CmaFree:               0 kB
HugePages_Total:       0
HugePages_Free:        0
HugePages_Rsvd:        0
HugePages_Surp:        0
Hugepagesize:       2048 kB
DirectMap4k:     1176504 kB
DirectMap2M:     7073792 kB
DirectMap1G:           0 kB


/proc/sys/kernel/threads-max (system-wide limit on the number of threads):
62390


/proc/sys/vm/max_map_count (maximum number of memory map areas a process may have):
65530


/proc/sys/kernel/pid_max (system-wide limit on number of process identifiers):
32768



container (cgroup) information:
container_type: cgroupv1
cpu_cpuset_cpus: 0-3
cpu_memory_nodes: 0
active_processor_count: 4
cpu_quota: -1
cpu_period: 100000
cpu_shares: -1
memory_limit_in_bytes: -1
memory_and_swap_limit_in_bytes: -2
memory_soft_limit_in_bytes: -1
memory_usage_in_bytes: 3948539904
memory_max_usage_in_bytes: 3968970752

Steal ticks since vm start: 0
Steal ticks percentage since vm start:  0.000

CPU:total 4 (initial active 4) (4 cores per cpu, 1 threads per core) family 6 model 94 stepping 3, cmov, cx8, fxsr, mmx, sse, sse2, sse3, ssse3, sse4.1, sse4.2, popcnt, avx, avx2, aes, clmul, erms, rtm, 3dnowpref, lzcnt, tsc, tscinvbit, bmi1, bmi2, adx, fma
CPU Model and flags from /proc/cpuinfo:
model name	: Intel(R) Core(TM) i5-6500 CPU @ 3.20GHz
flags		: fpu vme de pse tsc msr pae mce cx8 apic sep mtrr pge mca cmov pat pse36 clflush dts acpi mmx fxsr sse sse2 ss ht tm pbe syscall nx pdpe1gb rdtscp lm constant_tsc art arch_perfmon pebs bts rep_good nopl xtopology nonstop_tsc cpuid aperfmperf tsc_known_freq pni pclmulqdq dtes64 monitor ds_cpl vmx smx est tm2 ssse3 sdbg fma cx16 xtpr pdcm pcid sse4_1 sse4_2 x2apic movbe popcnt tsc_deadline_timer aes xsave avx f16c rdrand lahf_lm abm 3dnowprefetch cpuid_fault invpcid_single pti ssbd ibrs ibpb stibp tpr_shadow vnmi flexpriority ept vpid fsgsbase tsc_adjust bmi1 hle avx2 smep bmi2 erms invpcid rtm mpx rdseed adx smap clflushopt intel_pt xsaveopt xsavec xgetbv1 xsaves dtherm ida arat pln pts hwp hwp_notify hwp_act_window hwp_epp md_clear flush_l1d

Memory: 4k page, physical 8030316k(117880k free), swap 2097148k(0k free)

vm_info: OpenJDK 64-Bit Server VM (11.0.4+11-post-Ubuntu-1ubuntu218.04.3) for linux-amd64 JRE (11.0.4+11-post-Ubuntu-1ubuntu218.04.3), built on Jul 18 2019 18:21:46 by "buildd" with gcc 7.4.0

END.
