#
# There is insufficient memory for the Java Runtime Environment to continue.
# Native memory allocation (mmap) failed to map 130023424 bytes for committing reserved memory.
# Possible reasons:
#   The system is out of physical RAM or swap space
#   The process is running with CompressedOops enabled, and the Java Heap may be blocking the growth of the native heap
# Possible solutions:
#   Reduce memory load on the system
#   Increase physical memory or swap space
#   Check if swap backing store is full
#   Decrease Java heap size (-Xmx/-Xms)
#   Decrease number of Java threads
#   Decrease Java thread stack sizes (-Xss)
#   Set larger code cache with -XX:ReservedCodeCacheSize=
# This output file may be truncated or incomplete.
#
#  Out of Memory Error (os_linux.cpp:2839), pid=15745, tid=15750
#
# JRE version:  (11.0.5+10) (build )
# Java VM: OpenJDK 64-Bit Server VM (11.0.5+10-post-Ubuntu-0ubuntu1.118.04, mixed mode, aot, sharing, tiered, compressed oops, g1 gc, linux-amd64)
# Core dump will be written. Default location: Core dumps may be processed with "/usr/share/apport/apport %p %s %c %d %P" (or dumping to /home/hikaru-morita/simblock/original/Simblock/simulator/core.15745)
#

---------------  S U M M A R Y ------------

Command Line: -Dfile.encoding=UTF-8 -Duser.country=JP -Duser.language=ja -Duser.variant SimBlock.simulator.Main

Host: Intel(R) Core(TM) i5-6500 CPU @ 3.20GHz, 4 cores, 7G, Ubuntu 18.04.3 LTS
Time: Thu Jan 23 02:18:53 2020 JST elapsed time: 0 seconds (0d 0h 0m 0s)

---------------  T H R E A D  ---------------

Current thread (0x00007f9cbc014800):  JavaThread "Unknown thread" [_thread_in_vm, id=15750, stack(0x00007f9cc4005000,0x00007f9cc4106000)]

Stack: [0x00007f9cc4005000,0x00007f9cc4106000],  sp=0x00007f9cc41042c0,  free space=1020k
Native frames: (J=compiled Java code, A=aot compiled Java code, j=interpreted, Vv=VM code, C=native code)
V  [libjvm.so+0xdec067]
V  [libjvm.so+0xdeccbb]
V  [libjvm.so+0x64fc15]
V  [libjvm.so+0xbc77d8]
V  [libjvm.so+0xbbf0fd]
V  [libjvm.so+0x76d91f]
V  [libjvm.so+0x76db8e]
V  [libjvm.so+0x779c00]
V  [libjvm.so+0x7f4f49]
V  [libjvm.so+0x7f5ba2]
V  [libjvm.so+0x7f6009]
V  [libjvm.so+0x72c0df]
V  [libjvm.so+0x72c7cd]
V  [libjvm.so+0xda6892]
V  [libjvm.so+0xda6b26]
V  [libjvm.so+0x815b47]
V  [libjvm.so+0xd7e2c7]
V  [libjvm.so+0x8cf6c1]  JNI_CreateJavaVM+0x51
C  [libjli.so+0x4a66]
C  [libjli.so+0x92cd]


---------------  P R O C E S S  ---------------

Threads class SMR info:
_java_thread_list=0x0000563921e1a120, length=0, elements={
}

Java Threads: ( => current thread )

Other Threads:
  0x00007f9cbc02d800 GCTaskThread "GC Thread#0" [stack: 0x00007f9ca483e000,0x00007f9ca493e000] [id=15751]
  0x00007f9cbc05e800 ConcurrentGCThread "G1 Main Marker" [stack: 0x00007f9c9ba06000,0x00007f9c9bb06000] [id=15752]
  0x00007f9cbc060000 ConcurrentGCThread "G1 Conc#0" [stack: 0x00007f9c9b904000,0x00007f9c9ba04000] [id=15753]

[error occurred during error reporting (printing all threads), id 0xb, SIGSEGV (0xb) at pc=0x00007f9cc25de3f0]

VM state:not at safepoint (not fully initialized)

VM Mutex/Monitor currently owned by a thread:  ([mutex/lock_event])
[0x00007f9cbc011370] Heap_lock - owner thread: 0x00007f9cbc014800

Heap address: 0x0000000085600000, size: 1962 MB, Compressed Oops mode: Non-zero based: 0x0000000085600000
Narrow klass base: 0x0000000000000000, Narrow klass shift: 0

GC Heap History (0 events):
No events

Deoptimization events (0 events):
No events

Classes redefined (0 events):
No events

Internal exceptions (0 events):
No events

Events (1 events):
Event: 0.082 Protecting memory [0x00007f9cc4005000,0x00007f9cc4009000] with protection modes 0


Dynamic libraries:
8d200000-100000000 ---p 00000000 00:00 0 
56392136d000-56392136e000 r-xp 00000000 08:01 1837401                    /usr/lib/jvm/java-11-openjdk-amd64/bin/java
56392156e000-56392156f000 r--p 00001000 08:01 1837401                    /usr/lib/jvm/java-11-openjdk-amd64/bin/java
56392156f000-563921570000 rw-p 00002000 08:01 1837401                    /usr/lib/jvm/java-11-openjdk-amd64/bin/java
563921e02000-563921e23000 rw-p 00000000 00:00 0                          [heap]
7f9c8c000000-7f9c8c021000 rw-p 00000000 00:00 0 
7f9c8c021000-7f9c90000000 ---p 00000000 00:00 0 
7f9c94000000-7f9c94021000 rw-p 00000000 00:00 0 
7f9c94021000-7f9c98000000 ---p 00000000 00:00 0 
7f9c994fe000-7f9c9b902000 rw-p 00000000 00:00 0 
7f9c9b902000-7f9c9b903000 ---p 00000000 00:00 0 
7f9c9b903000-7f9c9ba04000 rw-p 00000000 00:00 0 
7f9c9ba04000-7f9c9ba05000 ---p 00000000 00:00 0 
7f9c9ba05000-7f9c9bb06000 rw-p 00000000 00:00 0 
7f9c9bb06000-7f9ca0000000 ---p 00000000 00:00 0 
7f9ca0000000-7f9ca0021000 rw-p 00000000 00:00 0 
7f9ca0021000-7f9ca4000000 ---p 00000000 00:00 0 
7f9ca4063000-7f9ca4438000 ---p 00000000 00:00 0 
7f9ca4438000-7f9ca483c000 rw-p 00000000 00:00 0 
7f9ca483c000-7f9ca483d000 ---p 00000000 00:00 0 
7f9ca483d000-7f9ca493e000 rw-p 00000000 00:00 0 
7f9ca493e000-7f9ca4bae000 rwxp 00000000 00:00 0 
7f9ca4bae000-7f9ca4ece000 ---p 00000000 00:00 0 
7f9ca4ece000-7f9ca513e000 rwxp 00000000 00:00 0 
7f9ca513e000-7f9cac406000 ---p 00000000 00:00 0 
7f9cac406000-7f9cac676000 rwxp 00000000 00:00 0 
7f9cac676000-7f9cb393e000 ---p 00000000 00:00 0 
7f9cb393e000-7f9cbc000000 r--s 00000000 08:01 3541480                    /usr/lib/jvm/java-11-openjdk-amd64/lib/modules
7f9cbc000000-7f9cbc07b000 rw-p 00000000 00:00 0 
7f9cbc07b000-7f9cc0000000 ---p 00000000 00:00 0 
7f9cc00f2000-7f9cc00f7000 rw-p 00000000 00:00 0 
7f9cc00f7000-7f9cc01dd000 ---p 00000000 00:00 0 
7f9cc01dd000-7f9cc01e2000 rw-p 00000000 00:00 0 
7f9cc01e2000-7f9cc02c8000 ---p 00000000 00:00 0 
7f9cc02c8000-7f9cc02cd000 r-xp 00000000 08:01 3541462                    /usr/lib/jvm/java-11-openjdk-amd64/lib/libjimage.so
7f9cc02cd000-7f9cc04cc000 ---p 00005000 08:01 3541462                    /usr/lib/jvm/java-11-openjdk-amd64/lib/libjimage.so
7f9cc04cc000-7f9cc04cd000 r--p 00004000 08:01 3541462                    /usr/lib/jvm/java-11-openjdk-amd64/lib/libjimage.so
7f9cc04cd000-7f9cc04ce000 rw-p 00005000 08:01 3541462                    /usr/lib/jvm/java-11-openjdk-amd64/lib/libjimage.so
7f9cc04ce000-7f9cc04d5000 r-xp 00000000 08:01 3541479                    /usr/lib/jvm/java-11-openjdk-amd64/lib/libzip.so
7f9cc04d5000-7f9cc06d4000 ---p 00007000 08:01 3541479                    /usr/lib/jvm/java-11-openjdk-amd64/lib/libzip.so
7f9cc06d4000-7f9cc06d5000 r--p 00006000 08:01 3541479                    /usr/lib/jvm/java-11-openjdk-amd64/lib/libzip.so
7f9cc06d5000-7f9cc06d6000 rw-p 00007000 08:01 3541479                    /usr/lib/jvm/java-11-openjdk-amd64/lib/libzip.so
7f9cc06d6000-7f9cc06e1000 r-xp 00000000 08:01 1708774                    /lib/x86_64-linux-gnu/libnss_files-2.27.so
7f9cc06e1000-7f9cc08e0000 ---p 0000b000 08:01 1708774                    /lib/x86_64-linux-gnu/libnss_files-2.27.so
7f9cc08e0000-7f9cc08e1000 r--p 0000a000 08:01 1708774                    /lib/x86_64-linux-gnu/libnss_files-2.27.so
7f9cc08e1000-7f9cc08e2000 rw-p 0000b000 08:01 1708774                    /lib/x86_64-linux-gnu/libnss_files-2.27.so
7f9cc08e2000-7f9cc08e8000 rw-p 00000000 00:00 0 
7f9cc08e8000-7f9cc08ff000 r-xp 00000000 08:01 1708768                    /lib/x86_64-linux-gnu/libnsl-2.27.so
7f9cc08ff000-7f9cc0afe000 ---p 00017000 08:01 1708768                    /lib/x86_64-linux-gnu/libnsl-2.27.so
7f9cc0afe000-7f9cc0aff000 r--p 00016000 08:01 1708768                    /lib/x86_64-linux-gnu/libnsl-2.27.so
7f9cc0aff000-7f9cc0b00000 rw-p 00017000 08:01 1708768                    /lib/x86_64-linux-gnu/libnsl-2.27.so
7f9cc0b00000-7f9cc0b02000 rw-p 00000000 00:00 0 
7f9cc0b02000-7f9cc0b0d000 r-xp 00000000 08:01 1708785                    /lib/x86_64-linux-gnu/libnss_nis-2.27.so
7f9cc0b0d000-7f9cc0d0c000 ---p 0000b000 08:01 1708785                    /lib/x86_64-linux-gnu/libnss_nis-2.27.so
7f9cc0d0c000-7f9cc0d0d000 r--p 0000a000 08:01 1708785                    /lib/x86_64-linux-gnu/libnss_nis-2.27.so
7f9cc0d0d000-7f9cc0d0e000 rw-p 0000b000 08:01 1708785                    /lib/x86_64-linux-gnu/libnss_nis-2.27.so
7f9cc0d0e000-7f9cc0d16000 r-xp 00000000 08:01 1708770                    /lib/x86_64-linux-gnu/libnss_compat-2.27.so
7f9cc0d16000-7f9cc0f16000 ---p 00008000 08:01 1708770                    /lib/x86_64-linux-gnu/libnss_compat-2.27.so
7f9cc0f16000-7f9cc0f17000 r--p 00008000 08:01 1708770                    /lib/x86_64-linux-gnu/libnss_compat-2.27.so
7f9cc0f17000-7f9cc0f18000 rw-p 00009000 08:01 1708770                    /lib/x86_64-linux-gnu/libnss_compat-2.27.so
7f9cc0f18000-7f9cc0f41000 r-xp 00000000 08:01 3541458                    /usr/lib/jvm/java-11-openjdk-amd64/lib/libjava.so
7f9cc0f41000-7f9cc1140000 ---p 00029000 08:01 3541458                    /usr/lib/jvm/java-11-openjdk-amd64/lib/libjava.so
7f9cc1140000-7f9cc1141000 r--p 00028000 08:01 3541458                    /usr/lib/jvm/java-11-openjdk-amd64/lib/libjava.so
7f9cc1141000-7f9cc1143000 rw-p 00029000 08:01 3541458                    /usr/lib/jvm/java-11-openjdk-amd64/lib/libjava.so
7f9cc1143000-7f9cc1150000 r-xp 00000000 08:01 3541478                    /usr/lib/jvm/java-11-openjdk-amd64/lib/libverify.so
7f9cc1150000-7f9cc134f000 ---p 0000d000 08:01 3541478                    /usr/lib/jvm/java-11-openjdk-amd64/lib/libverify.so
7f9cc134f000-7f9cc1351000 r--p 0000c000 08:01 3541478                    /usr/lib/jvm/java-11-openjdk-amd64/lib/libverify.so
7f9cc1351000-7f9cc1352000 rw-p 0000e000 08:01 3541478                    /usr/lib/jvm/java-11-openjdk-amd64/lib/libverify.so
7f9cc1352000-7f9cc1359000 r-xp 00000000 08:01 1708825                    /lib/x86_64-linux-gnu/librt-2.27.so
7f9cc1359000-7f9cc1558000 ---p 00007000 08:01 1708825                    /lib/x86_64-linux-gnu/librt-2.27.so
7f9cc1558000-7f9cc1559000 r--p 00006000 08:01 1708825                    /lib/x86_64-linux-gnu/librt-2.27.so
7f9cc1559000-7f9cc155a000 rw-p 00007000 08:01 1708825                    /lib/x86_64-linux-gnu/librt-2.27.so
7f9cc155a000-7f9cc1571000 r-xp 00000000 08:01 1709445                    /lib/x86_64-linux-gnu/libgcc_s.so.1
7f9cc1571000-7f9cc1770000 ---p 00017000 08:01 1709445                    /lib/x86_64-linux-gnu/libgcc_s.so.1
7f9cc1770000-7f9cc1771000 r--p 00016000 08:01 1709445                    /lib/x86_64-linux-gnu/libgcc_s.so.1
7f9cc1771000-7f9cc1772000 rw-p 00017000 08:01 1709445                    /lib/x86_64-linux-gnu/libgcc_s.so.1
7f9cc1772000-7f9cc190f000 r-xp 00000000 08:01 1708747                    /lib/x86_64-linux-gnu/libm-2.27.so
7f9cc190f000-7f9cc1b0e000 ---p 0019d000 08:01 1708747                    /lib/x86_64-linux-gnu/libm-2.27.so
7f9cc1b0e000-7f9cc1b0f000 r--p 0019c000 08:01 1708747                    /lib/x86_64-linux-gnu/libm-2.27.so
7f9cc1b0f000-7f9cc1b10000 rw-p 0019d000 08:01 1708747                    /lib/x86_64-linux-gnu/libm-2.27.so
7f9cc1b10000-7f9cc1c89000 r-xp 00000000 08:01 1051552                    /usr/lib/x86_64-linux-gnu/libstdc++.so.6.0.25
7f9cc1c89000-7f9cc1e89000 ---p 00179000 08:01 1051552                    /usr/lib/x86_64-linux-gnu/libstdc++.so.6.0.25
7f9cc1e89000-7f9cc1e93000 r--p 00179000 08:01 1051552                    /usr/lib/x86_64-linux-gnu/libstdc++.so.6.0.25
7f9cc1e93000-7f9cc1e95000 rw-p 00183000 08:01 1051552                    /usr/lib/x86_64-linux-gnu/libstdc++.so.6.0.25
7f9cc1e95000-7f9cc1e99000 rw-p 00000000 00:00 0 
7f9cc1e99000-7f9cc2f6d000 r-xp 00000000 08:01 3541483                    /usr/lib/jvm/java-11-openjdk-amd64/lib/server/libjvm.so
7f9cc2f6d000-7f9cc316d000 ---p 010d4000 08:01 3541483                    /usr/lib/jvm/java-11-openjdk-amd64/lib/server/libjvm.so
7f9cc316d000-7f9cc322a000 r--p 010d4000 08:01 3541483                    /usr/lib/jvm/java-11-openjdk-amd64/lib/server/libjvm.so
7f9cc322a000-7f9cc3263000 rw-p 01191000 08:01 3541483                    /usr/lib/jvm/java-11-openjdk-amd64/lib/server/libjvm.so
7f9cc3263000-7f9cc32ba000 rw-p 00000000 00:00 0 
7f9cc32ba000-7f9cc32d4000 r-xp 00000000 08:01 1708817                    /lib/x86_64-linux-gnu/libpthread-2.27.so
7f9cc32d4000-7f9cc34d3000 ---p 0001a000 08:01 1708817                    /lib/x86_64-linux-gnu/libpthread-2.27.so
7f9cc34d3000-7f9cc34d4000 r--p 00019000 08:01 1708817                    /lib/x86_64-linux-gnu/libpthread-2.27.so
7f9cc34d4000-7f9cc34d5000 rw-p 0001a000 08:01 1708817                    /lib/x86_64-linux-gnu/libpthread-2.27.so
7f9cc34d5000-7f9cc34d9000 rw-p 00000000 00:00 0 
7f9cc34d9000-7f9cc34dc000 r-xp 00000000 08:01 1708707                    /lib/x86_64-linux-gnu/libdl-2.27.so
7f9cc34dc000-7f9cc36db000 ---p 00003000 08:01 1708707                    /lib/x86_64-linux-gnu/libdl-2.27.so
7f9cc36db000-7f9cc36dc000 r--p 00002000 08:01 1708707                    /lib/x86_64-linux-gnu/libdl-2.27.so
7f9cc36dc000-7f9cc36dd000 rw-p 00003000 08:01 1708707                    /lib/x86_64-linux-gnu/libdl-2.27.so
7f9cc36dd000-7f9cc36f9000 r-xp 00000000 08:01 1708856                    /lib/x86_64-linux-gnu/libz.so.1.2.11
7f9cc36f9000-7f9cc38f8000 ---p 0001c000 08:01 1708856                    /lib/x86_64-linux-gnu/libz.so.1.2.11
7f9cc38f8000-7f9cc38f9000 r--p 0001b000 08:01 1708856                    /lib/x86_64-linux-gnu/libz.so.1.2.11
7f9cc38f9000-7f9cc38fa000 rw-p 0001c000 08:01 1708856                    /lib/x86_64-linux-gnu/libz.so.1.2.11
7f9cc38fa000-7f9cc3ae1000 r-xp 00000000 08:01 1708684                    /lib/x86_64-linux-gnu/libc-2.27.so
7f9cc3ae1000-7f9cc3ce1000 ---p 001e7000 08:01 1708684                    /lib/x86_64-linux-gnu/libc-2.27.so
7f9cc3ce1000-7f9cc3ce5000 r--p 001e7000 08:01 1708684                    /lib/x86_64-linux-gnu/libc-2.27.so
7f9cc3ce5000-7f9cc3ce7000 rw-p 001eb000 08:01 1708684                    /lib/x86_64-linux-gnu/libc-2.27.so
7f9cc3ce7000-7f9cc3ceb000 rw-p 00000000 00:00 0 
7f9cc3ceb000-7f9cc3cfb000 r-xp 00000000 08:01 3539458                    /usr/lib/jvm/java-11-openjdk-amd64/lib/jli/libjli.so
7f9cc3cfb000-7f9cc3efa000 ---p 00010000 08:01 3539458                    /usr/lib/jvm/java-11-openjdk-amd64/lib/jli/libjli.so
7f9cc3efa000-7f9cc3efb000 r--p 0000f000 08:01 3539458                    /usr/lib/jvm/java-11-openjdk-amd64/lib/jli/libjli.so
7f9cc3efb000-7f9cc3efc000 rw-p 00010000 08:01 3539458                    /usr/lib/jvm/java-11-openjdk-amd64/lib/jli/libjli.so
7f9cc3efc000-7f9cc3f23000 r-xp 00000000 08:01 1708656                    /lib/x86_64-linux-gnu/ld-2.27.so
7f9cc3fc3000-7f9cc4005000 rw-p 00000000 00:00 0 
7f9cc4005000-7f9cc4009000 ---p 00000000 00:00 0 
7f9cc4009000-7f9cc4108000 rw-p 00000000 00:00 0 
7f9cc4109000-7f9cc410e000 rw-p 00000000 00:00 0 
7f9cc410e000-7f9cc4115000 ---p 00000000 00:00 0 
7f9cc4115000-7f9cc4117000 r--s 00007000 08:01 1445236                    /usr/share/java/java-atk-wrapper.jar
7f9cc4117000-7f9cc411f000 rw-s 00000000 08:01 1573165                    /tmp/hsperfdata_root/15745
7f9cc411f000-7f9cc4120000 ---p 00000000 00:00 0 
7f9cc4120000-7f9cc4121000 r--p 00000000 00:00 0 
7f9cc4121000-7f9cc4123000 rw-p 00000000 00:00 0 
7f9cc4123000-7f9cc4124000 r--p 00027000 08:01 1708656                    /lib/x86_64-linux-gnu/ld-2.27.so
7f9cc4124000-7f9cc4125000 rw-p 00028000 08:01 1708656                    /lib/x86_64-linux-gnu/ld-2.27.so
7f9cc4125000-7f9cc4126000 rw-p 00000000 00:00 0 
7ffddb915000-7ffddb936000 rw-p 00000000 00:00 0                          [stack]
7ffddb968000-7ffddb96b000 r--p 00000000 00:00 0                          [vvar]
7ffddb96b000-7ffddb96d000 r-xp 00000000 00:00 0                          [vdso]
ffffffffff600000-ffffffffff601000 r-xp 00000000 00:00 0                  [vsyscall]


VM Arguments:
jvm_args: -Dfile.encoding=UTF-8 -Duser.country=JP -Duser.language=ja -Duser.variant 
java_command: SimBlock.simulator.Main
java_class_path (initial): /home/hikaru-morita/simblock/original/Simblock/simulator/build/classes/java/main:/home/hikaru-morita/simblock/original/Simblock/simulator/build/resources/main:/home/hikaru-morita/simblock/original/Simblock/simulator/src/dist/conf
Launcher Type: SUN_STANDARD

[Global flags]
     intx CICompilerCount                          = 3                                         {product} {ergonomic}
     uint ConcGCThreads                            = 1                                         {product} {ergonomic}
     uint G1ConcRefinementThreads                  = 4                                         {product} {ergonomic}
   size_t G1HeapRegionSize                         = 1048576                                   {product} {ergonomic}
    uintx GCDrainStackTargetSize                   = 64                                        {product} {ergonomic}
   size_t InitialHeapSize                          = 130023424                                 {product} {ergonomic}
   size_t MarkStackSize                            = 4194304                                   {product} {ergonomic}
   size_t MaxHeapSize                              = 2057306112                                {product} {ergonomic}
   size_t MinHeapDeltaBytes                        = 1048576                                   {product} {ergonomic}
    uintx NonNMethodCodeHeapSize                   = 5830732                                {pd product} {ergonomic}
    uintx NonProfiledCodeHeapSize                  = 122913754                              {pd product} {ergonomic}
    uintx ProfiledCodeHeapSize                     = 122913754                              {pd product} {ergonomic}
    uintx ReservedCodeCacheSize                    = 251658240                              {pd product} {ergonomic}
     bool SegmentedCodeCache                       = true                                      {product} {ergonomic}
     bool UseCompressedClassPointers               = true                                 {lp64_product} {ergonomic}
     bool UseCompressedOops                        = true                                 {lp64_product} {ergonomic}
     bool UseG1GC                                  = true                                      {product} {ergonomic}

Logging:
Log output configuration:
 #0: stdout all=warning uptime,level,tags
 #1: stderr all=off uptime,level,tags

Environment Variables:
PATH=/usr/local/sbin:/usr/local/bin:/usr/sbin:/usr/bin:/sbin:/bin:/snap/bin
USERNAME=root
SHELL=/bin/bash
DISPLAY=:0

Signal Handlers:
SIGSEGV: [libjvm.so+0xdeda70], sa_mask[0]=11111111011111111101111111111110, sa_flags=SA_RESTART|SA_SIGINFO
SIGBUS: [libjvm.so+0xdeda70], sa_mask[0]=11111111011111111101111111111110, sa_flags=SA_RESTART|SA_SIGINFO
SIGFPE: [libjvm.so+0xdeda70], sa_mask[0]=11111111011111111101111111111110, sa_flags=SA_RESTART|SA_SIGINFO
SIGPIPE: [libjvm.so+0xbc3040], sa_mask[0]=11111111011111111101111111111110, sa_flags=SA_RESTART|SA_SIGINFO
SIGXFSZ: [libjvm.so+0xbc3040], sa_mask[0]=11111111011111111101111111111110, sa_flags=SA_RESTART|SA_SIGINFO
SIGILL: [libjvm.so+0xdeda70], sa_mask[0]=11111111011111111101111111111110, sa_flags=SA_RESTART|SA_SIGINFO
SIGUSR2: [libjvm.so+0xbc2ee0], sa_mask[0]=00100000000000000000000000000000, sa_flags=SA_RESTART|SA_SIGINFO
SIGHUP: SIG_DFL, sa_mask[0]=00000000000000000000000000000000, sa_flags=none
SIGINT: SIG_DFL, sa_mask[0]=00000000000000000000000000000000, sa_flags=none
SIGTERM: SIG_DFL, sa_mask[0]=00000000000000000000000000000000, sa_flags=none
SIGQUIT: SIG_DFL, sa_mask[0]=00000000000000000000000000000000, sa_flags=none


---------------  S Y S T E M  ---------------

OS:DISTRIB_ID=Ubuntu
DISTRIB_RELEASE=18.04
DISTRIB_CODENAME=bionic
DISTRIB_DESCRIPTION="Ubuntu 18.04.3 LTS"
uname:Linux 4.15.0-72-generic #81-Ubuntu SMP Tue Nov 26 12:20:02 UTC 2019 x86_64
libc:glibc 2.27 NPTL 2.27 
rlimit: STACK 8192k, CORE 0k, NPROC 31193, NOFILE 4096, AS infinity, DATA infinity, FSIZE infinity
load average:28.98 14.62 6.65

/proc/meminfo:
MemTotal:        8030236 kB
MemFree:          106944 kB
MemAvailable:      19156 kB
Buffers:            1952 kB
Cached:           740368 kB
SwapCached:         8568 kB
Active:          5924200 kB
Inactive:        1470444 kB
Active(anon):    5913004 kB
Inactive(anon):  1459352 kB
Active(file):      11196 kB
Inactive(file):    11092 kB
Unevictable:       13612 kB
Mlocked:           13612 kB
SwapTotal:       2097148 kB
SwapFree:              0 kB
Dirty:               448 kB
Writeback:             0 kB
AnonPages:       6660100 kB
Mapped:           427080 kB
Shmem:            706020 kB
Slab:             248616 kB
SReclaimable:      82192 kB
SUnreclaim:       166424 kB
KernelStack:       28800 kB
PageTables:       119612 kB
NFS_Unstable:          0 kB
Bounce:                0 kB
WritebackTmp:          0 kB
CommitLimit:     6112264 kB
Committed_AS:   23939680 kB
VmallocTotal:   34359738367 kB
VmallocUsed:           0 kB
VmallocChunk:          0 kB
HardwareCorrupted:     0 kB
AnonHugePages:         0 kB
ShmemHugePages:        0 kB
ShmemPmdMapped:        0 kB
CmaTotal:              0 kB
CmaFree:               0 kB
HugePages_Total:       0
HugePages_Free:        0
HugePages_Rsvd:        0
HugePages_Surp:        0
Hugepagesize:       2048 kB
DirectMap4k:      934840 kB
DirectMap2M:     7315456 kB
DirectMap1G:           0 kB


/proc/sys/kernel/threads-max (system-wide limit on the number of threads):
62386


/proc/sys/vm/max_map_count (maximum number of memory map areas a process may have):
65530


/proc/sys/kernel/pid_max (system-wide limit on number of process identifiers):
32768



container (cgroup) information:
container_type: cgroupv1
cpu_cpuset_cpus: 0-3
cpu_memory_nodes: 0
active_processor_count: 4
cpu_quota: -1
cpu_period: 100000
cpu_shares: -1
memory_limit_in_bytes: -1
memory_and_swap_limit_in_bytes: -2
memory_soft_limit_in_bytes: -1
memory_usage_in_bytes: 4211032064
memory_max_usage_in_bytes: 4323880960

Steal ticks since vm start: 0
Steal ticks percentage since vm start:  0.000

CPU:total 4 (initial active 4) (4 cores per cpu, 1 threads per core) family 6 model 94 stepping 3, cmov, cx8, fxsr, mmx, sse, sse2, sse3, ssse3, sse4.1, sse4.2, popcnt, avx, avx2, aes, clmul, erms, rtm, 3dnowpref, lzcnt, tsc, tscinvbit, bmi1, bmi2, adx, fma
CPU Model and flags from /proc/cpuinfo:
model name	: Intel(R) Core(TM) i5-6500 CPU @ 3.20GHz
flags		: fpu vme de pse tsc msr pae mce cx8 apic sep mtrr pge mca cmov pat pse36 clflush dts acpi mmx fxsr sse sse2 ss ht tm pbe syscall nx pdpe1gb rdtscp lm constant_tsc art arch_perfmon pebs bts rep_good nopl xtopology nonstop_tsc cpuid aperfmperf tsc_known_freq pni pclmulqdq dtes64 monitor ds_cpl vmx smx est tm2 ssse3 sdbg fma cx16 xtpr pdcm pcid sse4_1 sse4_2 x2apic movbe popcnt tsc_deadline_timer aes xsave avx f16c rdrand lahf_lm abm 3dnowprefetch cpuid_fault invpcid_single pti ssbd ibrs ibpb stibp tpr_shadow vnmi flexpriority ept vpid fsgsbase tsc_adjust bmi1 hle avx2 smep bmi2 erms invpcid rtm mpx rdseed adx smap clflushopt intel_pt xsaveopt xsavec xgetbv1 xsaves dtherm ida arat pln pts hwp hwp_notify hwp_act_window hwp_epp md_clear flush_l1d

Memory: 4k page, physical 8030236k(106944k free), swap 2097148k(0k free)

vm_info: OpenJDK 64-Bit Server VM (11.0.5+10-post-Ubuntu-0ubuntu1.118.04) for linux-amd64 JRE (11.0.5+10-post-Ubuntu-0ubuntu1.118.04), built on Oct 16 2019 22:01:07 by "buildd" with gcc 7.4.0

END.
