#
# There is insufficient memory for the Java Runtime Environment to continue.
# Native memory allocation (mmap) failed to map 260046848 bytes for committing reserved memory.
# Possible reasons:
#   The system is out of physical RAM or swap space
#   The process is running with CompressedOops enabled, and the Java Heap may be blocking the growth of the native heap
# Possible solutions:
#   Reduce memory load on the system
#   Increase physical memory or swap space
#   Check if swap backing store is full
#   Decrease Java heap size (-Xmx/-Xms)
#   Decrease number of Java threads
#   Decrease Java thread stack sizes (-Xss)
#   Set larger code cache with -XX:ReservedCodeCacheSize=
#   JVM is running with Unscaled Compressed Oops mode in which the Java heap is
#     placed in the first 4GB address space. The Java Heap base address is the
#     maximum limit for the native heap growth. Please use -XX:HeapBaseMinAddress
#     to set the Java Heap base and to place the Java Heap above 4GB virtual address.
# This output file may be truncated or incomplete.
#
#  Out of Memory Error (os_linux.cpp:2893), pid=2588, tid=2600
#
# JRE version: OpenJDK Runtime Environment (11.0.4+11) (build 11.0.4+11-post-Ubuntu-1ubuntu218.04.3)
# Java VM: OpenJDK 64-Bit Server VM (11.0.4+11-post-Ubuntu-1ubuntu218.04.3, mixed mode, tiered, compressed oops, g1 gc, linux-amd64)
# Core dump will be written. Default location: Core dumps may be processed with "/usr/share/apport/apport %p %s %c %d %P" (or dumping to /home/hikaru-morita/simblock-0.7.0/simulator/core.2588)
#

---------------  S U M M A R Y ------------

Command Line: -Dfile.encoding=UTF-8 -Duser.country=JP -Duser.language=ja -Duser.variant SimBlock.simulator.Main

Host: Intel(R) Core(TM) i5-6500 CPU @ 3.20GHz, 4 cores, 7G, Ubuntu 18.04.3 LTS
Time: Sun Sep 29 16:45:39 2019 JST elapsed time: 11 seconds (0d 0h 0m 11s)

---------------  T H R E A D  ---------------

Current thread (0x00007eff38134800):  VMThread "VM Thread" [stack: 0x00007eff147a8000,0x00007eff148a8000] [id=2600]

Stack: [0x00007eff147a8000,0x00007eff148a8000],  sp=0x00007eff148a5ff0,  free space=1015k
Native frames: (J=compiled Java code, A=aot compiled Java code, j=interpreted, Vv=VM code, C=native code)
V  [libjvm.so+0xde4547]
V  [libjvm.so+0xde519b]
V  [libjvm.so+0x6511a5]
V  [libjvm.so+0xbbed38]
V  [libjvm.so+0xbb5ebd]
V  [libjvm.so+0x76f53f]
V  [libjvm.so+0x76f7ae]
V  [libjvm.so+0x77b820]
V  [libjvm.so+0x7f6969]
V  [libjvm.so+0x7f75c2]
V  [libjvm.so+0x7f7a29]
V  [libjvm.so+0x72de6f]
V  [libjvm.so+0x732b6a]
V  [libjvm.so+0xdf01e1]
V  [libjvm.so+0xdeeda8]
V  [libjvm.so+0xdec5e6]
V  [libjvm.so+0xdecaf0]
V  [libjvm.so+0xdecf23]
V  [libjvm.so+0xd7aeea]
V  [libjvm.so+0xbc4a5e]

VM_Operation (0x00007eff3fe3b060): G1CollectForAllocation, mode: safepoint, requested by thread 0x00007eff38012000


---------------  P R O C E S S  ---------------

Threads class SMR info:
_java_thread_list=0x00007eff381dad60, length=9, elements={
0x00007eff38012000, 0x00007eff3813c800, 0x00007eff38140800, 0x00007eff38153000,
0x00007eff38155800, 0x00007eff38157800, 0x00007eff38159800, 0x00007eff381ca000,
0x00007eff381d9800
}

Java Threads: ( => current thread )
  0x00007eff38012000 JavaThread "main" [_thread_blocked, id=2592, stack(0x00007eff3fd3c000,0x00007eff3fe3d000)]
  0x00007eff3813c800 JavaThread "Reference Handler" daemon [_thread_blocked, id=2601, stack(0x00007eff146a5000,0x00007eff147a6000)]
  0x00007eff38140800 JavaThread "Finalizer" daemon [_thread_blocked, id=2602, stack(0x00007eff145a4000,0x00007eff146a5000)]
  0x00007eff38153000 JavaThread "Signal Dispatcher" daemon [_thread_blocked, id=2603, stack(0x00007eff144a3000,0x00007eff145a4000)]
  0x00007eff38155800 JavaThread "C2 CompilerThread0" daemon [_thread_blocked, id=2604, stack(0x00007eff143a2000,0x00007eff144a3000)]
  0x00007eff38157800 JavaThread "C1 CompilerThread0" daemon [_thread_blocked, id=2605, stack(0x00007eff142a1000,0x00007eff143a2000)]
  0x00007eff38159800 JavaThread "Sweeper thread" daemon [_thread_blocked, id=2606, stack(0x00007eff141a0000,0x00007eff142a1000)]
  0x00007eff381ca000 JavaThread "Service Thread" daemon [_thread_blocked, id=2608, stack(0x00007eff1409f000,0x00007eff141a0000)]
  0x00007eff381d9800 JavaThread "Common-Cleaner" daemon [_thread_blocked, id=2610, stack(0x00007efef732e000,0x00007efef742f000)]

Other Threads:
=>0x00007eff38134800 VMThread "VM Thread" [stack: 0x00007eff147a8000,0x00007eff148a8000] [id=2600]
  0x00007eff381cc800 WatcherThread [stack: 0x00007efef7431000,0x00007efef7531000] [id=2609]
  0x00007eff38028000 GCTaskThread "GC Thread#0" [stack: 0x00007eff20680000,0x00007eff20780000] [id=2593]
  0x00007eff04001000 GCTaskThread "GC Thread#1" [stack: 0x00007efef6e06000,0x00007efef6f06000] [id=2613]
  0x00007eff38059000 ConcurrentGCThread "G1 Main Marker" [stack: 0x00007eff2017a000,0x00007eff2027a000] [id=2594]
  0x00007eff3805b000 ConcurrentGCThread "G1 Conc#0" [stack: 0x00007eff20078000,0x00007eff20178000] [id=2595]
  0x00007eff380d3000 ConcurrentGCThread "G1 Refine#0" [stack: 0x00007eff1522d000,0x00007eff1532d000] [id=2596]
  0x00007eff380d4800 ConcurrentGCThread "G1 Young RemSet Sampling" [stack: 0x00007eff1512b000,0x00007eff1522b000] [id=2597]

Threads with active compile tasks:
C2 CompilerThread0 659 % !   4       SimBlock.simulator.Main::writeGraph @ 73 (145 bytes)

VM state:at safepoint (normal execution)

VM Mutex/Monitor currently owned by a thread:  ([mutex/lock_event])
[0x00007eff3800e040] Threads_lock - owner thread: 0x00007eff38134800
[0x00007eff3800e790] Heap_lock - owner thread: 0x00007eff38012000

Heap address: 0x0000000085600000, size: 1962 MB, Compressed Oops mode: 32-bit
Narrow klass base: 0x0000000000000000, Narrow klass shift: 3
Compressed class space size: 1073741824 Address: 0x0000000100000000

Heap:
 garbage-first heap   total 380928K, used 4800K [0x0000000085600000, 0x0000000100000000)
  region size 1024K, 1 young (1024K), 1 survivors (1024K)
 Metaspace       used 6454K, capacity 6631K, committed 6784K, reserved 1056768K
  class space    used 545K, capacity 610K, committed 640K, reserved 1048576K
Heap Regions: E=young(eden), S=young(survivor), O=old, HS=humongous(starts), HC=humongous(continues), CS=collection set, F=free, A=archive, TAMS=top-at-mark-start (previous, next)
|   0|0x0000000085600000, 0x0000000085700000, 0x0000000085700000|100%| O|  |TAMS 0x0000000085600000, 0x0000000085600000| Untracked 
|   1|0x0000000085700000, 0x0000000085800000, 0x0000000085800000|100%| O|  |TAMS 0x0000000085700000, 0x0000000085700000| Untracked 
|   2|0x0000000085800000, 0x0000000085900000, 0x0000000085900000|100%| O|  |TAMS 0x0000000085800000, 0x0000000085800000| Untracked 
|   3|0x0000000085900000, 0x00000000859ef400, 0x0000000085a00000| 93%| O|  |TAMS 0x0000000085900000, 0x0000000085900000| Untracked 
|   4|0x0000000085a00000, 0x0000000085a00000, 0x0000000085b00000|  0%| F|  |TAMS 0x0000000085a00000, 0x0000000085a00000| Untracked 
|   5|0x0000000085b00000, 0x0000000085b00000, 0x0000000085c00000|  0%| F|  |TAMS 0x0000000085b00000, 0x0000000085b00000| Untracked 
|   6|0x0000000085c00000, 0x0000000085c00000, 0x0000000085d00000|  0%| F|  |TAMS 0x0000000085c00000, 0x0000000085c00000| Untracked 
|   7|0x0000000085d00000, 0x0000000085d00000, 0x0000000085e00000|  0%| F|  |TAMS 0x0000000085d00000, 0x0000000085d00000| Untracked 
|   8|0x0000000085e00000, 0x0000000085e00000, 0x0000000085f00000|  0%| F|  |TAMS 0x0000000085e00000, 0x0000000085e00000| Untracked 
|   9|0x0000000085f00000, 0x0000000085f00000, 0x0000000086000000|  0%| F|  |TAMS 0x0000000085f00000, 0x0000000085f00000| Untracked 
|  10|0x0000000086000000, 0x0000000086000000, 0x0000000086100000|  0%| F|  |TAMS 0x0000000086000000, 0x0000000086000000| Untracked 
|  11|0x0000000086100000, 0x0000000086100000, 0x0000000086200000|  0%| F|  |TAMS 0x0000000086100000, 0x0000000086100000| Untracked 
|  12|0x0000000086200000, 0x0000000086200000, 0x0000000086300000|  0%| F|  |TAMS 0x0000000086200000, 0x0000000086200000| Untracked 
|  13|0x0000000086300000, 0x0000000086300000, 0x0000000086400000|  0%| F|  |TAMS 0x0000000086300000, 0x0000000086300000| Untracked 
|  14|0x0000000086400000, 0x0000000086400000, 0x0000000086500000|  0%| F|  |TAMS 0x0000000086400000, 0x0000000086400000| Untracked 
|  15|0x0000000086500000, 0x0000000086500000, 0x0000000086600000|  0%| F|  |TAMS 0x0000000086500000, 0x0000000086500000| Untracked 
|  16|0x0000000086600000, 0x0000000086600000, 0x0000000086700000|  0%| F|  |TAMS 0x0000000086600000, 0x0000000086600000| Untracked 
|  17|0x0000000086700000, 0x0000000086700000, 0x0000000086800000|  0%| F|  |TAMS 0x0000000086700000, 0x0000000086700000| Untracked 
|  18|0x0000000086800000, 0x0000000086800000, 0x0000000086900000|  0%| F|  |TAMS 0x0000000086800000, 0x0000000086800000| Untracked 
|  19|0x0000000086900000, 0x0000000086900000, 0x0000000086a00000|  0%| F|  |TAMS 0x0000000086900000, 0x0000000086900000| Untracked 
|  20|0x0000000086a00000, 0x0000000086a00000, 0x0000000086b00000|  0%| F|  |TAMS 0x0000000086a00000, 0x0000000086a00000| Untracked 
|  21|0x0000000086b00000, 0x0000000086b00000, 0x0000000086c00000|  0%| F|  |TAMS 0x0000000086b00000, 0x0000000086b00000| Untracked 
|  22|0x0000000086c00000, 0x0000000086c00000, 0x0000000086d00000|  0%| F|  |TAMS 0x0000000086c00000, 0x0000000086c00000| Untracked 
|  23|0x0000000086d00000, 0x0000000086d00000, 0x0000000086e00000|  0%| F|  |TAMS 0x0000000086d00000, 0x0000000086d00000| Untracked 
|  24|0x0000000086e00000, 0x0000000086e00000, 0x0000000086f00000|  0%| F|  |TAMS 0x0000000086e00000, 0x0000000086e00000| Untracked 
|  25|0x0000000086f00000, 0x0000000086f00000, 0x0000000087000000|  0%| F|  |TAMS 0x0000000086f00000, 0x0000000086f00000| Untracked 
|  26|0x0000000087000000, 0x0000000087000000, 0x0000000087100000|  0%| F|  |TAMS 0x0000000087000000, 0x0000000087000000| Untracked 
|  27|0x0000000087100000, 0x0000000087100000, 0x0000000087200000|  0%| F|  |TAMS 0x0000000087100000, 0x0000000087100000| Untracked 
|  28|0x0000000087200000, 0x0000000087200000, 0x0000000087300000|  0%| F|  |TAMS 0x0000000087200000, 0x0000000087200000| Untracked 
|  29|0x0000000087300000, 0x0000000087300000, 0x0000000087400000|  0%| F|  |TAMS 0x0000000087300000, 0x0000000087300000| Untracked 
|  30|0x0000000087400000, 0x0000000087400000, 0x0000000087500000|  0%| F|  |TAMS 0x0000000087400000, 0x0000000087400000| Untracked 
|  31|0x0000000087500000, 0x0000000087500000, 0x0000000087600000|  0%| F|  |TAMS 0x0000000087500000, 0x0000000087500000| Untracked 
|  32|0x0000000087600000, 0x0000000087600000, 0x0000000087700000|  0%| F|  |TAMS 0x0000000087600000, 0x0000000087600000| Untracked 
|  33|0x0000000087700000, 0x0000000087700000, 0x0000000087800000|  0%| F|  |TAMS 0x0000000087700000, 0x0000000087700000| Untracked 
|  34|0x0000000087800000, 0x0000000087800000, 0x0000000087900000|  0%| F|  |TAMS 0x0000000087800000, 0x0000000087800000| Untracked 
|  35|0x0000000087900000, 0x0000000087900000, 0x0000000087a00000|  0%| F|  |TAMS 0x0000000087900000, 0x0000000087900000| Untracked 
|  36|0x0000000087a00000, 0x0000000087a00000, 0x0000000087b00000|  0%| F|  |TAMS 0x0000000087a00000, 0x0000000087a00000| Untracked 
|  37|0x0000000087b00000, 0x0000000087b00000, 0x0000000087c00000|  0%| F|  |TAMS 0x0000000087b00000, 0x0000000087b00000| Untracked 
|  38|0x0000000087c00000, 0x0000000087c00000, 0x0000000087d00000|  0%| F|  |TAMS 0x0000000087c00000, 0x0000000087c00000| Untracked 
|  39|0x0000000087d00000, 0x0000000087d00000, 0x0000000087e00000|  0%| F|  |TAMS 0x0000000087d00000, 0x0000000087d00000| Untracked 
|  40|0x0000000087e00000, 0x0000000087e00000, 0x0000000087f00000|  0%| F|  |TAMS 0x0000000087e00000, 0x0000000087e00000| Untracked 
|  41|0x0000000087f00000, 0x0000000087f00000, 0x0000000088000000|  0%| F|  |TAMS 0x0000000087f00000, 0x0000000087f00000| Untracked 
|  42|0x0000000088000000, 0x0000000088000000, 0x0000000088100000|  0%| F|  |TAMS 0x0000000088000000, 0x0000000088000000| Untracked 
|  43|0x0000000088100000, 0x0000000088100000, 0x0000000088200000|  0%| F|  |TAMS 0x0000000088100000, 0x0000000088100000| Untracked 
|  44|0x0000000088200000, 0x0000000088200000, 0x0000000088300000|  0%| F|  |TAMS 0x0000000088200000, 0x0000000088200000| Untracked 
|  45|0x0000000088300000, 0x0000000088300000, 0x0000000088400000|  0%| F|  |TAMS 0x0000000088300000, 0x0000000088300000| Untracked 
|  46|0x0000000088400000, 0x0000000088400000, 0x0000000088500000|  0%| F|  |TAMS 0x0000000088400000, 0x0000000088400000| Untracked 
|  47|0x0000000088500000, 0x0000000088500000, 0x0000000088600000|  0%| F|  |TAMS 0x0000000088500000, 0x0000000088500000| Untracked 
|  48|0x0000000088600000, 0x0000000088600000, 0x0000000088700000|  0%| F|  |TAMS 0x0000000088600000, 0x0000000088600000| Untracked 
|  49|0x0000000088700000, 0x0000000088700000, 0x0000000088800000|  0%| F|  |TAMS 0x0000000088700000, 0x0000000088700000| Untracked 
|  50|0x0000000088800000, 0x0000000088800000, 0x0000000088900000|  0%| F|  |TAMS 0x0000000088800000, 0x0000000088800000| Untracked 
|  51|0x0000000088900000, 0x0000000088900000, 0x0000000088a00000|  0%| F|  |TAMS 0x0000000088900000, 0x0000000088900000| Untracked 
|  52|0x0000000088a00000, 0x0000000088a00000, 0x0000000088b00000|  0%| F|  |TAMS 0x0000000088a00000, 0x0000000088a00000| Untracked 
|  53|0x0000000088b00000, 0x0000000088b00000, 0x0000000088c00000|  0%| F|  |TAMS 0x0000000088b00000, 0x0000000088b00000| Untracked 
|  54|0x0000000088c00000, 0x0000000088c00000, 0x0000000088d00000|  0%| F|  |TAMS 0x0000000088c00000, 0x0000000088c00000| Untracked 
|  55|0x0000000088d00000, 0x0000000088d00000, 0x0000000088e00000|  0%| F|  |TAMS 0x0000000088d00000, 0x0000000088d00000| Untracked 
|  56|0x0000000088e00000, 0x0000000088e00000, 0x0000000088f00000|  0%| F|  |TAMS 0x0000000088e00000, 0x0000000088e00000| Untracked 
|  57|0x0000000088f00000, 0x0000000088f00000, 0x0000000089000000|  0%| F|  |TAMS 0x0000000088f00000, 0x0000000088f00000| Untracked 
|  58|0x0000000089000000, 0x0000000089000000, 0x0000000089100000|  0%| F|  |TAMS 0x0000000089000000, 0x0000000089000000| Untracked 
|  59|0x0000000089100000, 0x0000000089100000, 0x0000000089200000|  0%| F|  |TAMS 0x0000000089100000, 0x0000000089100000| Untracked 
|  60|0x0000000089200000, 0x0000000089200000, 0x0000000089300000|  0%| F|  |TAMS 0x0000000089200000, 0x0000000089200000| Untracked 
|  61|0x0000000089300000, 0x0000000089300000, 0x0000000089400000|  0%| F|  |TAMS 0x0000000089300000, 0x0000000089300000| Untracked 
|  62|0x0000000089400000, 0x0000000089400000, 0x0000000089500000|  0%| F|  |TAMS 0x0000000089400000, 0x0000000089400000| Untracked 
|  63|0x0000000089500000, 0x0000000089500000, 0x0000000089600000|  0%| F|  |TAMS 0x0000000089500000, 0x0000000089500000| Untracked 
|  64|0x0000000089600000, 0x0000000089600000, 0x0000000089700000|  0%| F|  |TAMS 0x0000000089600000, 0x0000000089600000| Untracked 
|  65|0x0000000089700000, 0x0000000089700000, 0x0000000089800000|  0%| F|  |TAMS 0x0000000089700000, 0x0000000089700000| Untracked 
|  66|0x0000000089800000, 0x0000000089800000, 0x0000000089900000|  0%| F|  |TAMS 0x0000000089800000, 0x0000000089800000| Untracked 
|  67|0x0000000089900000, 0x0000000089900000, 0x0000000089a00000|  0%| F|  |TAMS 0x0000000089900000, 0x0000000089900000| Untracked 
|  68|0x0000000089a00000, 0x0000000089a00000, 0x0000000089b00000|  0%| F|  |TAMS 0x0000000089a00000, 0x0000000089a00000| Untracked 
|  69|0x0000000089b00000, 0x0000000089b00000, 0x0000000089c00000|  0%| F|  |TAMS 0x0000000089b00000, 0x0000000089b00000| Untracked 
|  70|0x0000000089c00000, 0x0000000089c00000, 0x0000000089d00000|  0%| F|  |TAMS 0x0000000089c00000, 0x0000000089c00000| Untracked 
|  71|0x0000000089d00000, 0x0000000089d00000, 0x0000000089e00000|  0%| F|  |TAMS 0x0000000089d00000, 0x0000000089d00000| Untracked 
|  72|0x0000000089e00000, 0x0000000089e00000, 0x0000000089f00000|  0%| F|  |TAMS 0x0000000089e00000, 0x0000000089e00000| Untracked 
|  73|0x0000000089f00000, 0x0000000089f00000, 0x000000008a000000|  0%| F|  |TAMS 0x0000000089f00000, 0x0000000089f00000| Untracked 
|  74|0x000000008a000000, 0x000000008a000000, 0x000000008a100000|  0%| F|  |TAMS 0x000000008a000000, 0x000000008a000000| Untracked 
|  75|0x000000008a100000, 0x000000008a100000, 0x000000008a200000|  0%| F|  |TAMS 0x000000008a100000, 0x000000008a100000| Untracked 
|  76|0x000000008a200000, 0x000000008a200000, 0x000000008a300000|  0%| F|  |TAMS 0x000000008a200000, 0x000000008a200000| Untracked 
|  77|0x000000008a300000, 0x000000008a300000, 0x000000008a400000|  0%| F|  |TAMS 0x000000008a300000, 0x000000008a300000| Untracked 
|  78|0x000000008a400000, 0x000000008a400000, 0x000000008a500000|  0%| F|  |TAMS 0x000000008a400000, 0x000000008a400000| Untracked 
|  79|0x000000008a500000, 0x000000008a500000, 0x000000008a600000|  0%| F|  |TAMS 0x000000008a500000, 0x000000008a500000| Untracked 
|  80|0x000000008a600000, 0x000000008a600000, 0x000000008a700000|  0%| F|  |TAMS 0x000000008a600000, 0x000000008a600000| Untracked 
|  81|0x000000008a700000, 0x000000008a700000, 0x000000008a800000|  0%| F|  |TAMS 0x000000008a700000, 0x000000008a700000| Untracked 
|  82|0x000000008a800000, 0x000000008a800000, 0x000000008a900000|  0%| F|  |TAMS 0x000000008a800000, 0x000000008a800000| Untracked 
|  83|0x000000008a900000, 0x000000008a900000, 0x000000008aa00000|  0%| F|  |TAMS 0x000000008a900000, 0x000000008a900000| Untracked 
|  84|0x000000008aa00000, 0x000000008aa00000, 0x000000008ab00000|  0%| F|  |TAMS 0x000000008aa00000, 0x000000008aa00000| Untracked 
|  85|0x000000008ab00000, 0x000000008ab00000, 0x000000008ac00000|  0%| F|  |TAMS 0x000000008ab00000, 0x000000008ab00000| Untracked 
|  86|0x000000008ac00000, 0x000000008ac00000, 0x000000008ad00000|  0%| F|  |TAMS 0x000000008ac00000, 0x000000008ac00000| Untracked 
|  87|0x000000008ad00000, 0x000000008ad00000, 0x000000008ae00000|  0%| F|  |TAMS 0x000000008ad00000, 0x000000008ad00000| Untracked 
|  88|0x000000008ae00000, 0x000000008ae00000, 0x000000008af00000|  0%| F|  |TAMS 0x000000008ae00000, 0x000000008ae00000| Untracked 
|  89|0x000000008af00000, 0x000000008af00000, 0x000000008b000000|  0%| F|  |TAMS 0x000000008af00000, 0x000000008af00000| Untracked 
|  90|0x000000008b000000, 0x000000008b000000, 0x000000008b100000|  0%| F|  |TAMS 0x000000008b000000, 0x000000008b000000| Untracked 
|  91|0x000000008b100000, 0x000000008b100000, 0x000000008b200000|  0%| F|  |TAMS 0x000000008b100000, 0x000000008b100000| Untracked 
|  92|0x000000008b200000, 0x000000008b200000, 0x000000008b300000|  0%| F|  |TAMS 0x000000008b200000, 0x000000008b200000| Untracked 
|  93|0x000000008b300000, 0x000000008b300000, 0x000000008b400000|  0%| F|  |TAMS 0x000000008b300000, 0x000000008b300000| Untracked 
|  94|0x000000008b400000, 0x000000008b400000, 0x000000008b500000|  0%| F|  |TAMS 0x000000008b400000, 0x000000008b400000| Untracked 
|  95|0x000000008b500000, 0x000000008b500000, 0x000000008b600000|  0%| F|  |TAMS 0x000000008b500000, 0x000000008b500000| Untracked 
|  96|0x000000008b600000, 0x000000008b600000, 0x000000008b700000|  0%| F|  |TAMS 0x000000008b600000, 0x000000008b600000| Untracked 
|  97|0x000000008b700000, 0x000000008b700000, 0x000000008b800000|  0%| F|  |TAMS 0x000000008b700000, 0x000000008b700000| Untracked 
|  98|0x000000008b800000, 0x000000008b800000, 0x000000008b900000|  0%| F|  |TAMS 0x000000008b800000, 0x000000008b800000| Untracked 
|  99|0x000000008b900000, 0x000000008b900000, 0x000000008ba00000|  0%| F|  |TAMS 0x000000008b900000, 0x000000008b900000| Untracked 
| 100|0x000000008ba00000, 0x000000008ba00000, 0x000000008bb00000|  0%| F|  |TAMS 0x000000008ba00000, 0x000000008ba00000| Untracked 
| 101|0x000000008bb00000, 0x000000008bb00000, 0x000000008bc00000|  0%| F|  |TAMS 0x000000008bb00000, 0x000000008bb00000| Untracked 
| 102|0x000000008bc00000, 0x000000008bc00000, 0x000000008bd00000|  0%| F|  |TAMS 0x000000008bc00000, 0x000000008bc00000| Untracked 
| 103|0x000000008bd00000, 0x000000008bd00000, 0x000000008be00000|  0%| F|  |TAMS 0x000000008bd00000, 0x000000008bd00000| Untracked 
| 104|0x000000008be00000, 0x000000008be00000, 0x000000008bf00000|  0%| F|  |TAMS 0x000000008be00000, 0x000000008be00000| Untracked 
| 105|0x000000008bf00000, 0x000000008bf00000, 0x000000008c000000|  0%| F|  |TAMS 0x000000008bf00000, 0x000000008bf00000| Untracked 
| 106|0x000000008c000000, 0x000000008c000000, 0x000000008c100000|  0%| F|  |TAMS 0x000000008c000000, 0x000000008c000000| Untracked 
| 107|0x000000008c100000, 0x000000008c100000, 0x000000008c200000|  0%| F|  |TAMS 0x000000008c100000, 0x000000008c100000| Untracked 
| 108|0x000000008c200000, 0x000000008c200000, 0x000000008c300000|  0%| F|  |TAMS 0x000000008c200000, 0x000000008c200000| Untracked 
| 109|0x000000008c300000, 0x000000008c300000, 0x000000008c400000|  0%| F|  |TAMS 0x000000008c300000, 0x000000008c300000| Untracked 
| 110|0x000000008c400000, 0x000000008c400000, 0x000000008c500000|  0%| F|  |TAMS 0x000000008c400000, 0x000000008c400000| Untracked 
| 111|0x000000008c500000, 0x000000008c500000, 0x000000008c600000|  0%| F|  |TAMS 0x000000008c500000, 0x000000008c500000| Untracked 
| 112|0x000000008c600000, 0x000000008c600000, 0x000000008c700000|  0%| F|  |TAMS 0x000000008c600000, 0x000000008c600000| Untracked 
| 113|0x000000008c700000, 0x000000008c700000, 0x000000008c800000|  0%| F|  |TAMS 0x000000008c700000, 0x000000008c700000| Untracked 
| 114|0x000000008c800000, 0x000000008c800000, 0x000000008c900000|  0%| F|  |TAMS 0x000000008c800000, 0x000000008c800000| Untracked 
| 115|0x000000008c900000, 0x000000008c900000, 0x000000008ca00000|  0%| F|  |TAMS 0x000000008c900000, 0x000000008c900000| Untracked 
| 116|0x000000008ca00000, 0x000000008ca00000, 0x000000008cb00000|  0%| F|  |TAMS 0x000000008ca00000, 0x000000008ca00000| Untracked 
| 117|0x000000008cb00000, 0x000000008cb00000, 0x000000008cc00000|  0%| F|  |TAMS 0x000000008cb00000, 0x000000008cb00000| Untracked 
| 118|0x000000008cc00000, 0x000000008cc00000, 0x000000008cd00000|  0%| F|  |TAMS 0x000000008cc00000, 0x000000008cc00000| Untracked 
| 119|0x000000008cd00000, 0x000000008cd00000, 0x000000008ce00000|  0%| F|  |TAMS 0x000000008cd00000, 0x000000008cd00000| Untracked 
| 120|0x000000008ce00000, 0x000000008ce00000, 0x000000008cf00000|  0%| F|  |TAMS 0x000000008ce00000, 0x000000008ce00000| Untracked 
| 121|0x000000008cf00000, 0x000000008cf00000, 0x000000008d000000|  0%| F|  |TAMS 0x000000008cf00000, 0x000000008cf00000| Untracked 
| 122|0x000000008d000000, 0x000000008d0c0fa0, 0x000000008d100000| 75%| S|CS|TAMS 0x000000008d000000, 0x000000008d000000| Complete 
| 123|0x000000008d100000, 0x000000008d100000, 0x000000008d200000|  0%| F|  |TAMS 0x000000008d100000, 0x000000008d100000| Untracked 

Card table byte_map: [0x00007eff1b856000,0x00007eff1bc2b000] _byte_map_base: 0x00007eff1b42b000

Marking Bits (Prev, Next): (CMBitMap*) 0x00007eff380506b8, (CMBitMap*) 0x00007eff380506f0
 Prev Bits: [0x00007eff195d9000, 0x00007eff1b481000)
 Next Bits: [0x00007eff17731000, 0x00007eff195d9000)

Polling page: 0x00007eff3fe56000

Metaspace:

Usage:
  Non-class:      5.88 MB capacity,     5.77 MB ( 98%) used,   103.84 KB (  2%) free+waste,     8.06 KB ( <1%) overhead. 
      Class:    610.00 KB capacity,   545.32 KB ( 89%) used,    60.68 KB ( 10%) free+waste,     4.00 KB ( <1%) overhead. 
       Both:      6.48 MB capacity,     6.30 MB ( 97%) used,   164.52 KB (  2%) free+waste,    12.06 KB ( <1%) overhead. 

Virtual space:
  Non-class space:        8.00 MB reserved,       6.00 MB ( 75%) committed 
      Class space:        1.00 GB reserved,     640.00 KB ( <1%) committed 
             Both:        1.01 GB reserved,       6.62 MB ( <1%) committed 

Chunk freelists:
   Non-Class:  23.00 KB
       Class:  0 bytes
        Both:  23.00 KB

CodeHeap 'non-profiled nmethods': size=120032Kb used=317Kb max_used=317Kb free=119714Kb
 bounds [0x00007eff2841e000, 0x00007eff2868e000, 0x00007eff2f956000]
CodeHeap 'profiled nmethods': size=120032Kb used=1067Kb max_used=1067Kb free=118964Kb
 bounds [0x00007eff20ee6000, 0x00007eff21156000, 0x00007eff2841e000]
CodeHeap 'non-nmethods': size=5696Kb used=1051Kb max_used=1076Kb free=4644Kb
 bounds [0x00007eff20956000, 0x00007eff20bc6000, 0x00007eff20ee6000]
 total_blobs=1195 nmethods=651 adapters=259
 compilation: enabled
              stopped_count=0, restarted_count=0
 full_count=0

Compilation events (10 events):
Event: 0.868 Thread 0x00007eff38157800  666       2       java.nio.Buffer::remaining (10 bytes)
Event: 0.868 Thread 0x00007eff38157800 nmethod 666 0x00007eff20feeb90 code [0x00007eff20feed40, 0x00007eff20feee90]
Event: 0.869 Thread 0x00007eff38157800  667       2       sun.nio.cs.StreamEncoder::ensureOpen (18 bytes)
Event: 0.870 Thread 0x00007eff38157800 nmethod 667 0x00007eff20feef10 code [0x00007eff20fef0e0, 0x00007eff20fef2e8]
Event: 0.870 Thread 0x00007eff38157800  668       2       java.io.OutputStreamWriter::write (11 bytes)
Event: 0.873 Thread 0x00007eff38157800 nmethod 668 0x00007eff20fef390 code [0x00007eff20fef540, 0x00007eff20fef6c8]
Event: 0.873 Thread 0x00007eff38157800  669   !   2       sun.nio.cs.StreamEncoder::write (78 bytes)
Event: 0.906 Thread 0x00007eff38157800 nmethod 669 0x00007eff20fef790 code [0x00007eff20fef9c0, 0x00007eff20ff0088]
Event: 0.906 Thread 0x00007eff38157800  670   !   2       java.io.BufferedWriter::flushBuffer (53 bytes)
Event: 0.918 Thread 0x00007eff38157800 nmethod 670 0x00007eff20ff0510 code [0x00007eff20ff0700, 0x00007eff20ff0b58]

GC Heap History (9 events):
Event: 0.171 GC heap before
{Heap before GC invocations=0 (full 0):
 garbage-first heap   total 126976K, used 14336K [0x0000000085600000, 0x0000000100000000)
  region size 1024K, 14 young (14336K), 0 survivors (0K)
 Metaspace       used 5101K, capacity 5172K, committed 5376K, reserved 1056768K
  class space    used 440K, capacity 463K, committed 512K, reserved 1048576K
}
Event: 0.174 GC heap after
{Heap after GC invocations=1 (full 0):
 garbage-first heap   total 126976K, used 1241K [0x0000000085600000, 0x0000000100000000)
  region size 1024K, 2 young (2048K), 2 survivors (2048K)
 Metaspace       used 5101K, capacity 5172K, committed 5376K, reserved 1056768K
  class space    used 440K, capacity 463K, committed 512K, reserved 1048576K
}
Event: 0.459 GC heap before
{Heap before GC invocations=1 (full 0):
 garbage-first heap   total 126976K, used 74969K [0x0000000085600000, 0x0000000100000000)
  region size 1024K, 74 young (75776K), 2 survivors (2048K)
 Metaspace       used 6335K, capacity 6449K, committed 6528K, reserved 1056768K
  class space    used 531K, capacity 591K, committed 640K, reserved 1048576K
}
Event: 0.465 GC heap after
{Heap after GC invocations=2 (full 0):
 garbage-first heap   total 126976K, used 3598K [0x0000000085600000, 0x0000000100000000)
  region size 1024K, 4 young (4096K), 4 survivors (4096K)
 Metaspace       used 6335K, capacity 6449K, committed 6528K, reserved 1056768K
  class space    used 531K, capacity 591K, committed 640K, reserved 1048576K
}
Event: 0.633 GC heap before
{Heap before GC invocations=2 (full 0):
 garbage-first heap   total 126976K, used 75278K [0x0000000085600000, 0x0000000100000000)
  region size 1024K, 74 young (75776K), 4 survivors (4096K)
 Metaspace       used 6348K, capacity 6513K, committed 6784K, reserved 1056768K
  class space    used 531K, capacity 591K, committed 640K, reserved 1048576K
}
Event: 0.643 GC heap after
{Heap after GC invocations=3 (full 0):
 garbage-first heap   total 126976K, used 4096K [0x0000000085600000, 0x0000000100000000)
  region size 1024K, 4 young (4096K), 4 survivors (4096K)
 Metaspace       used 6348K, capacity 6513K, committed 6784K, reserved 1056768K
  class space    used 531K, capacity 591K, committed 640K, reserved 1048576K
}
Event: 1.043 GC heap before
{Heap before GC invocations=3 (full 0):
 garbage-first heap   total 126976K, used 75776K [0x0000000085600000, 0x0000000100000000)
  region size 1024K, 74 young (75776K), 4 survivors (4096K)
 Metaspace       used 6454K, capacity 6631K, committed 6784K, reserved 1056768K
  class space    used 545K, capacity 610K, committed 640K, reserved 1048576K
}
Event: 9.622 GC heap after
{Heap after GC invocations=4 (full 0):
 garbage-first heap   total 126976K, used 4448K [0x0000000085600000, 0x0000000100000000)
  region size 1024K, 5 young (5120K), 5 survivors (5120K)
 Metaspace       used 6454K, capacity 6631K, committed 6784K, reserved 1056768K
  class space    used 545K, capacity 610K, committed 640K, reserved 1048576K
}
Event: 9.714 GC heap before
{Heap before GC invocations=4 (full 0):
 garbage-first heap   total 126976K, used 5472K [0x0000000085600000, 0x0000000100000000)
  region size 1024K, 6 young (6144K), 5 survivors (5120K)
 Metaspace       used 6454K, capacity 6631K, committed 6784K, reserved 1056768K
  class space    used 545K, capacity 610K, committed 640K, reserved 1048576K
}

Deoptimization events (10 events):
Event: 0.581 Thread 0x00007eff38012000 Uncommon trap: trap_request=0xffffff4d fr.pc=0x00007eff2844c410 relative=0x0000000000000550
Event: 0.581 Thread 0x00007eff38012000 Uncommon trap: reason=unstable_if action=reinterpret pc=0x00007eff2844c410 method=java.util.HashMap.removeNode(ILjava/lang/Object;Ljava/lang/Object;ZZ)Ljava/util/HashMap$Node; @ 34 c2
Event: 0.581 Thread 0x00007eff38012000 DEOPT PACKING pc=0x00007eff2844c410 sp=0x00007eff3fe3b340
Event: 0.582 Thread 0x00007eff38012000 DEOPT UNPACKING pc=0x00007eff2097e6a5 sp=0x00007eff3fe3b2d0 mode 2
Event: 0.658 Thread 0x00007eff38012000 DEOPT PACKING pc=0x00007eff20fd2f30 sp=0x00007eff3fe3b4f0
Event: 0.658 Thread 0x00007eff38012000 DEOPT UNPACKING pc=0x00007eff2097e4ba sp=0x00007eff3fe3a9e0 mode 0
Event: 0.675 Thread 0x00007eff38012000 Uncommon trap: trap_request=0xffffff4d fr.pc=0x00007eff28449b44 relative=0x0000000000000784
Event: 0.675 Thread 0x00007eff38012000 Uncommon trap: reason=unstable_if action=reinterpret pc=0x00007eff28449b44 method=java.util.ArrayList.addAll(Ljava/util/Collection;)Z @ 21 c2
Event: 0.675 Thread 0x00007eff38012000 DEOPT PACKING pc=0x00007eff28449b44 sp=0x00007eff3fe3b3b0
Event: 0.675 Thread 0x00007eff38012000 DEOPT UNPACKING pc=0x00007eff2097e6a5 sp=0x00007eff3fe3b390 mode 2

Classes redefined (0 events):
No events

Internal exceptions (4 events):
Event: 0.110 Thread 0x00007eff38012000 Exception <a 'java/security/PrivilegedActionException'{0x000000008d029648}> (0x000000008d029648) thrown at [/build/openjdk-lts-7bqZff/openjdk-lts-11.0.4+11/src/hotspot/share/prims/jvm.cpp, line 1300]
Event: 0.110 Thread 0x00007eff38012000 Exception <a 'java/security/PrivilegedActionException'{0x000000008d029918}> (0x000000008d029918) thrown at [/build/openjdk-lts-7bqZff/openjdk-lts-11.0.4+11/src/hotspot/share/prims/jvm.cpp, line 1300]
Event: 0.581 Thread 0x00007eff38012000 Implicit null exception at 0x00007eff2844bf15 to 0x00007eff2844c3e6
Event: 0.752 Thread 0x00007eff38012000 Exception <a 'java/lang/NoSuchMethodError'{0x000000008bd7e758}: 'java.lang.Object java.lang.invoke.Invokers$Holder.linkToTargetMethod(java.lang.Object, int, java.lang.Object)'> (0x000000008bd7e758) thrown at [/build/openjdk-lts-7bqZff/openjdk-lts-11.0.4+1

Events (10 events):
Event: 0.750 loading class java/lang/NoSuchMethodError done
Event: 0.754 loading class java/util/LinkedHashMap$LinkedEntrySet
Event: 0.755 loading class java/util/LinkedHashMap$LinkedEntrySet done
Event: 0.755 loading class java/util/LinkedHashMap$LinkedEntryIterator
Event: 0.756 loading class java/util/LinkedHashMap$LinkedHashIterator
Event: 0.756 loading class java/util/LinkedHashMap$LinkedHashIterator done
Event: 0.756 loading class java/util/LinkedHashMap$LinkedEntryIterator done
Event: 0.906 Executing VM operation: G1CollectForAllocation
Event: 9.669 Executing VM operation: G1CollectForAllocation done
Event: 9.695 Executing VM operation: G1CollectForAllocation


Dynamic libraries:
85600000-8d200000 rw-p 00000000 00:00 0 
9ca00000-100000000 ---p 00000000 00:00 0 
100000000-1000a0000 rw-p 00000000 00:00 0 
1000a0000-140000000 ---p 00000000 00:00 0 
562254449000-56225444a000 r-xp 00000000 08:01 1843403                    /usr/lib/jvm/java-11-openjdk-amd64/bin/java
56225464a000-56225464b000 r--p 00001000 08:01 1843403                    /usr/lib/jvm/java-11-openjdk-amd64/bin/java
56225464b000-56225464c000 rw-p 00002000 08:01 1843403                    /usr/lib/jvm/java-11-openjdk-amd64/bin/java
5622553e9000-56225540a000 rw-p 00000000 00:00 0                          [heap]
7efed0000000-7efed0021000 rw-p 00000000 00:00 0 
7efed0021000-7efed4000000 ---p 00000000 00:00 0 
7efed8000000-7efed8021000 rw-p 00000000 00:00 0 
7efed8021000-7efedc000000 ---p 00000000 00:00 0 
7efedc000000-7efedc021000 rw-p 00000000 00:00 0 
7efedc021000-7efee0000000 ---p 00000000 00:00 0 
7efee0000000-7efee0021000 rw-p 00000000 00:00 0 
7efee0021000-7efee4000000 ---p 00000000 00:00 0 
7efee4000000-7efee4021000 rw-p 00000000 00:00 0 
7efee4021000-7efee8000000 ---p 00000000 00:00 0 
7efee8000000-7efee9254000 rw-p 00000000 00:00 0 
7efee9254000-7efeec000000 ---p 00000000 00:00 0 
7efeec000000-7efeec406000 rw-p 00000000 00:00 0 
7efeec406000-7efef0000000 ---p 00000000 00:00 0 
7efef0000000-7efef0021000 rw-p 00000000 00:00 0 
7efef0021000-7efef4000000 ---p 00000000 00:00 0 
7efef6e04000-7efef6e05000 ---p 00000000 00:00 0 
7efef6e05000-7efef6f06000 rw-p 00000000 00:00 0 
7efef6f06000-7efef6f1c000 r-xp 00000000 08:01 3540866                    /usr/lib/jvm/java-11-openjdk-amd64/lib/libnet.so
7efef6f1c000-7efef711b000 ---p 00016000 08:01 3540866                    /usr/lib/jvm/java-11-openjdk-amd64/lib/libnet.so
7efef711b000-7efef711c000 r--p 00015000 08:01 3540866                    /usr/lib/jvm/java-11-openjdk-amd64/lib/libnet.so
7efef711c000-7efef711d000 rw-p 00016000 08:01 3540866                    /usr/lib/jvm/java-11-openjdk-amd64/lib/libnet.so
7efef711d000-7efef712d000 r-xp 00000000 08:01 3540867                    /usr/lib/jvm/java-11-openjdk-amd64/lib/libnio.so
7efef712d000-7efef732c000 ---p 00010000 08:01 3540867                    /usr/lib/jvm/java-11-openjdk-amd64/lib/libnio.so
7efef732c000-7efef732d000 r--p 0000f000 08:01 3540867                    /usr/lib/jvm/java-11-openjdk-amd64/lib/libnio.so
7efef732d000-7efef732e000 rw-p 00010000 08:01 3540867                    /usr/lib/jvm/java-11-openjdk-amd64/lib/libnio.so
7efef732e000-7efef7332000 ---p 00000000 00:00 0 
7efef7332000-7efef742f000 rw-p 00000000 00:00 0 
7efef742f000-7efef7430000 ---p 00000000 00:00 0 
7efef7430000-7efef7531000 rw-p 00000000 00:00 0 
7efef7531000-7efef8000000 r--p 00000000 08:01 1055413                    /usr/lib/locale/locale-archive
7efef8000000-7efef8021000 rw-p 00000000 00:00 0 
7efef8021000-7efefc000000 ---p 00000000 00:00 0 
7efefc000000-7efefc021000 rw-p 00000000 00:00 0 
7efefc021000-7eff00000000 ---p 00000000 00:00 0 
7eff00000000-7eff00021000 rw-p 00000000 00:00 0 
7eff00021000-7eff04000000 ---p 00000000 00:00 0 
7eff04000000-7eff04021000 rw-p 00000000 00:00 0 
7eff04021000-7eff08000000 ---p 00000000 00:00 0 
7eff08000000-7eff08021000 rw-p 00000000 00:00 0 
7eff08021000-7eff0c000000 ---p 00000000 00:00 0 
7eff0c000000-7eff0c021000 rw-p 00000000 00:00 0 
7eff0c021000-7eff10000000 ---p 00000000 00:00 0 
7eff10000000-7eff10021000 rw-p 00000000 00:00 0 
7eff10021000-7eff14000000 ---p 00000000 00:00 0 
7eff1409f000-7eff140a3000 ---p 00000000 00:00 0 
7eff140a3000-7eff141a0000 rw-p 00000000 00:00 0 
7eff141a0000-7eff141a4000 ---p 00000000 00:00 0 
7eff141a4000-7eff142a1000 rw-p 00000000 00:00 0 
7eff142a1000-7eff142a5000 ---p 00000000 00:00 0 
7eff142a5000-7eff143a2000 rw-p 00000000 00:00 0 
7eff143a2000-7eff143a6000 ---p 00000000 00:00 0 
7eff143a6000-7eff144a3000 rw-p 00000000 00:00 0 
7eff144a3000-7eff144a7000 ---p 00000000 00:00 0 
7eff144a7000-7eff145a4000 rw-p 00000000 00:00 0 
7eff145a4000-7eff145a8000 ---p 00000000 00:00 0 
7eff145a8000-7eff146a5000 rw-p 00000000 00:00 0 
7eff146a5000-7eff146a9000 ---p 00000000 00:00 0 
7eff146a9000-7eff147a6000 rw-p 00000000 00:00 0 
7eff147a6000-7eff147a7000 ---p 00000000 00:00 0 
7eff147a7000-7eff14f29000 rw-p 00000000 00:00 0 
7eff14f29000-7eff15129000 ---p 00000000 00:00 0 
7eff15129000-7eff1512a000 ---p 00000000 00:00 0 
7eff1512a000-7eff1522b000 rw-p 00000000 00:00 0 
7eff1522b000-7eff1522c000 ---p 00000000 00:00 0 
7eff1522c000-7eff17921000 rw-p 00000000 00:00 0 
7eff17921000-7eff195d9000 ---p 00000000 00:00 0 
7eff195d9000-7eff197c9000 rw-p 00000000 00:00 0 
7eff197c9000-7eff1b481000 ---p 00000000 00:00 0 
7eff1b481000-7eff1b4bf000 rw-p 00000000 00:00 0 
7eff1b4bf000-7eff1b856000 ---p 00000000 00:00 0 
7eff1b856000-7eff1b894000 rw-p 00000000 00:00 0 
7eff1b894000-7eff1bc2b000 ---p 00000000 00:00 0 
7eff1bc2b000-7eff1bc69000 rw-p 00000000 00:00 0 
7eff1bc69000-7eff1c000000 ---p 00000000 00:00 0 
7eff1c000000-7eff1c021000 rw-p 00000000 00:00 0 
7eff1c021000-7eff20000000 ---p 00000000 00:00 0 
7eff2001b000-7eff20076000 rw-p 00000000 00:00 0 
7eff20076000-7eff20077000 ---p 00000000 00:00 0 
7eff20077000-7eff20178000 rw-p 00000000 00:00 0 
7eff20178000-7eff20179000 ---p 00000000 00:00 0 
7eff20179000-7eff2067e000 rw-p 00000000 00:00 0 
7eff2067e000-7eff2067f000 ---p 00000000 00:00 0 
7eff2067f000-7eff20785000 rw-p 00000000 00:00 0 
7eff20785000-7eff2086b000 ---p 00000000 00:00 0 
7eff2086b000-7eff20870000 rw-p 00000000 00:00 0 
7eff20870000-7eff20956000 ---p 00000000 00:00 0 
7eff20956000-7eff20bc6000 rwxp 00000000 00:00 0 
7eff20bc6000-7eff20ee6000 ---p 00000000 00:00 0 
7eff20ee6000-7eff21156000 rwxp 00000000 00:00 0 
7eff21156000-7eff2841e000 ---p 00000000 00:00 0 
7eff2841e000-7eff2868e000 rwxp 00000000 00:00 0 
7eff2868e000-7eff2f956000 ---p 00000000 00:00 0 
7eff2f956000-7eff38000000 r--s 00000000 08:01 3540876                    /usr/lib/jvm/java-11-openjdk-amd64/lib/modules
7eff38000000-7eff382a9000 rw-p 00000000 00:00 0 
7eff382a9000-7eff3c000000 ---p 00000000 00:00 0 
7eff3c009000-7eff3c00e000 r-xp 00000000 08:01 3540858                    /usr/lib/jvm/java-11-openjdk-amd64/lib/libjimage.so
7eff3c00e000-7eff3c20d000 ---p 00005000 08:01 3540858                    /usr/lib/jvm/java-11-openjdk-amd64/lib/libjimage.so
7eff3c20d000-7eff3c20e000 r--p 00004000 08:01 3540858                    /usr/lib/jvm/java-11-openjdk-amd64/lib/libjimage.so
7eff3c20e000-7eff3c20f000 rw-p 00005000 08:01 3540858                    /usr/lib/jvm/java-11-openjdk-amd64/lib/libjimage.so
7eff3c20f000-7eff3c216000 r-xp 00000000 08:01 3540875                    /usr/lib/jvm/java-11-openjdk-amd64/lib/libzip.so
7eff3c216000-7eff3c415000 ---p 00007000 08:01 3540875                    /usr/lib/jvm/java-11-openjdk-amd64/lib/libzip.so
7eff3c415000-7eff3c416000 r--p 00006000 08:01 3540875                    /usr/lib/jvm/java-11-openjdk-amd64/lib/libzip.so
7eff3c416000-7eff3c417000 rw-p 00007000 08:01 3540875                    /usr/lib/jvm/java-11-openjdk-amd64/lib/libzip.so
7eff3c417000-7eff3c422000 r-xp 00000000 08:01 1708774                    /lib/x86_64-linux-gnu/libnss_files-2.27.so
7eff3c422000-7eff3c621000 ---p 0000b000 08:01 1708774                    /lib/x86_64-linux-gnu/libnss_files-2.27.so
7eff3c621000-7eff3c622000 r--p 0000a000 08:01 1708774                    /lib/x86_64-linux-gnu/libnss_files-2.27.so
7eff3c622000-7eff3c623000 rw-p 0000b000 08:01 1708774                    /lib/x86_64-linux-gnu/libnss_files-2.27.so
7eff3c623000-7eff3c629000 rw-p 00000000 00:00 0 
7eff3c629000-7eff3c640000 r-xp 00000000 08:01 1708768                    /lib/x86_64-linux-gnu/libnsl-2.27.so
7eff3c640000-7eff3c83f000 ---p 00017000 08:01 1708768                    /lib/x86_64-linux-gnu/libnsl-2.27.so
7eff3c83f000-7eff3c840000 r--p 00016000 08:01 1708768                    /lib/x86_64-linux-gnu/libnsl-2.27.so
7eff3c840000-7eff3c841000 rw-p 00017000 08:01 1708768                    /lib/x86_64-linux-gnu/libnsl-2.27.so
7eff3c841000-7eff3c843000 rw-p 00000000 00:00 0 
7eff3c843000-7eff3c84e000 r-xp 00000000 08:01 1708785                    /lib/x86_64-linux-gnu/libnss_nis-2.27.so
7eff3c84e000-7eff3ca4d000 ---p 0000b000 08:01 1708785                    /lib/x86_64-linux-gnu/libnss_nis-2.27.so
7eff3ca4d000-7eff3ca4e000 r--p 0000a000 08:01 1708785                    /lib/x86_64-linux-gnu/libnss_nis-2.27.so
7eff3ca4e000-7eff3ca4f000 rw-p 0000b000 08:01 1708785                    /lib/x86_64-linux-gnu/libnss_nis-2.27.so
7eff3ca4f000-7eff3ca57000 r-xp 00000000 08:01 1708770                    /lib/x86_64-linux-gnu/libnss_compat-2.27.so
7eff3ca57000-7eff3cc57000 ---p 00008000 08:01 1708770                    /lib/x86_64-linux-gnu/libnss_compat-2.27.so
7eff3cc57000-7eff3cc58000 r--p 00008000 08:01 1708770                    /lib/x86_64-linux-gnu/libnss_compat-2.27.so
7eff3cc58000-7eff3cc59000 rw-p 00009000 08:01 1708770                    /lib/x86_64-linux-gnu/libnss_compat-2.27.so
7eff3cc59000-7eff3cc82000 r-xp 00000000 08:01 3540854                    /usr/lib/jvm/java-11-openjdk-amd64/lib/libjava.so
7eff3cc82000-7eff3ce81000 ---p 00029000 08:01 3540854                    /usr/lib/jvm/java-11-openjdk-amd64/lib/libjava.so
7eff3ce81000-7eff3ce82000 r--p 00028000 08:01 3540854                    /usr/lib/jvm/java-11-openjdk-amd64/lib/libjava.so
7eff3ce82000-7eff3ce84000 rw-p 00029000 08:01 3540854                    /usr/lib/jvm/java-11-openjdk-amd64/lib/libjava.so
7eff3ce84000-7eff3ce91000 r-xp 00000000 08:01 3540874                    /usr/lib/jvm/java-11-openjdk-amd64/lib/libverify.so
7eff3ce91000-7eff3d090000 ---p 0000d000 08:01 3540874                    /usr/lib/jvm/java-11-openjdk-amd64/lib/libverify.so
7eff3d090000-7eff3d092000 r--p 0000c000 08:01 3540874                    /usr/lib/jvm/java-11-openjdk-amd64/lib/libverify.so
7eff3d092000-7eff3d093000 rw-p 0000e000 08:01 3540874                    /usr/lib/jvm/java-11-openjdk-amd64/lib/libverify.so
7eff3d093000-7eff3d09a000 r-xp 00000000 08:01 1708825                    /lib/x86_64-linux-gnu/librt-2.27.so
7eff3d09a000-7eff3d299000 ---p 00007000 08:01 1708825                    /lib/x86_64-linux-gnu/librt-2.27.so
7eff3d299000-7eff3d29a000 r--p 00006000 08:01 1708825                    /lib/x86_64-linux-gnu/librt-2.27.so
7eff3d29a000-7eff3d29b000 rw-p 00007000 08:01 1708825                    /lib/x86_64-linux-gnu/librt-2.27.so
7eff3d29b000-7eff3d2b2000 r-xp 00000000 08:01 1709445                    /lib/x86_64-linux-gnu/libgcc_s.so.1
7eff3d2b2000-7eff3d4b1000 ---p 00017000 08:01 1709445                    /lib/x86_64-linux-gnu/libgcc_s.so.1
7eff3d4b1000-7eff3d4b2000 r--p 00016000 08:01 1709445                    /lib/x86_64-linux-gnu/libgcc_s.so.1
7eff3d4b2000-7eff3d4b3000 rw-p 00017000 08:01 1709445                    /lib/x86_64-linux-gnu/libgcc_s.so.1
7eff3d4b3000-7eff3d650000 r-xp 00000000 08:01 1708747                    /lib/x86_64-linux-gnu/libm-2.27.so
7eff3d650000-7eff3d84f000 ---p 0019d000 08:01 1708747                    /lib/x86_64-linux-gnu/libm-2.27.so
7eff3d84f000-7eff3d850000 r--p 0019c000 08:01 1708747                    /lib/x86_64-linux-gnu/libm-2.27.so
7eff3d850000-7eff3d851000 rw-p 0019d000 08:01 1708747                    /lib/x86_64-linux-gnu/libm-2.27.so
7eff3d851000-7eff3d9ca000 r-xp 00000000 08:01 1051552                    /usr/lib/x86_64-linux-gnu/libstdc++.so.6.0.25
7eff3d9ca000-7eff3dbca000 ---p 00179000 08:01 1051552                    /usr/lib/x86_64-linux-gnu/libstdc++.so.6.0.25
7eff3dbca000-7eff3dbd4000 r--p 00179000 08:01 1051552                    /usr/lib/x86_64-linux-gnu/libstdc++.so.6.0.25
7eff3dbd4000-7eff3dbd6000 rw-p 00183000 08:01 1051552                    /usr/lib/x86_64-linux-gnu/libstdc++.so.6.0.25
7eff3dbd6000-7eff3dbda000 rw-p 00000000 00:00 0 
7eff3dbda000-7eff3eca6000 r-xp 00000000 08:01 3540879                    /usr/lib/jvm/java-11-openjdk-amd64/lib/server/libjvm.so
7eff3eca6000-7eff3eea5000 ---p 010cc000 08:01 3540879                    /usr/lib/jvm/java-11-openjdk-amd64/lib/server/libjvm.so
7eff3eea5000-7eff3ef62000 r--p 010cb000 08:01 3540879                    /usr/lib/jvm/java-11-openjdk-amd64/lib/server/libjvm.so
7eff3ef62000-7eff3ef9b000 rw-p 01188000 08:01 3540879                    /usr/lib/jvm/java-11-openjdk-amd64/lib/server/libjvm.so
7eff3ef9b000-7eff3eff1000 rw-p 00000000 00:00 0 
7eff3eff1000-7eff3f00b000 r-xp 00000000 08:01 1708817                    /lib/x86_64-linux-gnu/libpthread-2.27.so
7eff3f00b000-7eff3f20a000 ---p 0001a000 08:01 1708817                    /lib/x86_64-linux-gnu/libpthread-2.27.so
7eff3f20a000-7eff3f20b000 r--p 00019000 08:01 1708817                    /lib/x86_64-linux-gnu/libpthread-2.27.so
7eff3f20b000-7eff3f20c000 rw-p 0001a000 08:01 1708817                    /lib/x86_64-linux-gnu/libpthread-2.27.so
7eff3f20c000-7eff3f210000 rw-p 00000000 00:00 0 
7eff3f210000-7eff3f213000 r-xp 00000000 08:01 1708707                    /lib/x86_64-linux-gnu/libdl-2.27.so
7eff3f213000-7eff3f412000 ---p 00003000 08:01 1708707                    /lib/x86_64-linux-gnu/libdl-2.27.so
7eff3f412000-7eff3f413000 r--p 00002000 08:01 1708707                    /lib/x86_64-linux-gnu/libdl-2.27.so
7eff3f413000-7eff3f414000 rw-p 00003000 08:01 1708707                    /lib/x86_64-linux-gnu/libdl-2.27.so
7eff3f414000-7eff3f430000 r-xp 00000000 08:01 1708856                    /lib/x86_64-linux-gnu/libz.so.1.2.11
7eff3f430000-7eff3f62f000 ---p 0001c000 08:01 1708856                    /lib/x86_64-linux-gnu/libz.so.1.2.11
7eff3f62f000-7eff3f630000 r--p 0001b000 08:01 1708856                    /lib/x86_64-linux-gnu/libz.so.1.2.11
7eff3f630000-7eff3f631000 rw-p 0001c000 08:01 1708856                    /lib/x86_64-linux-gnu/libz.so.1.2.11
7eff3f631000-7eff3f818000 r-xp 00000000 08:01 1708684                    /lib/x86_64-linux-gnu/libc-2.27.so
7eff3f818000-7eff3fa18000 ---p 001e7000 08:01 1708684                    /lib/x86_64-linux-gnu/libc-2.27.so
7eff3fa18000-7eff3fa1c000 r--p 001e7000 08:01 1708684                    /lib/x86_64-linux-gnu/libc-2.27.so
7eff3fa1c000-7eff3fa1e000 rw-p 001eb000 08:01 1708684                    /lib/x86_64-linux-gnu/libc-2.27.so
7eff3fa1e000-7eff3fa22000 rw-p 00000000 00:00 0 
7eff3fa22000-7eff3fa32000 r-xp 00000000 08:01 3540838                    /usr/lib/jvm/java-11-openjdk-amd64/lib/jli/libjli.so
7eff3fa32000-7eff3fc31000 ---p 00010000 08:01 3540838                    /usr/lib/jvm/java-11-openjdk-amd64/lib/jli/libjli.so
7eff3fc31000-7eff3fc32000 r--p 0000f000 08:01 3540838                    /usr/lib/jvm/java-11-openjdk-amd64/lib/jli/libjli.so
7eff3fc32000-7eff3fc33000 rw-p 00010000 08:01 3540838                    /usr/lib/jvm/java-11-openjdk-amd64/lib/jli/libjli.so
7eff3fc33000-7eff3fc5a000 r-xp 00000000 08:01 1708656                    /lib/x86_64-linux-gnu/ld-2.27.so
7eff3fc5f000-7eff3fd3c000 rw-p 00000000 00:00 0 
7eff3fd3c000-7eff3fd40000 ---p 00000000 00:00 0 
7eff3fd40000-7eff3fe3f000 rw-p 00000000 00:00 0 
7eff3fe40000-7eff3fe45000 rw-p 00000000 00:00 0 
7eff3fe45000-7eff3fe4c000 ---p 00000000 00:00 0 
7eff3fe4c000-7eff3fe4e000 r--s 00007000 08:01 1445236                    /usr/share/java/java-atk-wrapper.jar
7eff3fe4e000-7eff3fe56000 rw-s 00000000 08:01 919834                     /tmp/hsperfdata_root/2588
7eff3fe56000-7eff3fe57000 ---p 00000000 00:00 0 
7eff3fe57000-7eff3fe58000 r--p 00000000 00:00 0 
7eff3fe58000-7eff3fe5a000 rw-p 00000000 00:00 0 
7eff3fe5a000-7eff3fe5b000 r--p 00027000 08:01 1708656                    /lib/x86_64-linux-gnu/ld-2.27.so
7eff3fe5b000-7eff3fe5c000 rw-p 00028000 08:01 1708656                    /lib/x86_64-linux-gnu/ld-2.27.so
7eff3fe5c000-7eff3fe5d000 rw-p 00000000 00:00 0 
7ffc98cce000-7ffc98cef000 rw-p 00000000 00:00 0                          [stack]
7ffc98d4f000-7ffc98d52000 r--p 00000000 00:00 0                          [vvar]
7ffc98d52000-7ffc98d54000 r-xp 00000000 00:00 0                          [vdso]
ffffffffff600000-ffffffffff601000 r-xp 00000000 00:00 0                  [vsyscall]


VM Arguments:
jvm_args: -Dfile.encoding=UTF-8 -Duser.country=JP -Duser.language=ja -Duser.variant 
java_command: SimBlock.simulator.Main
java_class_path (initial): /home/hikaru-morita/simblock-0.7.0/simulator/build/classes/java/main:/home/hikaru-morita/simblock-0.7.0/simulator/build/resources/main:/home/hikaru-morita/simblock-0.7.0/simulator/src/dist/conf
Launcher Type: SUN_STANDARD

[Global flags]
     intx CICompilerCount                          = 3                                         {product} {ergonomic}
     uint ConcGCThreads                            = 1                                         {product} {ergonomic}
     uint G1ConcRefinementThreads                  = 4                                         {product} {ergonomic}
   size_t G1HeapRegionSize                         = 1048576                                   {product} {ergonomic}
    uintx GCDrainStackTargetSize                   = 64                                        {product} {ergonomic}
   size_t InitialHeapSize                          = 130023424                                 {product} {ergonomic}
   size_t MarkStackSize                            = 4194304                                   {product} {ergonomic}
   size_t MaxHeapSize                              = 2057306112                                {product} {ergonomic}
   size_t MaxNewSize                               = 1234173952                                {product} {ergonomic}
   size_t MinHeapDeltaBytes                        = 1048576                                   {product} {ergonomic}
    uintx NonNMethodCodeHeapSize                   = 5830092                                {pd product} {ergonomic}
    uintx NonProfiledCodeHeapSize                  = 122914074                              {pd product} {ergonomic}
    uintx ProfiledCodeHeapSize                     = 122914074                              {pd product} {ergonomic}
    uintx ReservedCodeCacheSize                    = 251658240                              {pd product} {ergonomic}
     bool SegmentedCodeCache                       = true                                      {product} {ergonomic}
     bool UseCompressedClassPointers               = true                                 {lp64_product} {ergonomic}
     bool UseCompressedOops                        = true                                 {lp64_product} {ergonomic}
     bool UseG1GC                                  = true                                      {product} {ergonomic}

Logging:
Log output configuration:
 #0: stdout all=warning uptime,level,tags
 #1: stderr all=off uptime,level,tags

Environment Variables:
PATH=/usr/local/sbin:/usr/local/bin:/usr/sbin:/usr/bin:/sbin:/bin:/snap/bin
USERNAME=root
SHELL=/bin/bash
DISPLAY=:0

Signal Handlers:
SIGSEGV: [libjvm.so+0xde5f50], sa_mask[0]=11111111011111111101111111111110, sa_flags=SA_RESTART|SA_SIGINFO
SIGBUS: [libjvm.so+0xde5f50], sa_mask[0]=11111111011111111101111111111110, sa_flags=SA_RESTART|SA_SIGINFO
SIGFPE: [libjvm.so+0xde5f50], sa_mask[0]=11111111011111111101111111111110, sa_flags=SA_RESTART|SA_SIGINFO
SIGPIPE: [libjvm.so+0xbba5b0], sa_mask[0]=11111111011111111101111111111110, sa_flags=SA_RESTART|SA_SIGINFO
SIGXFSZ: [libjvm.so+0xbba5b0], sa_mask[0]=11111111011111111101111111111110, sa_flags=SA_RESTART|SA_SIGINFO
SIGILL: [libjvm.so+0xde5f50], sa_mask[0]=11111111011111111101111111111110, sa_flags=SA_RESTART|SA_SIGINFO
SIGUSR2: [libjvm.so+0xbba450], sa_mask[0]=00100000000000000000000000000000, sa_flags=SA_RESTART|SA_SIGINFO
SIGHUP: [libjvm.so+0xbba7b0], sa_mask[0]=11111111011111111101111111111110, sa_flags=SA_RESTART|SA_SIGINFO
SIGINT: [libjvm.so+0xbba7b0], sa_mask[0]=11111111011111111101111111111110, sa_flags=SA_RESTART|SA_SIGINFO
SIGTERM: [libjvm.so+0xbba7b0], sa_mask[0]=11111111011111111101111111111110, sa_flags=SA_RESTART|SA_SIGINFO
SIGQUIT: [libjvm.so+0xbba7b0], sa_mask[0]=11111111011111111101111111111110, sa_flags=SA_RESTART|SA_SIGINFO


---------------  S Y S T E M  ---------------

OS:DISTRIB_ID=Ubuntu
DISTRIB_RELEASE=18.04
DISTRIB_CODENAME=bionic
DISTRIB_DESCRIPTION="Ubuntu 18.04.3 LTS"
uname:Linux 4.15.0-62-generic #69-Ubuntu SMP Wed Sep 4 20:55:53 UTC 2019 x86_64
libc:glibc 2.27 NPTL 2.27 
rlimit: STACK 8192k, CORE 0k, NPROC 31195, NOFILE 4096, AS infinity, DATA infinity, FSIZE infinity
load average:7.23 2.52 1.36

/proc/meminfo:
MemTotal:        8030316 kB
MemFree:          106632 kB
MemAvailable:      29448 kB
Buffers:            2860 kB
Cached:           628756 kB
SwapCached:         9272 kB
Active:          6051020 kB
Inactive:        1301812 kB
Active(anon):    6034076 kB
Inactive(anon):  1282112 kB
Active(file):      16944 kB
Inactive(file):    19700 kB
Unevictable:       13612 kB
Mlocked:           13612 kB
SwapTotal:       2097148 kB
SwapFree:              0 kB
Dirty:               132 kB
Writeback:             0 kB
AnonPages:       6729612 kB
Mapped:           397216 kB
Shmem:            581140 kB
Slab:             259060 kB
SReclaimable:      89024 kB
SUnreclaim:       170036 kB
KernelStack:       38896 kB
PageTables:       134460 kB
NFS_Unstable:          0 kB
Bounce:                0 kB
WritebackTmp:          0 kB
CommitLimit:     6112304 kB
Committed_AS:   29067788 kB
VmallocTotal:   34359738367 kB
VmallocUsed:           0 kB
VmallocChunk:          0 kB
HardwareCorrupted:     0 kB
AnonHugePages:         0 kB
ShmemHugePages:        0 kB
ShmemPmdMapped:        0 kB
CmaTotal:              0 kB
CmaFree:               0 kB
HugePages_Total:       0
HugePages_Free:        0
HugePages_Rsvd:        0
HugePages_Surp:        0
Hugepagesize:       2048 kB
DirectMap4k:     1176504 kB
DirectMap2M:     7073792 kB
DirectMap1G:           0 kB


/proc/sys/kernel/threads-max (system-wide limit on the number of threads):
62390


/proc/sys/vm/max_map_count (maximum number of memory map areas a process may have):
65530


/proc/sys/kernel/pid_max (system-wide limit on number of process identifiers):
32768



container (cgroup) information:
container_type: cgroupv1
cpu_cpuset_cpus: 0-3
cpu_memory_nodes: 0
active_processor_count: 4
cpu_quota: -1
cpu_period: 100000
cpu_shares: -1
memory_limit_in_bytes: -1
memory_and_swap_limit_in_bytes: -2
memory_soft_limit_in_bytes: -1
memory_usage_in_bytes: 3972665344
memory_max_usage_in_bytes: 3976298496

Steal ticks since vm start: 0
Steal ticks percentage since vm start:  0.000

CPU:total 4 (initial active 4) (4 cores per cpu, 1 threads per core) family 6 model 94 stepping 3, cmov, cx8, fxsr, mmx, sse, sse2, sse3, ssse3, sse4.1, sse4.2, popcnt, avx, avx2, aes, clmul, erms, rtm, 3dnowpref, lzcnt, tsc, tscinvbit, bmi1, bmi2, adx, fma
CPU Model and flags from /proc/cpuinfo:
model name	: Intel(R) Core(TM) i5-6500 CPU @ 3.20GHz
flags		: fpu vme de pse tsc msr pae mce cx8 apic sep mtrr pge mca cmov pat pse36 clflush dts acpi mmx fxsr sse sse2 ss ht tm pbe syscall nx pdpe1gb rdtscp lm constant_tsc art arch_perfmon pebs bts rep_good nopl xtopology nonstop_tsc cpuid aperfmperf tsc_known_freq pni pclmulqdq dtes64 monitor ds_cpl vmx smx est tm2 ssse3 sdbg fma cx16 xtpr pdcm pcid sse4_1 sse4_2 x2apic movbe popcnt tsc_deadline_timer aes xsave avx f16c rdrand lahf_lm abm 3dnowprefetch cpuid_fault invpcid_single pti ssbd ibrs ibpb stibp tpr_shadow vnmi flexpriority ept vpid fsgsbase tsc_adjust bmi1 hle avx2 smep bmi2 erms invpcid rtm mpx rdseed adx smap clflushopt intel_pt xsaveopt xsavec xgetbv1 xsaves dtherm ida arat pln pts hwp hwp_notify hwp_act_window hwp_epp md_clear flush_l1d

Memory: 4k page, physical 8030316k(108196k free), swap 2097148k(0k free)

vm_info: OpenJDK 64-Bit Server VM (11.0.4+11-post-Ubuntu-1ubuntu218.04.3) for linux-amd64 JRE (11.0.4+11-post-Ubuntu-1ubuntu218.04.3), built on Jul 18 2019 18:21:46 by "buildd" with gcc 7.4.0

END.
